<?xml version="1.0" encoding="UTF-8"?>
<coverage generated="1604597702563" clover="3.2.0">
  <project timestamp="1604597702563" name="All files">
    <metrics statements="755" coveredstatements="718" conditionals="591" coveredconditionals="447" methods="154" coveredmethods="149" elements="1500" coveredelements="1314" complexity="0" loc="755" ncloc="755" packages="9" files="35" classes="35"/>
    <package name="react-redux-just">
      <metrics statements="8" coveredstatements="8" conditionals="7" coveredconditionals="5" methods="1" coveredmethods="1"/>
      <file name="index.js" path="/Volumes/work/github/react-redux-just/index.js">
        <metrics statements="8" coveredstatements="8" conditionals="7" coveredconditionals="5" methods="1" coveredmethods="1"/>
        <line num="1" count="4" type="cond" truecount="2" falsecount="1"/>
        <line num="2" count="8" type="cond" truecount="3" falsecount="1"/>
        <line num="4" count="4" type="stmt"/>
        <line num="5" count="4" type="stmt"/>
        <line num="6" count="4" type="stmt"/>
        <line num="7" count="4" type="stmt"/>
        <line num="8" count="4" type="stmt"/>
        <line num="9" count="4" type="stmt"/>
      </file>
    </package>
    <package name="react-redux-just.lib.components">
      <metrics statements="35" coveredstatements="35" conditionals="15" coveredconditionals="12" methods="17" coveredmethods="17"/>
      <file name="interim.js" path="/Volumes/work/github/react-redux-just/lib/components/interim.js">
        <metrics statements="25" coveredstatements="25" conditionals="8" coveredconditionals="7" methods="12" coveredmethods="12"/>
        <line num="1" count="4" type="cond" truecount="2" falsecount="1"/>
        <line num="2" count="8" type="cond" truecount="4" falsecount="0"/>
        <line num="4" count="4" type="stmt"/>
        <line num="5" count="4" type="stmt"/>
        <line num="6" count="4" type="stmt"/>
        <line num="7" count="6" type="cond" truecount="1" falsecount="0"/>
        <line num="8" count="29" type="stmt"/>
        <line num="9" count="29" type="stmt"/>
        <line num="10" count="11" type="stmt"/>
        <line num="11" count="11" type="stmt"/>
        <line num="12" count="11" type="stmt"/>
        <line num="13" count="2" type="stmt"/>
        <line num="14" count="2" type="stmt"/>
        <line num="15" count="2" type="stmt"/>
        <line num="16" count="2" type="stmt"/>
        <line num="17" count="2" type="stmt"/>
        <line num="19" count="1" type="stmt"/>
        <line num="20" count="1" type="stmt"/>
        <line num="22" count="1" type="stmt"/>
        <line num="25" count="2" type="stmt"/>
        <line num="26" count="2" type="stmt"/>
        <line num="27" count="2" type="stmt"/>
        <line num="30" count="29" type="stmt"/>
        <line num="31" count="7" type="stmt"/>
        <line num="33" count="29" type="stmt"/>
      </file>
      <file name="with-service-store.js" path="/Volumes/work/github/react-redux-just/lib/components/with-service-store.js">
        <metrics statements="10" coveredstatements="10" conditionals="7" coveredconditionals="5" methods="5" coveredmethods="5"/>
        <line num="1" count="4" type="cond" truecount="2" falsecount="1"/>
        <line num="2" count="4" type="cond" truecount="3" falsecount="1"/>
        <line num="4" count="4" type="stmt"/>
        <line num="5" count="4" type="stmt"/>
        <line num="6" count="4" type="stmt"/>
        <line num="7" count="6" type="stmt"/>
        <line num="8" count="6" type="stmt"/>
        <line num="9" count="11" type="stmt"/>
        <line num="10" count="11" type="stmt"/>
        <line num="14" count="4" type="stmt"/>
      </file>
    </package>
    <package name="react-redux-just.lib.connect">
      <metrics statements="18" coveredstatements="18" conditionals="12" coveredconditionals="8" methods="2" coveredmethods="2"/>
      <file name="index.js" path="/Volumes/work/github/react-redux-just/lib/connect/index.js">
        <metrics statements="18" coveredstatements="18" conditionals="12" coveredconditionals="8" methods="2" coveredmethods="2"/>
        <line num="1" count="4" type="cond" truecount="2" falsecount="1"/>
        <line num="2" count="20" type="cond" truecount="3" falsecount="1"/>
        <line num="4" count="4" type="stmt"/>
        <line num="5" count="4" type="stmt"/>
        <line num="6" count="4" type="stmt"/>
        <line num="7" count="4" type="stmt"/>
        <line num="8" count="4" type="stmt"/>
        <line num="9" count="4" type="stmt"/>
        <line num="10" count="4" type="stmt"/>
        <line num="11" count="4" type="stmt"/>
        <line num="12" count="4" type="stmt"/>
        <line num="13" count="4" type="stmt"/>
        <line num="15" count="6" type="cond" truecount="1" falsecount="0"/>
        <line num="16" count="6" type="stmt"/>
        <line num="17" count="6" type="stmt"/>
        <line num="23" count="6" type="stmt"/>
        <line num="24" count="6" type="cond" truecount="1" falsecount="1"/>
        <line num="26" count="4" type="stmt"/>
      </file>
    </package>
    <package name="react-redux-just.lib.connect.create-map-state-to-props">
      <metrics statements="196" coveredstatements="186" conditionals="155" coveredconditionals="126" methods="28" coveredmethods="28"/>
      <file name="constant.js" path="/Volumes/work/github/react-redux-just/lib/connect/create-map-state-to-props/constant.js">
        <metrics statements="6" coveredstatements="6" conditionals="0" coveredconditionals="0" methods="0" coveredmethods="0"/>
        <line num="1" count="6" type="stmt"/>
        <line num="2" count="6" type="stmt"/>
        <line num="3" count="6" type="stmt"/>
        <line num="4" count="6" type="stmt"/>
        <line num="5" count="6" type="stmt"/>
        <line num="6" count="6" type="stmt"/>
      </file>
      <file name="converter.js" path="/Volumes/work/github/react-redux-just/lib/connect/create-map-state-to-props/converter.js">
        <metrics statements="32" coveredstatements="32" conditionals="20" coveredconditionals="17" methods="5" coveredmethods="5"/>
        <line num="1" count="5" type="cond" truecount="2" falsecount="1"/>
        <line num="2" count="5" type="cond" truecount="3" falsecount="1"/>
        <line num="4" count="5" type="stmt"/>
        <line num="5" count="5" type="stmt"/>
        <line num="6" count="5" type="stmt"/>
        <line num="7" count="5" type="stmt"/>
        <line num="8" count="9" type="stmt"/>
        <line num="9" count="9" type="stmt"/>
        <line num="10" count="9" type="cond" truecount="2" falsecount="0"/>
        <line num="11" count="6" type="stmt"/>
        <line num="12" count="6" type="stmt"/>
        <line num="14" count="3" type="stmt"/>
        <line num="15" count="3" type="stmt"/>
        <line num="16" count="6" type="cond" truecount="2" falsecount="0"/>
        <line num="17" count="3" type="stmt"/>
        <line num="18" count="3" type="stmt"/>
        <line num="21" count="3" type="cond" truecount="1" falsecount="1"/>
        <line num="22" count="6" type="stmt"/>
        <line num="24" count="3" type="stmt"/>
        <line num="26" count="5" type="stmt"/>
        <line num="27" count="11" type="stmt"/>
        <line num="28" count="11" type="cond" truecount="3" falsecount="0"/>
        <line num="30" count="7" type="stmt"/>
        <line num="32" count="1" type="stmt"/>
        <line num="33" count="1" type="stmt"/>
        <line num="34" count="3" type="cond" truecount="2" falsecount="0"/>
        <line num="35" count="2" type="stmt"/>
        <line num="36" count="3" type="cond" truecount="2" falsecount="0"/>
        <line num="37" count="1" type="stmt"/>
        <line num="38" count="3" type="stmt"/>
        <line num="40" count="1" type="stmt"/>
        <line num="42" count="3" type="stmt"/>
      </file>
      <file name="create-map-state-to-props.js" path="/Volumes/work/github/react-redux-just/lib/connect/create-map-state-to-props/create-map-state-to-props.js">
        <metrics statements="50" coveredstatements="45" conditionals="39" coveredconditionals="30" methods="3" coveredmethods="3"/>
        <line num="1" count="5" type="cond" truecount="2" falsecount="1"/>
        <line num="2" count="10" type="cond" truecount="3" falsecount="1"/>
        <line num="4" count="5" type="stmt"/>
        <line num="5" count="5" type="stmt"/>
        <line num="6" count="5" type="stmt"/>
        <line num="7" count="5" type="stmt"/>
        <line num="8" count="5" type="stmt"/>
        <line num="9" count="5" type="stmt"/>
        <line num="10" count="5" type="cond" truecount="1" falsecount="0"/>
        <line num="11" count="26" type="stmt"/>
        <line num="12" count="26" type="cond" truecount="1" falsecount="0"/>
        <line num="13" count="76" type="stmt"/>
        <line num="14" count="76" type="stmt"/>
        <line num="15" count="76" type="stmt"/>
        <line num="16" count="76" type="cond" truecount="4" falsecount="1"/>
        <line num="19" count="46" type="cond" truecount="4" falsecount="0"/>
        <line num="20" count="32" type="stmt"/>
        <line num="21" count="32" type="cond" truecount="4" falsecount="1"/>
        <line num="22" count="32" type="cond" truecount="1" falsecount="1"/>
        <line num="24" count="0" type="stmt"/>
        <line num="27" count="14" type="cond" truecount="1" falsecount="1"/>
        <line num="28" count="14" type="stmt"/>
        <line num="29" count="14" type="stmt"/>
        <line num="30" count="14" type="stmt"/>
        <line num="31" count="14" type="cond" truecount="1" falsecount="1"/>
        <line num="34" count="0" type="stmt"/>
        <line num="36" count="46" type="stmt"/>
        <line num="38" count="20" type="stmt"/>
        <line num="39" count="20" type="cond" truecount="2" falsecount="0"/>
        <line num="40" count="1" type="stmt"/>
        <line num="41" count="19" type="cond" truecount="2" falsecount="0"/>
        <line num="42" count="12" type="cond" truecount="1" falsecount="1"/>
        <line num="43" count="0" type="stmt"/>
        <line num="44" count="12" type="stmt"/>
        <line num="47" count="7" type="stmt"/>
        <line num="48" count="7" type="stmt"/>
        <line num="50" count="20" type="stmt"/>
        <line num="52" count="10" type="stmt"/>
        <line num="53" count="10" type="stmt"/>
        <line num="54" count="10" type="cond" truecount="1" falsecount="1"/>
        <line num="55" count="0" type="stmt"/>
        <line num="57" count="10" type="cond" truecount="2" falsecount="0"/>
        <line num="58" count="3" type="stmt"/>
        <line num="59" count="3" type="stmt"/>
        <line num="62" count="7" type="stmt"/>
        <line num="64" count="10" type="stmt"/>
        <line num="65" count="0" type="stmt"/>
        <line num="67" count="76" type="stmt"/>
        <line num="69" count="26" type="stmt"/>
        <line num="71" count="5" type="stmt"/>
      </file>
      <file name="index.js" path="/Volumes/work/github/react-redux-just/lib/connect/create-map-state-to-props/index.js">
        <metrics statements="25" coveredstatements="24" conditionals="19" coveredconditionals="15" methods="6" coveredmethods="6"/>
        <line num="1" count="4" type="cond" truecount="2" falsecount="1"/>
        <line num="2" count="12" type="cond" truecount="3" falsecount="1"/>
        <line num="4" count="4" type="stmt"/>
        <line num="5" count="4" type="stmt"/>
        <line num="6" count="4" type="stmt"/>
        <line num="7" count="4" type="stmt"/>
        <line num="8" count="4" type="stmt"/>
        <line num="9" count="4" type="stmt"/>
        <line num="10" count="4" type="stmt"/>
        <line num="11" count="11" type="cond" truecount="2" falsecount="0"/>
        <line num="12" count="11" type="cond" truecount="2" falsecount="0"/>
        <line num="13" count="11" type="stmt"/>
        <line num="18" count="4" type="stmt"/>
        <line num="19" count="6" type="stmt"/>
        <line num="20" count="6" type="stmt"/>
        <line num="21" count="6" type="cond" truecount="2" falsecount="0"/>
        <line num="22" count="1" type="stmt"/>
        <line num="23" count="2" type="cond" truecount="1" falsecount="1"/>
        <line num="25" count="5" type="stmt"/>
        <line num="26" count="5" type="cond" truecount="3" falsecount="1"/>
        <line num="27" count="5" type="stmt"/>
        <line num="28" count="24" type="stmt"/>
        <line num="30" count="9" type="stmt"/>
        <line num="31" count="9" type="stmt"/>
        <line num="35" count="0" type="stmt"/>
      </file>
      <file name="utils.js" path="/Volumes/work/github/react-redux-just/lib/connect/create-map-state-to-props/utils.js">
        <metrics statements="83" coveredstatements="79" conditionals="77" coveredconditionals="64" methods="14" coveredmethods="14"/>
        <line num="1" count="6" type="cond" truecount="2" falsecount="1"/>
        <line num="2" count="24" type="cond" truecount="3" falsecount="1"/>
        <line num="4" count="6" type="stmt"/>
        <line num="5" count="6" type="stmt"/>
        <line num="6" count="6" type="stmt"/>
        <line num="7" count="6" type="stmt"/>
        <line num="8" count="6" type="stmt"/>
        <line num="9" count="6" type="stmt"/>
        <line num="10" count="6" type="stmt"/>
        <line num="11" count="6" type="stmt"/>
        <line num="13" count="18" type="stmt"/>
        <line num="14" count="31" type="cond" truecount="1" falsecount="1"/>
        <line num="15" count="31" type="stmt"/>
        <line num="16" count="31" type="stmt"/>
        <line num="20" count="40" type="stmt"/>
        <line num="21" count="40" type="stmt"/>
        <line num="22" count="40" type="cond" truecount="2" falsecount="0"/>
        <line num="23" count="20" type="stmt"/>
        <line num="24" count="20" type="stmt"/>
        <line num="27" count="20" type="cond" truecount="1" falsecount="0"/>
        <line num="28" count="20" type="cond" truecount="1" falsecount="3"/>
        <line num="29" count="20" type="stmt"/>
        <line num="31" count="56" type="cond" truecount="6" falsecount="0"/>
        <line num="32" count="23" type="cond" truecount="4" falsecount="0"/>
        <line num="34" count="6" type="cond" truecount="1" falsecount="0"/>
        <line num="35" count="72" type="stmt"/>
        <line num="36" count="130" type="stmt"/>
        <line num="37" count="130" type="cond" truecount="4" falsecount="1"/>
        <line num="39" count="25" type="stmt"/>
        <line num="40" count="25" type="stmt"/>
        <line num="42" count="18" type="cond" truecount="1" falsecount="1"/>
        <line num="43" count="0" type="stmt"/>
        <line num="45" count="18" type="stmt"/>
        <line num="46" count="18" type="stmt"/>
        <line num="48" count="71" type="stmt"/>
        <line num="49" count="71" type="cond" truecount="2" falsecount="0"/>
        <line num="50" count="16" type="cond" truecount="1" falsecount="1"/>
        <line num="51" count="0" type="stmt"/>
        <line num="53" count="16" type="stmt"/>
        <line num="56" count="55" type="cond" truecount="2" falsecount="0"/>
        <line num="57" count="20" type="cond" truecount="1" falsecount="1"/>
        <line num="58" count="20" type="stmt"/>
        <line num="61" count="35" type="stmt"/>
        <line num="63" count="71" type="stmt"/>
        <line num="65" count="16" type="stmt"/>
        <line num="66" count="16" type="stmt"/>
        <line num="67" count="0" type="stmt"/>
        <line num="71" count="6" type="cond" truecount="3" falsecount="0"/>
        <line num="72" count="56" type="stmt"/>
        <line num="73" count="168" type="stmt"/>
        <line num="74" count="56" type="cond" truecount="2" falsecount="0"/>
        <line num="75" count="33" type="stmt"/>
        <line num="76" count="23" type="stmt"/>
        <line num="77" count="23" type="stmt"/>
        <line num="78" count="243" type="cond" truecount="4" falsecount="0"/>
        <line num="79" count="11" type="stmt"/>
        <line num="81" count="232" type="stmt"/>
        <line num="82" count="23" type="cond" truecount="2" falsecount="0"/>
        <line num="83" count="11" type="stmt"/>
        <line num="84" count="23" type="stmt"/>
        <line num="85" count="23" type="cond" truecount="2" falsecount="0"/>
        <line num="86" count="7" type="stmt"/>
        <line num="87" count="23" type="stmt"/>
        <line num="88" count="23" type="cond" truecount="4" falsecount="0"/>
        <line num="89" count="5" type="stmt"/>
        <line num="90" count="23" type="cond" truecount="2" falsecount="0"/>
        <line num="91" count="11" type="cond" truecount="1" falsecount="1"/>
        <line num="92" count="23" type="stmt"/>
        <line num="93" count="23" type="cond" truecount="4" falsecount="0"/>
        <line num="94" count="18" type="stmt"/>
        <line num="95" count="24" type="cond" truecount="2" falsecount="0"/>
        <line num="96" count="23" type="cond" truecount="2" falsecount="0"/>
        <line num="97" count="23" type="stmt"/>
        <line num="99" count="6" type="stmt"/>
        <line num="100" count="125" type="cond" truecount="1" falsecount="1"/>
        <line num="101" count="125" type="stmt"/>
        <line num="102" count="125" type="cond" truecount="2" falsecount="0"/>
        <line num="103" count="3" type="stmt"/>
        <line num="106" count="0" type="stmt"/>
        <line num="108" count="6" type="stmt"/>
        <line num="109" count="3" type="cond" truecount="1" falsecount="1"/>
        <line num="110" count="3" type="stmt"/>
        <line num="111" count="3" type="stmt"/>
      </file>
    </package>
    <package name="react-redux-just.lib.connect.create-map-state-to-props.create-map-dispatch-props">
      <metrics statements="116" coveredstatements="107" conditionals="100" coveredconditionals="66" methods="21" coveredmethods="19"/>
      <file name="create-callback.js" path="/Volumes/work/github/react-redux-just/lib/connect/create-map-state-to-props/create-map-dispatch-props/create-callback.js">
        <metrics statements="20" coveredstatements="20" conditionals="16" coveredconditionals="13" methods="4" coveredmethods="4"/>
        <line num="1" count="5" type="cond" truecount="2" falsecount="1"/>
        <line num="2" count="10" type="cond" truecount="3" falsecount="1"/>
        <line num="4" count="5" type="stmt"/>
        <line num="5" count="5" type="stmt"/>
        <line num="6" count="5" type="stmt"/>
        <line num="7" count="5" type="stmt"/>
        <line num="8" count="31" type="cond" truecount="1" falsecount="0"/>
        <line num="9" count="14" type="stmt"/>
        <line num="10" count="14" type="cond" truecount="1" falsecount="1"/>
        <line num="11" count="14" type="stmt"/>
        <line num="12" count="14" type="stmt"/>
        <line num="13" count="14" type="cond" truecount="2" falsecount="0"/>
        <line num="14" count="2" type="stmt"/>
        <line num="15" count="14" type="cond" truecount="2" falsecount="0"/>
        <line num="16" count="2" type="stmt"/>
        <line num="17" count="14" type="cond" truecount="2" falsecount="0"/>
        <line num="18" count="12" type="stmt"/>
        <line num="19" count="2" type="stmt"/>
        <line num="20" count="2" type="stmt"/>
        <line num="21" count="2" type="stmt"/>
      </file>
      <file name="create-name.js" path="/Volumes/work/github/react-redux-just/lib/connect/create-map-state-to-props/create-map-dispatch-props/create-name.js">
        <metrics statements="11" coveredstatements="7" conditionals="25" coveredconditionals="5" methods="4" coveredmethods="3"/>
        <line num="1" count="5" type="cond" truecount="2" falsecount="1"/>
        <line num="2" count="5" type="cond" truecount="3" falsecount="1"/>
        <line num="4" count="5" type="stmt"/>
        <line num="5" count="5" type="stmt"/>
        <line num="6" count="5" type="stmt"/>
        <line num="7" count="31" type="stmt"/>
        <line num="9" count="0" type="cond" truecount="0" falsecount="4"/>
        <line num="10" count="0" type="cond" truecount="0" falsecount="4"/>
        <line num="11" count="0" type="cond" truecount="0" falsecount="2"/>
        <line num="12" count="0" type="cond" truecount="0" falsecount="4"/>
        <line num="14" count="31" type="stmt"/>
      </file>
      <file name="create-state.js" path="/Volumes/work/github/react-redux-just/lib/connect/create-map-state-to-props/create-map-dispatch-props/create-state.js">
        <metrics statements="33" coveredstatements="30" conditionals="28" coveredconditionals="23" methods="7" coveredmethods="7"/>
        <line num="1" count="5" type="stmt"/>
        <line num="2" count="5" type="stmt"/>
        <line num="3" count="10" type="cond" truecount="1" falsecount="0"/>
        <line num="4" count="31" type="cond" truecount="5" falsecount="0"/>
        <line num="5" count="13" type="stmt"/>
        <line num="6" count="13" type="cond" truecount="2" falsecount="0"/>
        <line num="7" count="13" type="stmt"/>
        <line num="8" count="13" type="cond" truecount="2" falsecount="0"/>
        <line num="9" count="2" type="stmt"/>
        <line num="10" count="11" type="cond" truecount="2" falsecount="0"/>
        <line num="11" count="2" type="stmt"/>
        <line num="12" count="9" type="cond" truecount="2" falsecount="0"/>
        <line num="13" count="2" type="cond" truecount="1" falsecount="1"/>
        <line num="14" count="7" type="stmt"/>
        <line num="15" count="7" type="stmt"/>
        <line num="16" count="10" type="cond" truecount="2" falsecount="0"/>
        <line num="17" count="7" type="stmt"/>
        <line num="19" count="3" type="cond" truecount="1" falsecount="1"/>
        <line num="20" count="10" type="stmt"/>
        <line num="22" count="7" type="cond" truecount="1" falsecount="1"/>
        <line num="23" count="0" type="stmt"/>
        <line num="24" count="7" type="cond" truecount="1" falsecount="1"/>
        <line num="25" count="0" type="stmt"/>
        <line num="26" count="7" type="cond" truecount="1" falsecount="1"/>
        <line num="27" count="0" type="stmt"/>
        <line num="28" count="7" type="cond" truecount="2" falsecount="0"/>
        <line num="30" count="31" type="stmt"/>
        <line num="31" count="2" type="stmt"/>
        <line num="33" count="31" type="stmt"/>
        <line num="34" count="2" type="stmt"/>
        <line num="36" count="31" type="stmt"/>
        <line num="37" count="2" type="stmt"/>
        <line num="39" count="31" type="stmt"/>
      </file>
      <file name="index.js" path="/Volumes/work/github/react-redux-just/lib/connect/create-map-state-to-props/create-map-dispatch-props/index.js">
        <metrics statements="52" coveredstatements="50" conditionals="31" coveredconditionals="25" methods="6" coveredmethods="5"/>
        <line num="1" count="5" type="cond" truecount="2" falsecount="1"/>
        <line num="2" count="25" type="cond" truecount="3" falsecount="1"/>
        <line num="4" count="5" type="stmt"/>
        <line num="5" count="5" type="stmt"/>
        <line num="6" count="5" type="stmt"/>
        <line num="7" count="5" type="stmt"/>
        <line num="8" count="5" type="stmt"/>
        <line num="9" count="5" type="stmt"/>
        <line num="10" count="5" type="stmt"/>
        <line num="11" count="5" type="stmt"/>
        <line num="12" count="5" type="stmt"/>
        <line num="13" count="5" type="cond" truecount="1" falsecount="0"/>
        <line num="14" count="68" type="stmt"/>
        <line num="15" count="11" type="stmt"/>
        <line num="17" count="11" type="cond" truecount="1" falsecount="0"/>
        <line num="18" count="32" type="stmt"/>
        <line num="19" count="32" type="stmt"/>
        <line num="20" count="32" type="stmt"/>
        <line num="21" count="32" type="cond" truecount="4" falsecount="1"/>
        <line num="24" count="15" type="stmt"/>
        <line num="25" count="15" type="cond" truecount="5" falsecount="0"/>
        <line num="26" count="5" type="cond" truecount="2" falsecount="0"/>
        <line num="27" count="15" type="cond" truecount="2" falsecount="0"/>
        <line num="28" count="1" type="cond" truecount="1" falsecount="1"/>
        <line num="30" count="15" type="cond" truecount="1" falsecount="1"/>
        <line num="31" count="15" type="stmt"/>
        <line num="32" count="15" type="stmt"/>
        <line num="33" count="15" type="stmt"/>
        <line num="34" count="15" type="stmt"/>
        <line num="36" count="15" type="stmt"/>
        <line num="38" count="11" type="stmt"/>
        <line num="39" count="11" type="cond" truecount="2" falsecount="0"/>
        <line num="40" count="1" type="stmt"/>
        <line num="42" count="10" type="stmt"/>
        <line num="43" count="10" type="stmt"/>
        <line num="44" count="10" type="stmt"/>
        <line num="45" count="10" type="stmt"/>
        <line num="47" count="11" type="stmt"/>
        <line num="49" count="6" type="stmt"/>
        <line num="50" count="6" type="cond" truecount="1" falsecount="1"/>
        <line num="51" count="0" type="stmt"/>
        <line num="53" count="6" type="stmt"/>
        <line num="54" count="6" type="stmt"/>
        <line num="55" count="6" type="stmt"/>
        <line num="56" count="6" type="stmt"/>
        <line num="58" count="6" type="stmt"/>
        <line num="59" count="0" type="stmt"/>
        <line num="61" count="32" type="stmt"/>
        <line num="63" count="11" type="stmt"/>
        <line num="64" count="11" type="stmt"/>
        <line num="65" count="11" type="stmt"/>
        <line num="67" count="5" type="stmt"/>
      </file>
    </package>
    <package name="react-redux-just.lib.store">
      <metrics statements="60" coveredstatements="55" conditionals="60" coveredconditionals="38" methods="15" coveredmethods="13"/>
      <file name="index.js" path="/Volumes/work/github/react-redux-just/lib/store/index.js">
        <metrics statements="5" coveredstatements="5" conditionals="7" coveredconditionals="5" methods="1" coveredmethods="1"/>
        <line num="1" count="4" type="cond" truecount="2" falsecount="1"/>
        <line num="2" count="4" type="cond" truecount="3" falsecount="1"/>
        <line num="4" count="4" type="stmt"/>
        <line num="5" count="4" type="stmt"/>
        <line num="6" count="4" type="stmt"/>
      </file>
      <file name="provider.js" path="/Volumes/work/github/react-redux-just/lib/store/provider.js">
        <metrics statements="30" coveredstatements="27" conditionals="35" coveredconditionals="22" methods="8" coveredmethods="6"/>
        <line num="1" count="4" type="cond" truecount="3" falsecount="2"/>
        <line num="2" count="112" type="cond" truecount="1" falsecount="1"/>
        <line num="3" count="112" type="stmt"/>
        <line num="5" count="0" type="cond" truecount="0" falsecount="2"/>
        <line num="6" count="0" type="stmt"/>
        <line num="8" count="4" type="cond" truecount="3" falsecount="2"/>
        <line num="9" count="4" type="stmt"/>
        <line num="11" count="0" type="stmt"/>
        <line num="13" count="4" type="cond" truecount="2" falsecount="1"/>
        <line num="14" count="4" type="cond" truecount="3" falsecount="1"/>
        <line num="15" count="4" type="stmt"/>
        <line num="16" count="112" type="cond" truecount="4" falsecount="2"/>
        <line num="17" count="4" type="stmt"/>
        <line num="18" count="4" type="stmt"/>
        <line num="20" count="4" type="cond" truecount="2" falsecount="1"/>
        <line num="21" count="4" type="cond" truecount="3" falsecount="1"/>
        <line num="23" count="4" type="stmt"/>
        <line num="24" count="4" type="stmt"/>
        <line num="25" count="4" type="stmt"/>
        <line num="26" count="4" type="stmt"/>
        <line num="27" count="4" type="stmt"/>
        <line num="28" count="4" type="stmt"/>
        <line num="29" count="4" type="stmt"/>
        <line num="30" count="4" type="stmt"/>
        <line num="31" count="4" type="stmt"/>
        <line num="32" count="4" type="stmt"/>
        <line num="33" count="4" type="cond" truecount="1" falsecount="0"/>
        <line num="34" count="11" type="stmt"/>
        <line num="35" count="11" type="stmt"/>
        <line num="40" count="4" type="stmt"/>
      </file>
      <file name="service.js" path="/Volumes/work/github/react-redux-just/lib/store/service.js">
        <metrics statements="5" coveredstatements="5" conditionals="0" coveredconditionals="0" methods="0" coveredmethods="0"/>
        <line num="1" count="6" type="stmt"/>
        <line num="2" count="6" type="stmt"/>
        <line num="3" count="6" type="stmt"/>
        <line num="8" count="6" type="stmt"/>
        <line num="9" count="6" type="stmt"/>
      </file>
      <file name="store.js" path="/Volumes/work/github/react-redux-just/lib/store/store.js">
        <metrics statements="20" coveredstatements="18" conditionals="18" coveredconditionals="11" methods="6" coveredmethods="6"/>
        <line num="1" count="4" type="cond" truecount="2" falsecount="1"/>
        <line num="2" count="8" type="cond" truecount="3" falsecount="1"/>
        <line num="4" count="4" type="stmt"/>
        <line num="5" count="4" type="stmt"/>
        <line num="6" count="4" type="stmt"/>
        <line num="7" count="4" type="stmt"/>
        <line num="8" count="4" type="stmt"/>
        <line num="9" count="11" type="stmt"/>
        <line num="10" count="22" type="cond" truecount="1" falsecount="1"/>
        <line num="11" count="0" type="stmt"/>
        <line num="12" count="22" type="stmt"/>
        <line num="14" count="4" type="stmt"/>
        <line num="15" count="4" type="stmt"/>
        <line num="16" count="11" type="cond" truecount="1" falsecount="1"/>
        <line num="17" count="0" type="stmt"/>
        <line num="18" count="11" type="cond" truecount="1" falsecount="3"/>
        <line num="20" count="4" type="cond" truecount="2" falsecount="0"/>
        <line num="21" count="11" type="cond" truecount="1" falsecount="0"/>
        <line num="22" count="11" type="stmt"/>
        <line num="24" count="4" type="stmt"/>
      </file>
    </package>
    <package name="react-redux-just.lib.store.actions">
      <metrics statements="31" coveredstatements="31" conditionals="0" coveredconditionals="0" methods="12" coveredmethods="12"/>
      <file name="index.js" path="/Volumes/work/github/react-redux-just/lib/store/actions/index.js">
        <metrics statements="21" coveredstatements="21" conditionals="0" coveredconditionals="0" methods="12" coveredmethods="12"/>
        <line num="1" count="7" type="stmt"/>
        <line num="2" count="7" type="stmt"/>
        <line num="3" count="7" type="stmt"/>
        <line num="4" count="47" type="stmt"/>
        <line num="5" count="25" type="stmt"/>
        <line num="6" count="21" type="stmt"/>
        <line num="7" count="27" type="stmt"/>
        <line num="8" count="19" type="stmt"/>
        <line num="9" count="17" type="stmt"/>
        <line num="10" count="7" type="stmt"/>
        <line num="11" count="23" type="stmt"/>
        <line num="17" count="7" type="stmt"/>
        <line num="18" count="2" type="stmt"/>
        <line num="25" count="7" type="stmt"/>
        <line num="26" count="2" type="stmt"/>
        <line num="32" count="7" type="stmt"/>
        <line num="33" count="2" type="stmt"/>
        <line num="39" count="7" type="stmt"/>
        <line num="40" count="2" type="stmt"/>
        <line num="47" count="7" type="stmt"/>
        <line num="48" count="6" type="stmt"/>
      </file>
      <file name="type.js" path="/Volumes/work/github/react-redux-just/lib/store/actions/type.js">
        <metrics statements="10" coveredstatements="10" conditionals="0" coveredconditionals="0" methods="0" coveredmethods="0"/>
        <line num="1" count="7" type="stmt"/>
        <line num="2" count="7" type="stmt"/>
        <line num="3" count="7" type="stmt"/>
        <line num="4" count="7" type="stmt"/>
        <line num="5" count="7" type="stmt"/>
        <line num="6" count="7" type="stmt"/>
        <line num="7" count="7" type="stmt"/>
        <line num="8" count="7" type="stmt"/>
        <line num="9" count="7" type="stmt"/>
        <line num="10" count="7" type="stmt"/>
      </file>
    </package>
    <package name="react-redux-just.lib.store.reducer">
      <metrics statements="192" coveredstatements="179" conditionals="136" coveredconditionals="106" methods="34" coveredmethods="34"/>
      <file name="callbacks.js" path="/Volumes/work/github/react-redux-just/lib/store/reducer/callbacks.js">
        <metrics statements="20" coveredstatements="20" conditionals="9" coveredconditionals="7" methods="5" coveredmethods="5"/>
        <line num="1" count="6" type="cond" truecount="2" falsecount="1"/>
        <line num="2" count="12" type="cond" truecount="3" falsecount="1"/>
        <line num="4" count="6" type="stmt"/>
        <line num="5" count="6" type="stmt"/>
        <line num="6" count="6" type="stmt"/>
        <line num="7" count="6" type="stmt"/>
        <line num="8" count="6" type="stmt"/>
        <line num="9" count="6" type="stmt"/>
        <line num="10" count="6" type="stmt"/>
        <line num="11" count="2" type="stmt"/>
        <line num="12" count="2" type="stmt"/>
        <line num="14" count="6" type="stmt"/>
        <line num="15" count="6" type="stmt"/>
        <line num="16" count="3" type="stmt"/>
        <line num="17" count="6" type="cond" truecount="2" falsecount="0"/>
        <line num="18" count="3" type="stmt"/>
        <line num="19" count="3" type="stmt"/>
        <line num="20" count="3" type="stmt"/>
        <line num="21" count="3" type="stmt"/>
        <line num="22" count="3" type="stmt"/>
      </file>
      <file name="index.js" path="/Volumes/work/github/react-redux-just/lib/store/reducer/index.js">
        <metrics statements="51" coveredstatements="51" conditionals="34" coveredconditionals="31" methods="6" coveredmethods="6"/>
        <line num="1" count="6" type="cond" truecount="2" falsecount="1"/>
        <line num="2" count="30" type="cond" truecount="3" falsecount="1"/>
        <line num="4" count="6" type="stmt"/>
        <line num="5" count="6" type="stmt"/>
        <line num="6" count="6" type="stmt"/>
        <line num="7" count="6" type="stmt"/>
        <line num="8" count="6" type="stmt"/>
        <line num="9" count="6" type="stmt"/>
        <line num="10" count="6" type="stmt"/>
        <line num="11" count="6" type="stmt"/>
        <line num="12" count="6" type="stmt"/>
        <line num="13" count="6" type="stmt"/>
        <line num="14" count="6" type="cond" truecount="0" falsecount="1"/>
        <line num="15" count="25" type="cond" truecount="1" falsecount="0"/>
        <line num="16" count="47" type="cond" truecount="1" falsecount="0"/>
        <line num="17" count="47" type="cond" truecount="1" falsecount="0"/>
        <line num="18" count="47" type="stmt"/>
        <line num="19" count="47" type="stmt"/>
        <line num="20" count="47" type="stmt"/>
        <line num="24" count="47" type="stmt"/>
        <line num="25" count="47" type="cond" truecount="7" falsecount="0"/>
        <line num="27" count="22" type="stmt"/>
        <line num="28" count="22" type="stmt"/>
        <line num="29" count="26" type="stmt"/>
        <line num="30" count="26" type="cond" truecount="2" falsecount="0"/>
        <line num="31" count="14" type="stmt"/>
        <line num="32" count="14" type="cond" truecount="2" falsecount="0"/>
        <line num="33" count="10" type="stmt"/>
        <line num="36" count="12" type="cond" truecount="2" falsecount="0"/>
        <line num="37" count="2" type="stmt"/>
        <line num="38" count="13" type="stmt"/>
        <line num="40" count="26" type="stmt"/>
        <line num="42" count="22" type="cond" truecount="2" falsecount="0"/>
        <line num="43" count="15" type="stmt"/>
        <line num="44" count="22" type="stmt"/>
        <line num="49" count="2" type="cond" truecount="2" falsecount="0"/>
        <line num="50" count="1" type="stmt"/>
        <line num="51" count="1" type="stmt"/>
        <line num="54" count="1" type="stmt"/>
        <line num="55" count="2" type="stmt"/>
        <line num="58" count="4" type="cond" truecount="2" falsecount="0"/>
        <line num="59" count="2" type="stmt"/>
        <line num="60" count="2" type="cond" truecount="2" falsecount="0"/>
        <line num="63" count="2" type="cond" truecount="2" falsecount="0"/>
        <line num="64" count="4" type="stmt"/>
        <line num="66" count="2" type="stmt"/>
        <line num="67" count="2" type="stmt"/>
        <line num="69" count="6" type="stmt"/>
        <line num="70" count="6" type="stmt"/>
        <line num="72" count="11" type="stmt"/>
        <line num="76" count="6" type="stmt"/>
      </file>
      <file name="storage-options.js" path="/Volumes/work/github/react-redux-just/lib/store/reducer/storage-options.js">
        <metrics statements="66" coveredstatements="55" conditionals="58" coveredconditionals="36" methods="10" coveredmethods="10"/>
        <line num="1" count="7" type="cond" truecount="2" falsecount="1"/>
        <line num="2" count="35" type="cond" truecount="3" falsecount="1"/>
        <line num="4" count="7" type="stmt"/>
        <line num="5" count="7" type="stmt"/>
        <line num="6" count="7" type="stmt"/>
        <line num="7" count="7" type="stmt"/>
        <line num="8" count="7" type="stmt"/>
        <line num="9" count="7" type="stmt"/>
        <line num="10" count="7" type="stmt"/>
        <line num="11" count="7" type="stmt"/>
        <line num="12" count="7" type="stmt"/>
        <line num="13" count="1" type="stmt"/>
        <line num="14" count="1" type="cond" truecount="1" falsecount="1"/>
        <line num="15" count="2" type="cond" truecount="2" falsecount="0"/>
        <line num="16" count="1" type="stmt"/>
        <line num="19" count="0" type="stmt"/>
        <line num="20" count="0" type="cond" truecount="0" falsecount="2"/>
        <line num="21" count="0" type="stmt"/>
        <line num="22" count="0" type="cond" truecount="0" falsecount="2"/>
        <line num="23" count="0" type="stmt"/>
        <line num="26" count="7" type="stmt"/>
        <line num="27" count="95" type="stmt"/>
        <line num="28" count="95" type="stmt"/>
        <line num="29" count="94" type="cond" truecount="2" falsecount="0"/>
        <line num="30" count="7" type="stmt"/>
        <line num="36" count="87" type="cond" truecount="2" falsecount="0"/>
        <line num="37" count="48" type="stmt"/>
        <line num="40" count="7" type="stmt"/>
        <line num="41" count="47" type="cond" truecount="0" falsecount="2"/>
        <line num="42" count="7" type="stmt"/>
        <line num="43" count="7" type="stmt"/>
        <line num="44" count="7" type="cond" truecount="1" falsecount="1"/>
        <line num="45" count="7" type="stmt"/>
        <line num="47" count="7" type="cond" truecount="1" falsecount="0"/>
        <line num="48" count="7" type="cond" truecount="2" falsecount="0"/>
        <line num="49" count="7" type="stmt"/>
        <line num="54" count="7" type="cond" truecount="4" falsecount="0"/>
        <line num="55" count="6" type="stmt"/>
        <line num="56" count="6" type="stmt"/>
        <line num="57" count="6" type="stmt"/>
        <line num="58" count="6" type="stmt"/>
        <line num="59" count="6" type="cond" truecount="2" falsecount="2"/>
        <line num="60" count="0" type="cond" truecount="0" falsecount="2"/>
        <line num="61" count="0" type="stmt"/>
        <line num="64" count="6" type="cond" truecount="1" falsecount="1"/>
        <line num="65" count="6" type="cond" truecount="2" falsecount="2"/>
        <line num="66" count="0" type="stmt"/>
        <line num="67" count="0" type="stmt"/>
        <line num="68" count="0" type="stmt"/>
        <line num="70" count="6" type="stmt"/>
        <line num="71" count="6" type="cond" truecount="1" falsecount="1"/>
        <line num="72" count="6" type="cond" truecount="2" falsecount="0"/>
        <line num="73" count="2" type="stmt"/>
        <line num="75" count="4" type="stmt"/>
        <line num="78" count="1" type="stmt"/>
        <line num="79" count="1" type="stmt"/>
        <line num="83" count="7" type="stmt"/>
        <line num="84" count="24" type="stmt"/>
        <line num="86" count="7" type="stmt"/>
        <line num="87" count="35" type="stmt"/>
        <line num="88" count="35" type="cond" truecount="2" falsecount="2"/>
        <line num="89" count="35" type="stmt"/>
        <line num="90" count="35" type="cond" truecount="1" falsecount="1"/>
        <line num="91" count="35" type="cond" truecount="1" falsecount="1"/>
        <line num="92" count="35" type="stmt"/>
        <line num="97" count="0" type="stmt"/>
      </file>
      <file name="utils.js" path="/Volumes/work/github/react-redux-just/lib/store/reducer/utils.js">
        <metrics statements="55" coveredstatements="53" conditionals="35" coveredconditionals="32" methods="13" coveredmethods="13"/>
        <line num="1" count="6" type="cond" truecount="2" falsecount="1"/>
        <line num="2" count="24" type="cond" truecount="3" falsecount="1"/>
        <line num="4" count="6" type="stmt"/>
        <line num="5" count="6" type="stmt"/>
        <line num="6" count="6" type="stmt"/>
        <line num="7" count="6" type="stmt"/>
        <line num="8" count="6" type="stmt"/>
        <line num="9" count="6" type="stmt"/>
        <line num="10" count="6" type="stmt"/>
        <line num="11" count="6" type="stmt"/>
        <line num="12" count="6" type="stmt"/>
        <line num="13" count="30" type="stmt"/>
        <line num="14" count="34" type="cond" truecount="2" falsecount="0"/>
        <line num="15" count="19" type="stmt"/>
        <line num="17" count="15" type="stmt"/>
        <line num="20" count="6" type="stmt"/>
        <line num="21" count="16" type="cond" truecount="4" falsecount="0"/>
        <line num="22" count="7" type="stmt"/>
        <line num="23" count="7" type="cond" truecount="2" falsecount="0"/>
        <line num="24" count="6" type="cond" truecount="1" falsecount="0"/>
        <line num="25" count="6" type="cond" truecount="4" falsecount="0"/>
        <line num="26" count="1" type="stmt"/>
        <line num="28" count="1" type="cond" truecount="1" falsecount="1"/>
        <line num="29" count="1" type="stmt"/>
        <line num="32" count="6" type="stmt"/>
        <line num="33" count="27" type="cond" truecount="2" falsecount="0"/>
        <line num="34" count="7" type="stmt"/>
        <line num="35" count="7" type="stmt"/>
        <line num="36" count="7" type="stmt"/>
        <line num="39" count="20" type="stmt"/>
        <line num="41" count="6" type="cond" truecount="1" falsecount="0"/>
        <line num="42" count="29" type="cond" truecount="1" falsecount="0"/>
        <line num="43" count="29" type="cond" truecount="4" falsecount="0"/>
        <line num="44" count="1" type="stmt"/>
        <line num="45" count="29" type="stmt"/>
        <line num="46" count="29" type="stmt"/>
        <line num="48" count="6" type="stmt"/>
        <line num="49" count="20" type="cond" truecount="1" falsecount="0"/>
        <line num="50" count="13" type="stmt"/>
        <line num="51" count="13" type="stmt"/>
        <line num="52" count="13" type="cond" truecount="2" falsecount="0"/>
        <line num="53" count="10" type="stmt"/>
        <line num="54" count="3" type="stmt"/>
        <line num="56" count="6" type="stmt"/>
        <line num="57" count="13" type="stmt"/>
        <line num="58" count="13" type="cond" truecount="2" falsecount="0"/>
        <line num="59" count="6" type="stmt"/>
        <line num="60" count="6" type="stmt"/>
        <line num="63" count="7" type="stmt"/>
        <line num="65" count="6" type="stmt"/>
        <line num="66" count="13" type="stmt"/>
        <line num="67" count="13" type="stmt"/>
        <line num="68" count="13" type="stmt"/>
        <line num="71" count="0" type="stmt"/>
        <line num="72" count="0" type="stmt"/>
      </file>
    </package>
    <package name="react-redux-just.lib.utils">
      <metrics statements="99" coveredstatements="99" conditionals="106" coveredconditionals="86" methods="24" coveredmethods="23"/>
      <file name="check-type.js" path="/Volumes/work/github/react-redux-just/lib/utils/check-type.js">
        <metrics statements="4" coveredstatements="4" conditionals="0" coveredconditionals="0" methods="1" coveredmethods="1"/>
        <line num="1" count="7" type="stmt"/>
        <line num="2" count="7" type="stmt"/>
        <line num="3" count="6" type="stmt"/>
        <line num="5" count="6" type="stmt"/>
      </file>
      <file name="clear-value.js" path="/Volumes/work/github/react-redux-just/lib/utils/clear-value.js">
        <metrics statements="15" coveredstatements="15" conditionals="15" coveredconditionals="13" methods="3" coveredmethods="2"/>
        <line num="1" count="7" type="cond" truecount="2" falsecount="1"/>
        <line num="2" count="7" type="cond" truecount="3" falsecount="1"/>
        <line num="4" count="7" type="stmt"/>
        <line num="5" count="7" type="stmt"/>
        <line num="6" count="7" type="stmt"/>
        <line num="7" count="10" type="stmt"/>
        <line num="8" count="10" type="cond" truecount="8" falsecount="0"/>
        <line num="9" count="1" type="stmt"/>
        <line num="10" count="1" type="stmt"/>
        <line num="11" count="1" type="stmt"/>
        <line num="12" count="1" type="stmt"/>
        <line num="13" count="3" type="stmt"/>
        <line num="14" count="1" type="stmt"/>
        <line num="15" count="1" type="stmt"/>
        <line num="17" count="1" type="stmt"/>
      </file>
      <file name="compare-array.js" path="/Volumes/work/github/react-redux-just/lib/utils/compare-array.js">
        <metrics statements="2" coveredstatements="2" conditionals="4" coveredconditionals="2" methods="2" coveredmethods="2"/>
        <line num="1" count="6" type="stmt"/>
        <line num="2" count="20" type="cond" truecount="2" falsecount="2"/>
      </file>
      <file name="comparison-variables.js" path="/Volumes/work/github/react-redux-just/lib/utils/comparison-variables.js">
        <metrics statements="17" coveredstatements="17" conditionals="20" coveredconditionals="18" methods="2" coveredmethods="2"/>
        <line num="1" count="6" type="cond" truecount="2" falsecount="1"/>
        <line num="2" count="6" type="cond" truecount="3" falsecount="1"/>
        <line num="4" count="6" type="stmt"/>
        <line num="5" count="6" type="stmt"/>
        <line num="6" count="6" type="stmt"/>
        <line num="7" count="6" type="stmt"/>
        <line num="8" count="6" type="stmt"/>
        <line num="9" count="53" type="stmt"/>
        <line num="10" count="53" type="stmt"/>
        <line num="11" count="53" type="cond" truecount="2" falsecount="0"/>
        <line num="12" count="53" type="cond" truecount="5" falsecount="0"/>
        <line num="13" count="7" type="stmt"/>
        <line num="14" count="46" type="cond" truecount="2" falsecount="0"/>
        <line num="15" count="24" type="stmt"/>
        <line num="16" count="22" type="cond" truecount="4" falsecount="0"/>
        <line num="17" count="1" type="stmt"/>
        <line num="18" count="21" type="stmt"/>
      </file>
      <file name="compose.js" path="/Volumes/work/github/react-redux-just/lib/utils/compose.js">
        <metrics statements="4" coveredstatements="4" conditionals="0" coveredconditionals="0" methods="3" coveredmethods="3"/>
        <line num="1" count="4" type="stmt"/>
        <line num="2" count="6" type="stmt"/>
        <line num="3" count="12" type="stmt"/>
        <line num="5" count="4" type="stmt"/>
      </file>
      <file name="create-link-address-to.js" path="/Volumes/work/github/react-redux-just/lib/utils/create-link-address-to.js">
        <metrics statements="21" coveredstatements="21" conditionals="25" coveredconditionals="22" methods="3" coveredmethods="3"/>
        <line num="1" count="7" type="cond" truecount="2" falsecount="1"/>
        <line num="2" count="7" type="cond" truecount="3" falsecount="1"/>
        <line num="4" count="7" type="stmt"/>
        <line num="5" count="7" type="stmt"/>
        <line num="6" count="7" type="cond" truecount="2" falsecount="0"/>
        <line num="7" count="191" type="stmt"/>
        <line num="8" count="191" type="stmt"/>
        <line num="9" count="191" type="cond" truecount="3" falsecount="1"/>
        <line num="10" count="191" type="stmt"/>
        <line num="11" count="191" type="stmt"/>
        <line num="12" count="191" type="cond" truecount="4" falsecount="0"/>
        <line num="13" count="28" type="stmt"/>
        <line num="14" count="191" type="stmt"/>
        <line num="15" count="406" type="cond" truecount="2" falsecount="0"/>
        <line num="16" count="191" type="cond" truecount="2" falsecount="0"/>
        <line num="17" count="191" type="stmt"/>
        <line num="20" count="215" type="cond" truecount="2" falsecount="0"/>
        <line num="21" count="215" type="stmt"/>
        <line num="24" count="191" type="cond" truecount="2" falsecount="0"/>
        <line num="25" count="159" type="stmt"/>
        <line num="27" count="32" type="stmt"/>
      </file>
      <file name="first-up-case.js" path="/Volumes/work/github/react-redux-just/lib/utils/first-up-case.js">
        <metrics statements="2" coveredstatements="2" conditionals="0" coveredconditionals="0" methods="1" coveredmethods="1"/>
        <line num="1" count="6" type="stmt"/>
        <line num="2" count="57" type="stmt"/>
      </file>
      <file name="handlers-error.js" path="/Volumes/work/github/react-redux-just/lib/utils/handlers-error.js">
        <metrics statements="9" coveredstatements="9" conditionals="13" coveredconditionals="7" methods="2" coveredmethods="2"/>
        <line num="1" count="8" type="stmt"/>
        <line num="2" count="8" type="stmt"/>
        <line num="13" count="9" type="cond" truecount="1" falsecount="1"/>
        <line num="14" count="8" type="cond" truecount="0" falsecount="1"/>
        <line num="15" count="9" type="cond" truecount="2" falsecount="0"/>
        <line num="16" count="9" type="stmt"/>
        <line num="17" count="9" type="cond" truecount="1" falsecount="1"/>
        <line num="18" count="9" type="stmt"/>
        <line num="19" count="9" type="cond" truecount="3" falsecount="3"/>
      </file>
      <file name="how-type.js" path="/Volumes/work/github/react-redux-just/lib/utils/how-type.js">
        <metrics statements="5" coveredstatements="5" conditionals="13" coveredconditionals="11" methods="1" coveredmethods="1"/>
        <line num="1" count="8" type="stmt"/>
        <line num="2" count="8" type="stmt"/>
        <line num="3" count="673" type="stmt"/>
        <line num="4" count="673" type="cond" truecount="11" falsecount="2"/>
        <line num="5" count="673" type="stmt"/>
      </file>
      <file name="is-valid.js" path="/Volumes/work/github/react-redux-just/lib/utils/is-valid.js">
        <metrics statements="7" coveredstatements="7" conditionals="2" coveredconditionals="2" methods="1" coveredmethods="1"/>
        <line num="1" count="6" type="stmt"/>
        <line num="2" count="6" type="stmt"/>
        <line num="3" count="47" type="stmt"/>
        <line num="4" count="47" type="stmt"/>
        <line num="5" count="340" type="cond" truecount="2" falsecount="0"/>
        <line num="6" count="2" type="stmt"/>
        <line num="7" count="45" type="stmt"/>
      </file>
      <file name="uuid.js" path="/Volumes/work/github/react-redux-just/lib/utils/uuid.js">
        <metrics statements="2" coveredstatements="2" conditionals="4" coveredconditionals="3" methods="2" coveredmethods="2"/>
        <line num="1" count="4" type="stmt"/>
        <line num="2" count="186" type="cond" truecount="3" falsecount="1"/>
      </file>
      <file name="walk-object.js" path="/Volumes/work/github/react-redux-just/lib/utils/walk-object.js">
        <metrics statements="11" coveredstatements="11" conditionals="10" coveredconditionals="8" methods="3" coveredmethods="3"/>
        <line num="1" count="8" type="cond" truecount="2" falsecount="1"/>
        <line num="2" count="8" type="cond" truecount="3" falsecount="1"/>
        <line num="4" count="8" type="stmt"/>
        <line num="5" count="8" type="stmt"/>
        <line num="6" count="8" type="cond" truecount="1" falsecount="0"/>
        <line num="7" count="232" type="stmt"/>
        <line num="8" count="232" type="stmt"/>
        <line num="9" count="294" type="cond" truecount="2" falsecount="0"/>
        <line num="10" count="294" type="stmt"/>
        <line num="11" count="294" type="stmt"/>
        <line num="12" count="294" type="stmt"/>
      </file>
    </package>
  </project>
</coverage>
