{"/Volumes/work/github/react-redux-just/index.js": {"path":"/Volumes/work/github/react-redux-just/index.js","statementMap":{"0":{"start":{"line":1,"column":22},"end":{"line":3,"column":1}},"1":{"start":{"line":2,"column":4},"end":{"line":2,"column":62}},"2":{"start":{"line":4,"column":0},"end":{"line":4,"column":62}},"3":{"start":{"line":5,"column":0},"end":{"line":5,"column":58}},"4":{"start":{"line":6,"column":16},"end":{"line":6,"column":55}},"5":{"start":{"line":7,"column":0},"end":{"line":7,"column":40}},"6":{"start":{"line":8,"column":18},"end":{"line":8,"column":59}},"7":{"start":{"line":9,"column":0},"end":{"line":9,"column":45}}},"fnMap":{"0":{"name":"(anonymous_0)","decl":{"start":{"line":1,"column":56},"end":{"line":1,"column":57}},"loc":{"start":{"line":1,"column":71},"end":{"line":3,"column":1}},"line":1}},"branchMap":{"0":{"loc":{"start":{"line":1,"column":22},"end":{"line":3,"column":1}},"type":"binary-expr","locations":[{"start":{"line":1,"column":23},"end":{"line":1,"column":27}},{"start":{"line":1,"column":31},"end":{"line":1,"column":51}},{"start":{"line":1,"column":56},"end":{"line":3,"column":1}}],"line":1},"1":{"loc":{"start":{"line":2,"column":11},"end":{"line":2,"column":61}},"type":"cond-expr","locations":[{"start":{"line":2,"column":37},"end":{"line":2,"column":40}},{"start":{"line":2,"column":43},"end":{"line":2,"column":61}}],"line":2},"2":{"loc":{"start":{"line":2,"column":12},"end":{"line":2,"column":33}},"type":"binary-expr","locations":[{"start":{"line":2,"column":12},"end":{"line":2,"column":15}},{"start":{"line":2,"column":19},"end":{"line":2,"column":33}}],"line":2}},"s":{"0":4,"1":8,"2":4,"3":4,"4":4,"5":4,"6":4,"7":4},"f":{"0":8},"b":{"0":[4,0,4],"1":[8,0],"2":[8,8]},"_coverageSchema":"43e27e138ebf9cfc5966b082cf9a028302ed4184","hash":"ba063b6a81cdcb8e0e2d4dc4949eb05358ed2cc5"}
,"/Volumes/work/github/react-redux-just/lib/components/interim.js": {"path":"/Volumes/work/github/react-redux-just/lib/components/interim.js","statementMap":{"0":{"start":{"line":1,"column":22},"end":{"line":3,"column":1}},"1":{"start":{"line":2,"column":4},"end":{"line":2,"column":62}},"2":{"start":{"line":4,"column":0},"end":{"line":4,"column":62}},"3":{"start":{"line":5,"column":16},"end":{"line":5,"column":49}},"4":{"start":{"line":6,"column":24},"end":{"line":6,"column":74}},"5":{"start":{"line":7,"column":0},"end":{"line":34,"column":2}},"6":{"start":{"line":7,"column":48},"end":{"line":34,"column":1}},"7":{"start":{"line":8,"column":38},"end":{"line":8,"column":81}},"8":{"start":{"line":9,"column":4},"end":{"line":29,"column":11}},"9":{"start":{"line":10,"column":25},"end":{"line":10,"column":41}},"10":{"start":{"line":11,"column":32},"end":{"line":11,"column":92}},"11":{"start":{"line":11,"column":47},"end":{"line":11,"column":92}},"12":{"start":{"line":12,"column":8},"end":{"line":28,"column":11}},"13":{"start":{"line":13,"column":71},"end":{"line":13,"column":81}},"14":{"start":{"line":14,"column":36},"end":{"line":24,"column":13}},"15":{"start":{"line":15,"column":16},"end":{"line":23,"column":19}},"16":{"start":{"line":16,"column":20},"end":{"line":16,"column":65}},"17":{"start":{"line":17,"column":20},"end":{"line":17,"column":45}},"18":{"start":{"line":19,"column":20},"end":{"line":19,"column":70}},"19":{"start":{"line":20,"column":20},"end":{"line":20,"column":77}},"20":{"start":{"line":22,"column":20},"end":{"line":22,"column":99}},"21":{"start":{"line":25,"column":12},"end":{"line":25,"column":56}},"22":{"start":{"line":26,"column":12},"end":{"line":26,"column":30}},"23":{"start":{"line":27,"column":12},"end":{"line":27,"column":24}},"24":{"start":{"line":30,"column":4},"end":{"line":32,"column":28}},"25":{"start":{"line":30,"column":36},"end":{"line":32,"column":5}},"26":{"start":{"line":31,"column":8},"end":{"line":31,"column":41}},"27":{"start":{"line":33,"column":4},"end":{"line":33,"column":94}}},"fnMap":{"0":{"name":"(anonymous_0)","decl":{"start":{"line":1,"column":56},"end":{"line":1,"column":57}},"loc":{"start":{"line":1,"column":71},"end":{"line":3,"column":1}},"line":1},"1":{"name":"(anonymous_1)","decl":{"start":{"line":7,"column":18},"end":{"line":7,"column":19}},"loc":{"start":{"line":7,"column":48},"end":{"line":34,"column":1}},"line":7},"2":{"name":"(anonymous_2)","decl":{"start":{"line":7,"column":48},"end":{"line":7,"column":49}},"loc":{"start":{"line":7,"column":125},"end":{"line":34,"column":1}},"line":7},"3":{"name":"(anonymous_3)","decl":{"start":{"line":9,"column":30},"end":{"line":9,"column":31}},"loc":{"start":{"line":9,"column":36},"end":{"line":29,"column":5}},"line":9},"4":{"name":"(anonymous_4)","decl":{"start":{"line":11,"column":32},"end":{"line":11,"column":33}},"loc":{"start":{"line":11,"column":47},"end":{"line":11,"column":92}},"line":11},"5":{"name":"(anonymous_5)","decl":{"start":{"line":12,"column":40},"end":{"line":12,"column":41}},"loc":{"start":{"line":12,"column":60},"end":{"line":28,"column":9}},"line":12},"6":{"name":"(anonymous_6)","decl":{"start":{"line":14,"column":36},"end":{"line":14,"column":37}},"loc":{"start":{"line":14,"column":42},"end":{"line":24,"column":13}},"line":14},"7":{"name":"(anonymous_7)","decl":{"start":{"line":15,"column":28},"end":{"line":15,"column":29}},"loc":{"start":{"line":15,"column":49},"end":{"line":18,"column":17}},"line":15},"8":{"name":"(anonymous_8)","decl":{"start":{"line":18,"column":24},"end":{"line":18,"column":25}},"loc":{"start":{"line":18,"column":31},"end":{"line":21,"column":17}},"line":18},"9":{"name":"(anonymous_9)","decl":{"start":{"line":21,"column":25},"end":{"line":21,"column":26}},"loc":{"start":{"line":21,"column":32},"end":{"line":23,"column":17}},"line":21},"10":{"name":"(anonymous_10)","decl":{"start":{"line":30,"column":30},"end":{"line":30,"column":31}},"loc":{"start":{"line":30,"column":36},"end":{"line":32,"column":5}},"line":30},"11":{"name":"(anonymous_11)","decl":{"start":{"line":30,"column":36},"end":{"line":30,"column":37}},"loc":{"start":{"line":30,"column":42},"end":{"line":32,"column":5}},"line":30}},"branchMap":{"0":{"loc":{"start":{"line":1,"column":22},"end":{"line":3,"column":1}},"type":"binary-expr","locations":[{"start":{"line":1,"column":23},"end":{"line":1,"column":27}},{"start":{"line":1,"column":31},"end":{"line":1,"column":51}},{"start":{"line":1,"column":56},"end":{"line":3,"column":1}}],"line":1},"1":{"loc":{"start":{"line":2,"column":11},"end":{"line":2,"column":61}},"type":"cond-expr","locations":[{"start":{"line":2,"column":37},"end":{"line":2,"column":40}},{"start":{"line":2,"column":43},"end":{"line":2,"column":61}}],"line":2},"2":{"loc":{"start":{"line":2,"column":12},"end":{"line":2,"column":33}},"type":"binary-expr","locations":[{"start":{"line":2,"column":12},"end":{"line":2,"column":15}},{"start":{"line":2,"column":19},"end":{"line":2,"column":33}}],"line":2},"3":{"loc":{"start":{"line":7,"column":87},"end":{"line":7,"column":103}},"type":"default-arg","locations":[{"start":{"line":7,"column":101},"end":{"line":7,"column":103}}],"line":7}},"s":{"0":4,"1":8,"2":4,"3":4,"4":4,"5":4,"6":6,"7":29,"8":29,"9":11,"10":11,"11":4,"12":11,"13":2,"14":2,"15":2,"16":2,"17":2,"18":1,"19":1,"20":1,"21":2,"22":2,"23":2,"24":29,"25":11,"26":7,"27":29},"f":{"0":8,"1":6,"2":29,"3":11,"4":4,"5":2,"6":2,"7":2,"8":1,"9":1,"10":11,"11":7},"b":{"0":[4,0,4],"1":[4,4],"2":[8,8],"3":[22]},"_coverageSchema":"43e27e138ebf9cfc5966b082cf9a028302ed4184","hash":"c1e4ad798153f0dd1db1627bb9272f52703fe44a"}
,"/Volumes/work/github/react-redux-just/lib/components/with-service-store.js": {"path":"/Volumes/work/github/react-redux-just/lib/components/with-service-store.js","statementMap":{"0":{"start":{"line":1,"column":22},"end":{"line":3,"column":1}},"1":{"start":{"line":2,"column":4},"end":{"line":2,"column":62}},"2":{"start":{"line":4,"column":0},"end":{"line":4,"column":62}},"3":{"start":{"line":5,"column":16},"end":{"line":5,"column":49}},"4":{"start":{"line":6,"column":19},"end":{"line":6,"column":47}},"5":{"start":{"line":7,"column":25},"end":{"line":13,"column":1}},"6":{"start":{"line":7,"column":36},"end":{"line":13,"column":1}},"7":{"start":{"line":8,"column":4},"end":{"line":12,"column":6}},"8":{"start":{"line":9,"column":8},"end":{"line":11,"column":12}},"9":{"start":{"line":10,"column":12},"end":{"line":10,"column":121}},"10":{"start":{"line":14,"column":0},"end":{"line":14,"column":35}}},"fnMap":{"0":{"name":"(anonymous_0)","decl":{"start":{"line":1,"column":56},"end":{"line":1,"column":57}},"loc":{"start":{"line":1,"column":71},"end":{"line":3,"column":1}},"line":1},"1":{"name":"(anonymous_1)","decl":{"start":{"line":7,"column":25},"end":{"line":7,"column":26}},"loc":{"start":{"line":7,"column":36},"end":{"line":13,"column":1}},"line":7},"2":{"name":"(anonymous_2)","decl":{"start":{"line":7,"column":36},"end":{"line":7,"column":37}},"loc":{"start":{"line":7,"column":49},"end":{"line":13,"column":1}},"line":7},"3":{"name":"(anonymous_3)","decl":{"start":{"line":8,"column":11},"end":{"line":8,"column":12}},"loc":{"start":{"line":8,"column":20},"end":{"line":12,"column":5}},"line":8},"4":{"name":"(anonymous_4)","decl":{"start":{"line":9,"column":80},"end":{"line":9,"column":81}},"loc":{"start":{"line":9,"column":96},"end":{"line":11,"column":9}},"line":9}},"branchMap":{"0":{"loc":{"start":{"line":1,"column":22},"end":{"line":3,"column":1}},"type":"binary-expr","locations":[{"start":{"line":1,"column":23},"end":{"line":1,"column":27}},{"start":{"line":1,"column":31},"end":{"line":1,"column":51}},{"start":{"line":1,"column":56},"end":{"line":3,"column":1}}],"line":1},"1":{"loc":{"start":{"line":2,"column":11},"end":{"line":2,"column":61}},"type":"cond-expr","locations":[{"start":{"line":2,"column":37},"end":{"line":2,"column":40}},{"start":{"line":2,"column":43},"end":{"line":2,"column":61}}],"line":2},"2":{"loc":{"start":{"line":2,"column":12},"end":{"line":2,"column":33}},"type":"binary-expr","locations":[{"start":{"line":2,"column":12},"end":{"line":2,"column":15}},{"start":{"line":2,"column":19},"end":{"line":2,"column":33}}],"line":2}},"s":{"0":4,"1":4,"2":4,"3":4,"4":4,"5":4,"6":6,"7":6,"8":11,"9":11,"10":4},"f":{"0":4,"1":6,"2":6,"3":11,"4":11},"b":{"0":[4,0,4],"1":[0,4],"2":[4,4]},"_coverageSchema":"43e27e138ebf9cfc5966b082cf9a028302ed4184","hash":"2fae503b80d9fd067b0ec07ad7bca1c921dde1fd"}
,"/Volumes/work/github/react-redux-just/lib/connect/index.js": {"path":"/Volumes/work/github/react-redux-just/lib/connect/index.js","statementMap":{"0":{"start":{"line":1,"column":22},"end":{"line":3,"column":1}},"1":{"start":{"line":2,"column":4},"end":{"line":2,"column":62}},"2":{"start":{"line":4,"column":0},"end":{"line":4,"column":62}},"3":{"start":{"line":5,"column":22},"end":{"line":5,"column":44}},"4":{"start":{"line":6,"column":18},"end":{"line":6,"column":45}},"5":{"start":{"line":7,"column":29},"end":{"line":7,"column":89}},"6":{"start":{"line":8,"column":18},"end":{"line":8,"column":67}},"7":{"start":{"line":9,"column":18},"end":{"line":9,"column":62}},"8":{"start":{"line":10,"column":15},"end":{"line":10,"column":56}},"9":{"start":{"line":11,"column":36},"end":{"line":11,"column":91}},"10":{"start":{"line":12,"column":32},"end":{"line":12,"column":64}},"11":{"start":{"line":13,"column":21},"end":{"line":13,"column":25}},"12":{"start":{"line":15,"column":39},"end":{"line":15,"column":46}},"13":{"start":{"line":16,"column":24},"end":{"line":16,"column":26}},"14":{"start":{"line":17,"column":21},"end":{"line":22,"column":5}},"15":{"start":{"line":23,"column":52},"end":{"line":23,"column":103}},"16":{"start":{"line":24,"column":4},"end":{"line":24,"column":210}},"17":{"start":{"line":26,"column":0},"end":{"line":26,"column":28}}},"fnMap":{"0":{"name":"(anonymous_0)","decl":{"start":{"line":1,"column":56},"end":{"line":1,"column":57}},"loc":{"start":{"line":1,"column":71},"end":{"line":3,"column":1}},"line":1},"1":{"name":"default_1","decl":{"start":{"line":14,"column":9},"end":{"line":14,"column":18}},"loc":{"start":{"line":14,"column":55},"end":{"line":25,"column":1}},"line":14}},"branchMap":{"0":{"loc":{"start":{"line":1,"column":22},"end":{"line":3,"column":1}},"type":"binary-expr","locations":[{"start":{"line":1,"column":23},"end":{"line":1,"column":27}},{"start":{"line":1,"column":31},"end":{"line":1,"column":51}},{"start":{"line":1,"column":56},"end":{"line":3,"column":1}}],"line":1},"1":{"loc":{"start":{"line":2,"column":11},"end":{"line":2,"column":61}},"type":"cond-expr","locations":[{"start":{"line":2,"column":37},"end":{"line":2,"column":40}},{"start":{"line":2,"column":43},"end":{"line":2,"column":61}}],"line":2},"2":{"loc":{"start":{"line":2,"column":12},"end":{"line":2,"column":33}},"type":"binary-expr","locations":[{"start":{"line":2,"column":12},"end":{"line":2,"column":15}},{"start":{"line":2,"column":19},"end":{"line":2,"column":33}}],"line":2},"3":{"loc":{"start":{"line":14,"column":30},"end":{"line":14,"column":39}},"type":"default-arg","locations":[{"start":{"line":14,"column":37},"end":{"line":14,"column":39}}],"line":14},"4":{"loc":{"start":{"line":14,"column":41},"end":{"line":14,"column":53}},"type":"default-arg","locations":[{"start":{"line":14,"column":51},"end":{"line":14,"column":53}}],"line":14},"5":{"loc":{"start":{"line":15,"column":12},"end":{"line":15,"column":34}},"type":"default-arg","locations":[{"start":{"line":15,"column":22},"end":{"line":15,"column":34}}],"line":15},"6":{"loc":{"start":{"line":24,"column":108},"end":{"line":24,"column":162}},"type":"cond-expr","locations":[{"start":{"line":24,"column":118},"end":{"line":24,"column":136}},{"start":{"line":24,"column":139},"end":{"line":24,"column":162}}],"line":24}},"s":{"0":4,"1":20,"2":4,"3":4,"4":4,"5":4,"6":4,"7":4,"8":4,"9":4,"10":4,"11":4,"12":6,"13":6,"14":6,"15":6,"16":6,"17":4},"f":{"0":20,"1":6},"b":{"0":[4,0,4],"1":[20,0],"2":[20,20],"3":[0],"4":[6],"5":[6],"6":[6,0]},"_coverageSchema":"43e27e138ebf9cfc5966b082cf9a028302ed4184","hash":"1df0023f32e94c372302144316f2b0151f44e360"}
,"/Volumes/work/github/react-redux-just/lib/connect/create-map-state-to-props/constant.js": {"path":"/Volumes/work/github/react-redux-just/lib/connect/create-map-state-to-props/constant.js","statementMap":{"0":{"start":{"line":1,"column":0},"end":{"line":1,"column":62}},"1":{"start":{"line":2,"column":0},"end":{"line":2,"column":100}},"2":{"start":{"line":3,"column":0},"end":{"line":3,"column":31}},"3":{"start":{"line":4,"column":0},"end":{"line":4,"column":34}},"4":{"start":{"line":5,"column":0},"end":{"line":5,"column":42}},"5":{"start":{"line":6,"column":0},"end":{"line":6,"column":44}}},"fnMap":{},"branchMap":{},"s":{"0":6,"1":6,"2":6,"3":6,"4":6,"5":6},"f":{},"b":{},"_coverageSchema":"43e27e138ebf9cfc5966b082cf9a028302ed4184","hash":"8491c86d53b570e8f37924026f58fb9983272adc"}
,"/Volumes/work/github/react-redux-just/lib/connect/create-map-state-to-props/converter.js": {"path":"/Volumes/work/github/react-redux-just/lib/connect/create-map-state-to-props/converter.js","statementMap":{"0":{"start":{"line":1,"column":22},"end":{"line":3,"column":1}},"1":{"start":{"line":2,"column":4},"end":{"line":2,"column":62}},"2":{"start":{"line":4,"column":0},"end":{"line":4,"column":62}},"3":{"start":{"line":5,"column":19},"end":{"line":5,"column":67}},"4":{"start":{"line":6,"column":16},"end":{"line":6,"column":34}},"5":{"start":{"line":7,"column":21},"end":{"line":25,"column":1}},"6":{"start":{"line":8,"column":19},"end":{"line":8,"column":45}},"7":{"start":{"line":9,"column":17},"end":{"line":9,"column":30}},"8":{"start":{"line":10,"column":4},"end":{"line":13,"column":5}},"9":{"start":{"line":11,"column":47},"end":{"line":11,"column":120}},"10":{"start":{"line":12,"column":8},"end":{"line":12,"column":48}},"11":{"start":{"line":14,"column":17},"end":{"line":14,"column":19}},"12":{"start":{"line":15,"column":4},"end":{"line":23,"column":15}},"13":{"start":{"line":16,"column":8},"end":{"line":21,"column":45}},"14":{"start":{"line":17,"column":51},"end":{"line":17,"column":113}},"15":{"start":{"line":18,"column":12},"end":{"line":18,"column":43}},"16":{"start":{"line":21,"column":12},"end":{"line":21,"column":45}},"17":{"start":{"line":22,"column":8},"end":{"line":22,"column":23}},"18":{"start":{"line":24,"column":4},"end":{"line":24,"column":18}},"19":{"start":{"line":26,"column":0},"end":{"line":44,"column":2}},"20":{"start":{"line":27,"column":17},"end":{"line":27,"column":52}},"21":{"start":{"line":28,"column":4},"end":{"line":43,"column":5}},"22":{"start":{"line":30,"column":12},"end":{"line":30,"column":49}},"23":{"start":{"line":32,"column":25},"end":{"line":32,"column":27}},"24":{"start":{"line":33,"column":12},"end":{"line":39,"column":15}},"25":{"start":{"line":34,"column":16},"end":{"line":35,"column":66}},"26":{"start":{"line":35,"column":20},"end":{"line":35,"column":66}},"27":{"start":{"line":36,"column":16},"end":{"line":37,"column":52}},"28":{"start":{"line":37,"column":20},"end":{"line":37,"column":52}},"29":{"start":{"line":38,"column":16},"end":{"line":38,"column":28}},"30":{"start":{"line":40,"column":12},"end":{"line":40,"column":26}},"31":{"start":{"line":42,"column":12},"end":{"line":42,"column":35}}},"fnMap":{"0":{"name":"(anonymous_0)","decl":{"start":{"line":1,"column":56},"end":{"line":1,"column":57}},"loc":{"start":{"line":1,"column":71},"end":{"line":3,"column":1}},"line":1},"1":{"name":"(anonymous_1)","decl":{"start":{"line":7,"column":21},"end":{"line":7,"column":22}},"loc":{"start":{"line":7,"column":42},"end":{"line":25,"column":1}},"line":7},"2":{"name":"(anonymous_2)","decl":{"start":{"line":15,"column":18},"end":{"line":15,"column":19}},"loc":{"start":{"line":15,"column":38},"end":{"line":23,"column":5}},"line":15},"3":{"name":"(anonymous_3)","decl":{"start":{"line":26,"column":18},"end":{"line":26,"column":19}},"loc":{"start":{"line":26,"column":39},"end":{"line":44,"column":1}},"line":26},"4":{"name":"(anonymous_4)","decl":{"start":{"line":33,"column":32},"end":{"line":33,"column":33}},"loc":{"start":{"line":33,"column":40},"end":{"line":39,"column":13}},"line":33}},"branchMap":{"0":{"loc":{"start":{"line":1,"column":22},"end":{"line":3,"column":1}},"type":"binary-expr","locations":[{"start":{"line":1,"column":23},"end":{"line":1,"column":27}},{"start":{"line":1,"column":31},"end":{"line":1,"column":51}},{"start":{"line":1,"column":56},"end":{"line":3,"column":1}}],"line":1},"1":{"loc":{"start":{"line":2,"column":11},"end":{"line":2,"column":61}},"type":"cond-expr","locations":[{"start":{"line":2,"column":37},"end":{"line":2,"column":40}},{"start":{"line":2,"column":43},"end":{"line":2,"column":61}}],"line":2},"2":{"loc":{"start":{"line":2,"column":12},"end":{"line":2,"column":33}},"type":"binary-expr","locations":[{"start":{"line":2,"column":12},"end":{"line":2,"column":15}},{"start":{"line":2,"column":19},"end":{"line":2,"column":33}}],"line":2},"3":{"loc":{"start":{"line":10,"column":4},"end":{"line":13,"column":5}},"type":"if","locations":[{"start":{"line":10,"column":4},"end":{"line":13,"column":5}},{"start":{"line":10,"column":4},"end":{"line":13,"column":5}}],"line":10},"4":{"loc":{"start":{"line":16,"column":8},"end":{"line":21,"column":45}},"type":"if","locations":[{"start":{"line":16,"column":8},"end":{"line":21,"column":45}},{"start":{"line":16,"column":8},"end":{"line":21,"column":45}}],"line":16},"5":{"loc":{"start":{"line":21,"column":22},"end":{"line":21,"column":44}},"type":"cond-expr","locations":[{"start":{"line":21,"column":32},"end":{"line":21,"column":39}},{"start":{"line":21,"column":42},"end":{"line":21,"column":44}}],"line":21},"6":{"loc":{"start":{"line":28,"column":4},"end":{"line":43,"column":5}},"type":"switch","locations":[{"start":{"line":29,"column":8},"end":{"line":30,"column":49}},{"start":{"line":31,"column":8},"end":{"line":40,"column":26}},{"start":{"line":41,"column":8},"end":{"line":42,"column":35}}],"line":28},"7":{"loc":{"start":{"line":34,"column":16},"end":{"line":35,"column":66}},"type":"if","locations":[{"start":{"line":34,"column":16},"end":{"line":35,"column":66}},{"start":{"line":34,"column":16},"end":{"line":35,"column":66}}],"line":34},"8":{"loc":{"start":{"line":36,"column":16},"end":{"line":37,"column":52}},"type":"if","locations":[{"start":{"line":36,"column":16},"end":{"line":37,"column":52}},{"start":{"line":36,"column":16},"end":{"line":37,"column":52}}],"line":36}},"s":{"0":5,"1":5,"2":5,"3":5,"4":5,"5":5,"6":9,"7":9,"8":9,"9":6,"10":6,"11":3,"12":3,"13":6,"14":3,"15":3,"16":3,"17":6,"18":3,"19":5,"20":11,"21":11,"22":7,"23":1,"24":1,"25":3,"26":2,"27":3,"28":1,"29":3,"30":1,"31":3},"f":{"0":5,"1":9,"2":6,"3":11,"4":3},"b":{"0":[5,0,5],"1":[5,0],"2":[5,5],"3":[6,3],"4":[3,3],"5":[0,3],"6":[7,1,3],"7":[2,1],"8":[1,2]},"_coverageSchema":"43e27e138ebf9cfc5966b082cf9a028302ed4184","hash":"144758d70d2ded4939f198b771bcfbae798fe791"}
,"/Volumes/work/github/react-redux-just/lib/connect/create-map-state-to-props/create-map-state-to-props.js": {"path":"/Volumes/work/github/react-redux-just/lib/connect/create-map-state-to-props/create-map-state-to-props.js","statementMap":{"0":{"start":{"line":1,"column":22},"end":{"line":3,"column":1}},"1":{"start":{"line":2,"column":4},"end":{"line":2,"column":62}},"2":{"start":{"line":4,"column":0},"end":{"line":4,"column":62}},"3":{"start":{"line":5,"column":26},"end":{"line":5,"column":72}},"4":{"start":{"line":6,"column":33},"end":{"line":6,"column":95}},"5":{"start":{"line":7,"column":25},"end":{"line":7,"column":79}},"6":{"start":{"line":8,"column":16},"end":{"line":8,"column":34}},"7":{"start":{"line":9,"column":19},"end":{"line":9,"column":40}},"8":{"start":{"line":10,"column":30},"end":{"line":70,"column":1}},"9":{"start":{"line":11,"column":17},"end":{"line":11,"column":19}},"10":{"start":{"line":12,"column":4},"end":{"line":68,"column":7}},"11":{"start":{"line":13,"column":22},"end":{"line":13,"column":39}},"12":{"start":{"line":14,"column":25},"end":{"line":14,"column":41}},"13":{"start":{"line":15,"column":28},"end":{"line":15,"column":114}},"14":{"start":{"line":16,"column":8},"end":{"line":66,"column":9}},"15":{"start":{"line":19,"column":16},"end":{"line":35,"column":17}},"16":{"start":{"line":20,"column":51},"end":{"line":20,"column":58}},"17":{"start":{"line":21,"column":20},"end":{"line":24,"column":96}},"18":{"start":{"line":22,"column":24},"end":{"line":22,"column":116}},"19":{"start":{"line":24,"column":24},"end":{"line":24,"column":96}},"20":{"start":{"line":27,"column":20},"end":{"line":34,"column":96}},"21":{"start":{"line":28,"column":46},"end":{"line":28,"column":53}},"22":{"start":{"line":29,"column":49},"end":{"line":29,"column":121}},"23":{"start":{"line":30,"column":34},"end":{"line":30,"column":50}},"24":{"start":{"line":31,"column":24},"end":{"line":31,"column":102}},"25":{"start":{"line":34,"column":24},"end":{"line":34,"column":96}},"26":{"start":{"line":36,"column":16},"end":{"line":36,"column":22}},"27":{"start":{"line":38,"column":55},"end":{"line":38,"column":92}},"28":{"start":{"line":39,"column":16},"end":{"line":49,"column":17}},"29":{"start":{"line":40,"column":20},"end":{"line":40,"column":92}},"30":{"start":{"line":41,"column":21},"end":{"line":49,"column":17}},"31":{"start":{"line":42,"column":20},"end":{"line":43,"column":40}},"32":{"start":{"line":43,"column":24},"end":{"line":43,"column":40}},"33":{"start":{"line":44,"column":20},"end":{"line":44,"column":68}},"34":{"start":{"line":47,"column":34},"end":{"line":47,"column":80}},"35":{"start":{"line":48,"column":20},"end":{"line":48,"column":96}},"36":{"start":{"line":50,"column":16},"end":{"line":50,"column":22}},"37":{"start":{"line":52,"column":31},"end":{"line":52,"column":36}},"38":{"start":{"line":53,"column":53},"end":{"line":53,"column":114}},"39":{"start":{"line":54,"column":16},"end":{"line":63,"column":17}},"40":{"start":{"line":55,"column":20},"end":{"line":55,"column":92}},"41":{"start":{"line":57,"column":20},"end":{"line":62,"column":87}},"42":{"start":{"line":58,"column":40},"end":{"line":58,"column":112}},"43":{"start":{"line":59,"column":24},"end":{"line":59,"column":86}},"44":{"start":{"line":62,"column":24},"end":{"line":62,"column":87}},"45":{"start":{"line":64,"column":16},"end":{"line":64,"column":22}},"46":{"start":{"line":65,"column":21},"end":{"line":65,"column":90}},"47":{"start":{"line":67,"column":8},"end":{"line":67,"column":20}},"48":{"start":{"line":69,"column":4},"end":{"line":69,"column":18}},"49":{"start":{"line":71,"column":0},"end":{"line":71,"column":40}}},"fnMap":{"0":{"name":"(anonymous_0)","decl":{"start":{"line":1,"column":56},"end":{"line":1,"column":57}},"loc":{"start":{"line":1,"column":71},"end":{"line":3,"column":1}},"line":1},"1":{"name":"(anonymous_1)","decl":{"start":{"line":10,"column":30},"end":{"line":10,"column":31}},"loc":{"start":{"line":10,"column":64},"end":{"line":70,"column":1}},"line":10},"2":{"name":"(anonymous_2)","decl":{"start":{"line":12,"column":35},"end":{"line":12,"column":36}},"loc":{"start":{"line":12,"column":105},"end":{"line":68,"column":5}},"line":12}},"branchMap":{"0":{"loc":{"start":{"line":1,"column":22},"end":{"line":3,"column":1}},"type":"binary-expr","locations":[{"start":{"line":1,"column":23},"end":{"line":1,"column":27}},{"start":{"line":1,"column":31},"end":{"line":1,"column":51}},{"start":{"line":1,"column":56},"end":{"line":3,"column":1}}],"line":1},"1":{"loc":{"start":{"line":2,"column":11},"end":{"line":2,"column":61}},"type":"cond-expr","locations":[{"start":{"line":2,"column":37},"end":{"line":2,"column":40}},{"start":{"line":2,"column":43},"end":{"line":2,"column":61}}],"line":2},"2":{"loc":{"start":{"line":2,"column":12},"end":{"line":2,"column":33}},"type":"binary-expr","locations":[{"start":{"line":2,"column":12},"end":{"line":2,"column":15}},{"start":{"line":2,"column":19},"end":{"line":2,"column":33}}],"line":2},"3":{"loc":{"start":{"line":10,"column":45},"end":{"line":10,"column":59}},"type":"default-arg","locations":[{"start":{"line":10,"column":57},"end":{"line":10,"column":59}}],"line":10},"4":{"loc":{"start":{"line":12,"column":76},"end":{"line":12,"column":88}},"type":"default-arg","locations":[{"start":{"line":12,"column":86},"end":{"line":12,"column":88}}],"line":12},"5":{"loc":{"start":{"line":16,"column":8},"end":{"line":66,"column":9}},"type":"switch","locations":[{"start":{"line":17,"column":12},"end":{"line":17,"column":38}},{"start":{"line":18,"column":12},"end":{"line":36,"column":22}},{"start":{"line":37,"column":12},"end":{"line":50,"column":22}},{"start":{"line":51,"column":12},"end":{"line":64,"column":22}},{"start":{"line":65,"column":12},"end":{"line":65,"column":90}}],"line":16},"6":{"loc":{"start":{"line":19,"column":16},"end":{"line":35,"column":17}},"type":"if","locations":[{"start":{"line":19,"column":16},"end":{"line":35,"column":17}},{"start":{"line":19,"column":16},"end":{"line":35,"column":17}}],"line":19},"7":{"loc":{"start":{"line":19,"column":20},"end":{"line":19,"column":62}},"type":"binary-expr","locations":[{"start":{"line":19,"column":20},"end":{"line":19,"column":29}},{"start":{"line":19,"column":33},"end":{"line":19,"column":62}}],"line":19},"8":{"loc":{"start":{"line":21,"column":20},"end":{"line":24,"column":96}},"type":"if","locations":[{"start":{"line":21,"column":20},"end":{"line":24,"column":96}},{"start":{"line":21,"column":20},"end":{"line":24,"column":96}}],"line":21},"9":{"loc":{"start":{"line":21,"column":24},"end":{"line":21,"column":69}},"type":"binary-expr","locations":[{"start":{"line":21,"column":24},"end":{"line":21,"column":31}},{"start":{"line":21,"column":35},"end":{"line":21,"column":44}},{"start":{"line":21,"column":48},"end":{"line":21,"column":69}}],"line":21},"10":{"loc":{"start":{"line":22,"column":59},"end":{"line":22,"column":105}},"type":"cond-expr","locations":[{"start":{"line":22,"column":71},"end":{"line":22,"column":92}},{"start":{"line":22,"column":95},"end":{"line":22,"column":105}}],"line":22},"11":{"loc":{"start":{"line":27,"column":20},"end":{"line":34,"column":96}},"type":"if","locations":[{"start":{"line":27,"column":20},"end":{"line":34,"column":96}},{"start":{"line":27,"column":20},"end":{"line":34,"column":96}}],"line":27},"12":{"loc":{"start":{"line":31,"column":59},"end":{"line":31,"column":91}},"type":"cond-expr","locations":[{"start":{"line":31,"column":71},"end":{"line":31,"column":85}},{"start":{"line":31,"column":88},"end":{"line":31,"column":91}}],"line":31},"13":{"loc":{"start":{"line":39,"column":16},"end":{"line":49,"column":17}},"type":"if","locations":[{"start":{"line":39,"column":16},"end":{"line":49,"column":17}},{"start":{"line":39,"column":16},"end":{"line":49,"column":17}}],"line":39},"14":{"loc":{"start":{"line":41,"column":21},"end":{"line":49,"column":17}},"type":"if","locations":[{"start":{"line":41,"column":21},"end":{"line":49,"column":17}},{"start":{"line":41,"column":21},"end":{"line":49,"column":17}}],"line":41},"15":{"loc":{"start":{"line":42,"column":20},"end":{"line":43,"column":40}},"type":"if","locations":[{"start":{"line":42,"column":20},"end":{"line":43,"column":40}},{"start":{"line":42,"column":20},"end":{"line":43,"column":40}}],"line":42},"16":{"loc":{"start":{"line":54,"column":16},"end":{"line":63,"column":17}},"type":"if","locations":[{"start":{"line":54,"column":16},"end":{"line":63,"column":17}},{"start":{"line":54,"column":16},"end":{"line":63,"column":17}}],"line":54},"17":{"loc":{"start":{"line":57,"column":20},"end":{"line":62,"column":87}},"type":"if","locations":[{"start":{"line":57,"column":20},"end":{"line":62,"column":87}},{"start":{"line":57,"column":20},"end":{"line":62,"column":87}}],"line":57}},"s":{"0":5,"1":10,"2":5,"3":5,"4":5,"5":5,"6":5,"7":5,"8":5,"9":26,"10":26,"11":76,"12":76,"13":76,"14":76,"15":46,"16":32,"17":32,"18":32,"19":0,"20":14,"21":14,"22":14,"23":14,"24":14,"25":0,"26":46,"27":20,"28":20,"29":1,"30":19,"31":12,"32":0,"33":12,"34":7,"35":7,"36":20,"37":10,"38":10,"39":10,"40":0,"41":10,"42":3,"43":3,"44":7,"45":10,"46":0,"47":76,"48":26,"49":5},"f":{"0":10,"1":26,"2":76},"b":{"0":[5,0,5],"1":[10,0],"2":[10,10],"3":[2],"4":[61],"5":[34,46,20,10,0],"6":[32,14],"7":[46,32],"8":[32,0],"9":[32,18,18],"10":[0,32],"11":[14,0],"12":[0,14],"13":[1,19],"14":[12,7],"15":[0,12],"16":[0,10],"17":[3,7]},"_coverageSchema":"43e27e138ebf9cfc5966b082cf9a028302ed4184","hash":"18f363347eae165e6f8bf03c8e286d97118cc439"}
,"/Volumes/work/github/react-redux-just/lib/connect/create-map-state-to-props/index.js": {"path":"/Volumes/work/github/react-redux-just/lib/connect/create-map-state-to-props/index.js","statementMap":{"0":{"start":{"line":1,"column":22},"end":{"line":3,"column":1}},"1":{"start":{"line":2,"column":4},"end":{"line":2,"column":62}},"2":{"start":{"line":4,"column":0},"end":{"line":4,"column":62}},"3":{"start":{"line":5,"column":16},"end":{"line":5,"column":32}},"4":{"start":{"line":6,"column":18},"end":{"line":6,"column":48}},"5":{"start":{"line":7,"column":36},"end":{"line":7,"column":91}},"6":{"start":{"line":8,"column":36},"end":{"line":8,"column":91}},"7":{"start":{"line":9,"column":20},"end":{"line":9,"column":59}},"8":{"start":{"line":10,"column":22},"end":{"line":17,"column":1}},"9":{"start":{"line":11,"column":14},"end":{"line":11,"column":66}},"10":{"start":{"line":12,"column":4},"end":{"line":12,"column":49}},"11":{"start":{"line":13,"column":4},"end":{"line":16,"column":17}},"12":{"start":{"line":18,"column":0},"end":{"line":36,"column":2}},"13":{"start":{"line":19,"column":18},"end":{"line":19,"column":54}},"14":{"start":{"line":20,"column":52},"end":{"line":20,"column":57}},"15":{"start":{"line":21,"column":4},"end":{"line":24,"column":10}},"16":{"start":{"line":22,"column":8},"end":{"line":24,"column":10}},"17":{"start":{"line":23,"column":88},"end":{"line":23,"column":130}},"18":{"start":{"line":25,"column":20},"end":{"line":25,"column":40}},"19":{"start":{"line":26,"column":4},"end":{"line":34,"column":5}},"20":{"start":{"line":27,"column":8},"end":{"line":33,"column":10}},"21":{"start":{"line":28,"column":38},"end":{"line":28,"column":96}},"22":{"start":{"line":30,"column":32},"end":{"line":30,"column":100}},"23":{"start":{"line":31,"column":16},"end":{"line":31,"column":56}},"24":{"start":{"line":35,"column":4},"end":{"line":35,"column":14}}},"fnMap":{"0":{"name":"(anonymous_0)","decl":{"start":{"line":1,"column":56},"end":{"line":1,"column":57}},"loc":{"start":{"line":1,"column":71},"end":{"line":3,"column":1}},"line":1},"1":{"name":"(anonymous_1)","decl":{"start":{"line":10,"column":22},"end":{"line":10,"column":23}},"loc":{"start":{"line":10,"column":49},"end":{"line":17,"column":1}},"line":10},"2":{"name":"(anonymous_2)","decl":{"start":{"line":18,"column":18},"end":{"line":18,"column":19}},"loc":{"start":{"line":18,"column":48},"end":{"line":36,"column":1}},"line":18},"3":{"name":"(anonymous_3)","decl":{"start":{"line":23,"column":74},"end":{"line":23,"column":75}},"loc":{"start":{"line":23,"column":86},"end":{"line":23,"column":132}},"line":23},"4":{"name":"(anonymous_4)","decl":{"start":{"line":28,"column":29},"end":{"line":28,"column":30}},"loc":{"start":{"line":28,"column":38},"end":{"line":28,"column":96}},"line":28},"5":{"name":"(anonymous_5)","decl":{"start":{"line":29,"column":32},"end":{"line":29,"column":33}},"loc":{"start":{"line":29,"column":67},"end":{"line":32,"column":13}},"line":29}},"branchMap":{"0":{"loc":{"start":{"line":1,"column":22},"end":{"line":3,"column":1}},"type":"binary-expr","locations":[{"start":{"line":1,"column":23},"end":{"line":1,"column":27}},{"start":{"line":1,"column":31},"end":{"line":1,"column":51}},{"start":{"line":1,"column":56},"end":{"line":3,"column":1}}],"line":1},"1":{"loc":{"start":{"line":2,"column":11},"end":{"line":2,"column":61}},"type":"cond-expr","locations":[{"start":{"line":2,"column":37},"end":{"line":2,"column":40}},{"start":{"line":2,"column":43},"end":{"line":2,"column":61}}],"line":2},"2":{"loc":{"start":{"line":2,"column":12},"end":{"line":2,"column":33}},"type":"binary-expr","locations":[{"start":{"line":2,"column":12},"end":{"line":2,"column":15}},{"start":{"line":2,"column":19},"end":{"line":2,"column":33}}],"line":2},"3":{"loc":{"start":{"line":11,"column":14},"end":{"line":11,"column":66}},"type":"cond-expr","locations":[{"start":{"line":11,"column":29},"end":{"line":11,"column":61}},{"start":{"line":11,"column":64},"end":{"line":11,"column":66}}],"line":11},"4":{"loc":{"start":{"line":12,"column":18},"end":{"line":12,"column":48}},"type":"cond-expr","locations":[{"start":{"line":12,"column":32},"end":{"line":12,"column":43}},{"start":{"line":12,"column":46},"end":{"line":12,"column":48}}],"line":12},"5":{"loc":{"start":{"line":21,"column":4},"end":{"line":24,"column":10}},"type":"if","locations":[{"start":{"line":21,"column":4},"end":{"line":24,"column":10}},{"start":{"line":21,"column":4},"end":{"line":24,"column":10}}],"line":21},"6":{"loc":{"start":{"line":23,"column":32},"end":{"line":23,"column":132}},"type":"cond-expr","locations":[{"start":{"line":23,"column":53},"end":{"line":23,"column":71}},{"start":{"line":23,"column":74},"end":{"line":23,"column":132}}],"line":23},"7":{"loc":{"start":{"line":26,"column":4},"end":{"line":34,"column":5}},"type":"if","locations":[{"start":{"line":26,"column":4},"end":{"line":34,"column":5}},{"start":{"line":26,"column":4},"end":{"line":34,"column":5}}],"line":26},"8":{"loc":{"start":{"line":26,"column":8},"end":{"line":26,"column":45}},"type":"binary-expr","locations":[{"start":{"line":26,"column":8},"end":{"line":26,"column":16}},{"start":{"line":26,"column":20},"end":{"line":26,"column":45}}],"line":26}},"s":{"0":4,"1":12,"2":4,"3":4,"4":4,"5":4,"6":4,"7":4,"8":4,"9":11,"10":11,"11":11,"12":4,"13":6,"14":6,"15":6,"16":1,"17":2,"18":5,"19":5,"20":5,"21":24,"22":9,"23":9,"24":0},"f":{"0":12,"1":11,"2":6,"3":2,"4":24,"5":9},"b":{"0":[4,0,4],"1":[12,0],"2":[12,12],"3":[2,9],"4":[9,2],"5":[1,5],"6":[0,1],"7":[5,0],"8":[5,5]},"_coverageSchema":"43e27e138ebf9cfc5966b082cf9a028302ed4184","hash":"191dce257c564b564f90f848c739dc95f9edeb3d"}
,"/Volumes/work/github/react-redux-just/lib/connect/create-map-state-to-props/utils.js": {"path":"/Volumes/work/github/react-redux-just/lib/connect/create-map-state-to-props/utils.js","statementMap":{"0":{"start":{"line":1,"column":22},"end":{"line":3,"column":1}},"1":{"start":{"line":2,"column":4},"end":{"line":2,"column":62}},"2":{"start":{"line":4,"column":0},"end":{"line":4,"column":62}},"3":{"start":{"line":5,"column":0},"end":{"line":5,"column":106}},"4":{"start":{"line":6,"column":24},"end":{"line":6,"column":77}},"5":{"start":{"line":7,"column":19},"end":{"line":7,"column":67}},"6":{"start":{"line":8,"column":22},"end":{"line":8,"column":73}},"7":{"start":{"line":9,"column":25},"end":{"line":9,"column":79}},"8":{"start":{"line":10,"column":19},"end":{"line":10,"column":40}},"9":{"start":{"line":11,"column":17},"end":{"line":33,"column":1}},"10":{"start":{"line":13,"column":8},"end":{"line":17,"column":11}},"11":{"start":{"line":14,"column":12},"end":{"line":15,"column":76}},"12":{"start":{"line":15,"column":16},"end":{"line":15,"column":76}},"13":{"start":{"line":16,"column":12},"end":{"line":16,"column":24}},"14":{"start":{"line":20,"column":22},"end":{"line":20,"column":39}},"15":{"start":{"line":21,"column":8},"end":{"line":21,"column":42}},"16":{"start":{"line":22,"column":8},"end":{"line":23,"column":43}},"17":{"start":{"line":23,"column":12},"end":{"line":23,"column":43}},"18":{"start":{"line":24,"column":8},"end":{"line":24,"column":31}},"19":{"start":{"line":27,"column":85},"end":{"line":27,"column":92}},"20":{"start":{"line":28,"column":8},"end":{"line":28,"column":112}},"21":{"start":{"line":29,"column":8},"end":{"line":29,"column":126}},"22":{"start":{"line":31,"column":35},"end":{"line":31,"column":140}},"23":{"start":{"line":32,"column":34},"end":{"line":32,"column":94}},"24":{"start":{"line":34,"column":0},"end":{"line":70,"column":2}},"25":{"start":{"line":35,"column":4},"end":{"line":69,"column":7}},"26":{"start":{"line":36,"column":25},"end":{"line":36,"column":103}},"27":{"start":{"line":36,"column":47},"end":{"line":36,"column":103}},"28":{"start":{"line":37,"column":8},"end":{"line":68,"column":9}},"29":{"start":{"line":39,"column":16},"end":{"line":39,"column":47}},"30":{"start":{"line":40,"column":16},"end":{"line":40,"column":22}},"31":{"start":{"line":42,"column":16},"end":{"line":45,"column":57}},"32":{"start":{"line":43,"column":20},"end":{"line":43,"column":51}},"33":{"start":{"line":45,"column":20},"end":{"line":45,"column":57}},"34":{"start":{"line":46,"column":16},"end":{"line":46,"column":22}},"35":{"start":{"line":48,"column":36},"end":{"line":48,"column":63}},"36":{"start":{"line":49,"column":16},"end":{"line":62,"column":17}},"37":{"start":{"line":50,"column":20},"end":{"line":53,"column":55}},"38":{"start":{"line":51,"column":24},"end":{"line":51,"column":69}},"39":{"start":{"line":53,"column":24},"end":{"line":53,"column":55}},"40":{"start":{"line":56,"column":20},"end":{"line":61,"column":76}},"41":{"start":{"line":57,"column":24},"end":{"line":58,"column":73}},"42":{"start":{"line":58,"column":28},"end":{"line":58,"column":73}},"43":{"start":{"line":61,"column":24},"end":{"line":61,"column":76}},"44":{"start":{"line":63,"column":16},"end":{"line":63,"column":22}},"45":{"start":{"line":65,"column":16},"end":{"line":65,"column":90}},"46":{"start":{"line":66,"column":16},"end":{"line":66,"column":22}},"47":{"start":{"line":67,"column":21},"end":{"line":67,"column":65}},"48":{"start":{"line":71,"column":0},"end":{"line":98,"column":2}},"49":{"start":{"line":72,"column":20},"end":{"line":72,"column":39}},"50":{"start":{"line":73,"column":19},"end":{"line":73,"column":85}},"51":{"start":{"line":73,"column":49},"end":{"line":73,"column":70}},"52":{"start":{"line":74,"column":4},"end":{"line":75,"column":61}},"53":{"start":{"line":75,"column":8},"end":{"line":75,"column":61}},"54":{"start":{"line":76,"column":21},"end":{"line":76,"column":22}},"55":{"start":{"line":76,"column":31},"end":{"line":76,"column":35}},"56":{"start":{"line":77,"column":4},"end":{"line":81,"column":25}},"57":{"start":{"line":78,"column":8},"end":{"line":81,"column":25}},"58":{"start":{"line":79,"column":12},"end":{"line":79,"column":25}},"59":{"start":{"line":81,"column":12},"end":{"line":81,"column":25}},"60":{"start":{"line":82,"column":4},"end":{"line":83,"column":40}},"61":{"start":{"line":83,"column":8},"end":{"line":83,"column":40}},"62":{"start":{"line":84,"column":24},"end":{"line":84,"column":63}},"63":{"start":{"line":85,"column":4},"end":{"line":86,"column":24}},"64":{"start":{"line":86,"column":8},"end":{"line":86,"column":24}},"65":{"start":{"line":87,"column":24},"end":{"line":87,"column":41}},"66":{"start":{"line":88,"column":4},"end":{"line":89,"column":26}},"67":{"start":{"line":89,"column":8},"end":{"line":89,"column":26}},"68":{"start":{"line":90,"column":4},"end":{"line":91,"column":81}},"69":{"start":{"line":91,"column":8},"end":{"line":91,"column":81}},"70":{"start":{"line":92,"column":29},"end":{"line":92,"column":58}},"71":{"start":{"line":92,"column":78},"end":{"line":92,"column":80}},"72":{"start":{"line":93,"column":4},"end":{"line":95,"column":99}},"73":{"start":{"line":94,"column":8},"end":{"line":95,"column":99}},"74":{"start":{"line":95,"column":12},"end":{"line":95,"column":99}},"75":{"start":{"line":96,"column":4},"end":{"line":96,"column":91}},"76":{"start":{"line":97,"column":4},"end":{"line":97,"column":66}},"77":{"start":{"line":99,"column":0},"end":{"line":107,"column":2}},"78":{"start":{"line":100,"column":4},"end":{"line":106,"column":51}},"79":{"start":{"line":101,"column":8},"end":{"line":101,"column":28}},"80":{"start":{"line":102,"column":8},"end":{"line":103,"column":59}},"81":{"start":{"line":103,"column":12},"end":{"line":103,"column":59}},"82":{"start":{"line":106,"column":8},"end":{"line":106,"column":51}},"83":{"start":{"line":108,"column":0},"end":{"line":112,"column":2}},"84":{"start":{"line":109,"column":4},"end":{"line":110,"column":35}},"85":{"start":{"line":110,"column":8},"end":{"line":110,"column":35}},"86":{"start":{"line":111,"column":4},"end":{"line":111,"column":38}}},"fnMap":{"0":{"name":"(anonymous_0)","decl":{"start":{"line":1,"column":56},"end":{"line":1,"column":57}},"loc":{"start":{"line":1,"column":71},"end":{"line":3,"column":1}},"line":1},"1":{"name":"(anonymous_1)","decl":{"start":{"line":12,"column":9},"end":{"line":12,"column":10}},"loc":{"start":{"line":12,"column":35},"end":{"line":18,"column":5}},"line":12},"2":{"name":"(anonymous_2)","decl":{"start":{"line":13,"column":18},"end":{"line":13,"column":19}},"loc":{"start":{"line":13,"column":29},"end":{"line":17,"column":9}},"line":13},"3":{"name":"(anonymous_3)","decl":{"start":{"line":19,"column":12},"end":{"line":19,"column":13}},"loc":{"start":{"line":19,"column":30},"end":{"line":25,"column":5}},"line":19},"4":{"name":"(anonymous_4)","decl":{"start":{"line":26,"column":13},"end":{"line":26,"column":14}},"loc":{"start":{"line":26,"column":34},"end":{"line":30,"column":5}},"line":26},"5":{"name":"(anonymous_5)","decl":{"start":{"line":31,"column":11},"end":{"line":31,"column":12}},"loc":{"start":{"line":31,"column":35},"end":{"line":31,"column":140}},"line":31},"6":{"name":"(anonymous_6)","decl":{"start":{"line":32,"column":10},"end":{"line":32,"column":11}},"loc":{"start":{"line":32,"column":34},"end":{"line":32,"column":94}},"line":32},"7":{"name":"(anonymous_7)","decl":{"start":{"line":34,"column":26},"end":{"line":34,"column":27}},"loc":{"start":{"line":34,"column":65},"end":{"line":70,"column":1}},"line":34},"8":{"name":"(anonymous_8)","decl":{"start":{"line":35,"column":45},"end":{"line":35,"column":46}},"loc":{"start":{"line":35,"column":87},"end":{"line":69,"column":5}},"line":35},"9":{"name":"(anonymous_9)","decl":{"start":{"line":36,"column":25},"end":{"line":36,"column":26}},"loc":{"start":{"line":36,"column":47},"end":{"line":36,"column":103}},"line":36},"10":{"name":"(anonymous_10)","decl":{"start":{"line":71,"column":22},"end":{"line":71,"column":23}},"loc":{"start":{"line":71,"column":102},"end":{"line":98,"column":1}},"line":71},"11":{"name":"(anonymous_11)","decl":{"start":{"line":73,"column":44},"end":{"line":73,"column":45}},"loc":{"start":{"line":73,"column":49},"end":{"line":73,"column":70}},"line":73},"12":{"name":"(anonymous_12)","decl":{"start":{"line":99,"column":24},"end":{"line":99,"column":25}},"loc":{"start":{"line":99,"column":57},"end":{"line":107,"column":1}},"line":99},"13":{"name":"(anonymous_13)","decl":{"start":{"line":108,"column":27},"end":{"line":108,"column":28}},"loc":{"start":{"line":108,"column":53},"end":{"line":112,"column":1}},"line":108}},"branchMap":{"0":{"loc":{"start":{"line":1,"column":22},"end":{"line":3,"column":1}},"type":"binary-expr","locations":[{"start":{"line":1,"column":23},"end":{"line":1,"column":27}},{"start":{"line":1,"column":31},"end":{"line":1,"column":51}},{"start":{"line":1,"column":56},"end":{"line":3,"column":1}}],"line":1},"1":{"loc":{"start":{"line":2,"column":11},"end":{"line":2,"column":61}},"type":"cond-expr","locations":[{"start":{"line":2,"column":37},"end":{"line":2,"column":40}},{"start":{"line":2,"column":43},"end":{"line":2,"column":61}}],"line":2},"2":{"loc":{"start":{"line":2,"column":12},"end":{"line":2,"column":33}},"type":"binary-expr","locations":[{"start":{"line":2,"column":12},"end":{"line":2,"column":15}},{"start":{"line":2,"column":19},"end":{"line":2,"column":33}}],"line":2},"3":{"loc":{"start":{"line":14,"column":12},"end":{"line":15,"column":76}},"type":"if","locations":[{"start":{"line":14,"column":12},"end":{"line":15,"column":76}},{"start":{"line":14,"column":12},"end":{"line":15,"column":76}}],"line":14},"4":{"loc":{"start":{"line":22,"column":8},"end":{"line":23,"column":43}},"type":"if","locations":[{"start":{"line":22,"column":8},"end":{"line":23,"column":43}},{"start":{"line":22,"column":8},"end":{"line":23,"column":43}}],"line":22},"5":{"loc":{"start":{"line":27,"column":14},"end":{"line":27,"column":44}},"type":"default-arg","locations":[{"start":{"line":27,"column":21},"end":{"line":27,"column":44}}],"line":27},"6":{"loc":{"start":{"line":28,"column":15},"end":{"line":28,"column":111}},"type":"cond-expr","locations":[{"start":{"line":28,"column":23},"end":{"line":28,"column":43}},{"start":{"line":28,"column":46},"end":{"line":28,"column":111}}],"line":28},"7":{"loc":{"start":{"line":28,"column":46},"end":{"line":28,"column":111}},"type":"cond-expr","locations":[{"start":{"line":28,"column":68},"end":{"line":28,"column":88}},{"start":{"line":28,"column":91},"end":{"line":28,"column":111}}],"line":28},"8":{"loc":{"start":{"line":31,"column":54},"end":{"line":31,"column":107}},"type":"cond-expr","locations":[{"start":{"line":31,"column":63},"end":{"line":31,"column":99}},{"start":{"line":31,"column":103},"end":{"line":31,"column":107}}],"line":31},"9":{"loc":{"start":{"line":31,"column":63},"end":{"line":31,"column":99}},"type":"cond-expr","locations":[{"start":{"line":31,"column":90},"end":{"line":31,"column":94}},{"start":{"line":31,"column":97},"end":{"line":31,"column":99}}],"line":31},"10":{"loc":{"start":{"line":31,"column":120},"end":{"line":31,"column":138}},"type":"cond-expr","locations":[{"start":{"line":31,"column":127},"end":{"line":31,"column":131}},{"start":{"line":31,"column":134},"end":{"line":31,"column":138}}],"line":31},"11":{"loc":{"start":{"line":32,"column":34},"end":{"line":32,"column":94}},"type":"cond-expr","locations":[{"start":{"line":32,"column":58},"end":{"line":32,"column":62}},{"start":{"line":32,"column":65},"end":{"line":32,"column":94}}],"line":32},"12":{"loc":{"start":{"line":32,"column":34},"end":{"line":32,"column":55}},"type":"binary-expr","locations":[{"start":{"line":32,"column":34},"end":{"line":32,"column":45}},{"start":{"line":32,"column":49},"end":{"line":32,"column":55}}],"line":32},"13":{"loc":{"start":{"line":34,"column":45},"end":{"line":34,"column":60}},"type":"default-arg","locations":[{"start":{"line":34,"column":58},"end":{"line":34,"column":60}}],"line":34},"14":{"loc":{"start":{"line":37,"column":8},"end":{"line":68,"column":9}},"type":"switch","locations":[{"start":{"line":38,"column":12},"end":{"line":40,"column":22}},{"start":{"line":41,"column":12},"end":{"line":46,"column":22}},{"start":{"line":47,"column":12},"end":{"line":63,"column":22}},{"start":{"line":64,"column":12},"end":{"line":66,"column":22}},{"start":{"line":67,"column":12},"end":{"line":67,"column":65}}],"line":37},"15":{"loc":{"start":{"line":42,"column":16},"end":{"line":45,"column":57}},"type":"if","locations":[{"start":{"line":42,"column":16},"end":{"line":45,"column":57}},{"start":{"line":42,"column":16},"end":{"line":45,"column":57}}],"line":42},"16":{"loc":{"start":{"line":49,"column":16},"end":{"line":62,"column":17}},"type":"if","locations":[{"start":{"line":49,"column":16},"end":{"line":62,"column":17}},{"start":{"line":49,"column":16},"end":{"line":62,"column":17}}],"line":49},"17":{"loc":{"start":{"line":50,"column":20},"end":{"line":53,"column":55}},"type":"if","locations":[{"start":{"line":50,"column":20},"end":{"line":53,"column":55}},{"start":{"line":50,"column":20},"end":{"line":53,"column":55}}],"line":50},"18":{"loc":{"start":{"line":56,"column":20},"end":{"line":61,"column":76}},"type":"if","locations":[{"start":{"line":56,"column":20},"end":{"line":61,"column":76}},{"start":{"line":56,"column":20},"end":{"line":61,"column":76}}],"line":56},"19":{"loc":{"start":{"line":57,"column":24},"end":{"line":58,"column":73}},"type":"if","locations":[{"start":{"line":57,"column":24},"end":{"line":58,"column":73}},{"start":{"line":57,"column":24},"end":{"line":58,"column":73}}],"line":57},"20":{"loc":{"start":{"line":71,"column":37},"end":{"line":71,"column":97}},"type":"default-arg","locations":[{"start":{"line":71,"column":95},"end":{"line":71,"column":97}}],"line":71},"21":{"loc":{"start":{"line":71,"column":39},"end":{"line":71,"column":60}},"type":"default-arg","locations":[{"start":{"line":71,"column":55},"end":{"line":71,"column":60}}],"line":71},"22":{"loc":{"start":{"line":71,"column":71},"end":{"line":71,"column":90}},"type":"default-arg","locations":[{"start":{"line":71,"column":86},"end":{"line":71,"column":90}}],"line":71},"23":{"loc":{"start":{"line":74,"column":4},"end":{"line":75,"column":61}},"type":"if","locations":[{"start":{"line":74,"column":4},"end":{"line":75,"column":61}},{"start":{"line":74,"column":4},"end":{"line":75,"column":61}}],"line":74},"24":{"loc":{"start":{"line":78,"column":8},"end":{"line":81,"column":25}},"type":"if","locations":[{"start":{"line":78,"column":8},"end":{"line":81,"column":25}},{"start":{"line":78,"column":8},"end":{"line":81,"column":25}}],"line":78},"25":{"loc":{"start":{"line":78,"column":12},"end":{"line":78,"column":31}},"type":"binary-expr","locations":[{"start":{"line":78,"column":12},"end":{"line":78,"column":23}},{"start":{"line":78,"column":27},"end":{"line":78,"column":31}}],"line":78},"26":{"loc":{"start":{"line":82,"column":4},"end":{"line":83,"column":40}},"type":"if","locations":[{"start":{"line":82,"column":4},"end":{"line":83,"column":40}},{"start":{"line":82,"column":4},"end":{"line":83,"column":40}}],"line":82},"27":{"loc":{"start":{"line":85,"column":4},"end":{"line":86,"column":24}},"type":"if","locations":[{"start":{"line":85,"column":4},"end":{"line":86,"column":24}},{"start":{"line":85,"column":4},"end":{"line":86,"column":24}}],"line":85},"28":{"loc":{"start":{"line":88,"column":4},"end":{"line":89,"column":26}},"type":"if","locations":[{"start":{"line":88,"column":4},"end":{"line":89,"column":26}},{"start":{"line":88,"column":4},"end":{"line":89,"column":26}}],"line":88},"29":{"loc":{"start":{"line":88,"column":8},"end":{"line":88,"column":47}},"type":"binary-expr","locations":[{"start":{"line":88,"column":8},"end":{"line":88,"column":21}},{"start":{"line":88,"column":25},"end":{"line":88,"column":47}}],"line":88},"30":{"loc":{"start":{"line":90,"column":4},"end":{"line":91,"column":81}},"type":"if","locations":[{"start":{"line":90,"column":4},"end":{"line":91,"column":81}},{"start":{"line":90,"column":4},"end":{"line":91,"column":81}}],"line":90},"31":{"loc":{"start":{"line":91,"column":30},"end":{"line":91,"column":79}},"type":"cond-expr","locations":[{"start":{"line":91,"column":44},"end":{"line":91,"column":45}},{"start":{"line":91,"column":48},"end":{"line":91,"column":79}}],"line":91},"32":{"loc":{"start":{"line":93,"column":4},"end":{"line":95,"column":99}},"type":"if","locations":[{"start":{"line":93,"column":4},"end":{"line":95,"column":99}},{"start":{"line":93,"column":4},"end":{"line":95,"column":99}}],"line":93},"33":{"loc":{"start":{"line":93,"column":8},"end":{"line":93,"column":37}},"type":"binary-expr","locations":[{"start":{"line":93,"column":8},"end":{"line":93,"column":19}},{"start":{"line":93,"column":23},"end":{"line":93,"column":37}}],"line":93},"34":{"loc":{"start":{"line":95,"column":31},"end":{"line":95,"column":98}},"type":"cond-expr","locations":[{"start":{"line":95,"column":56},"end":{"line":95,"column":63}},{"start":{"line":95,"column":66},"end":{"line":95,"column":98}}],"line":95},"35":{"loc":{"start":{"line":96,"column":37},"end":{"line":96,"column":64}},"type":"cond-expr","locations":[{"start":{"line":96,"column":47},"end":{"line":96,"column":54}},{"start":{"line":96,"column":57},"end":{"line":96,"column":64}}],"line":96},"36":{"loc":{"start":{"line":100,"column":4},"end":{"line":106,"column":51}},"type":"if","locations":[{"start":{"line":100,"column":4},"end":{"line":106,"column":51}},{"start":{"line":100,"column":4},"end":{"line":106,"column":51}}],"line":100},"37":{"loc":{"start":{"line":102,"column":8},"end":{"line":103,"column":59}},"type":"if","locations":[{"start":{"line":102,"column":8},"end":{"line":103,"column":59}},{"start":{"line":102,"column":8},"end":{"line":103,"column":59}}],"line":102},"38":{"loc":{"start":{"line":109,"column":4},"end":{"line":110,"column":35}},"type":"if","locations":[{"start":{"line":109,"column":4},"end":{"line":110,"column":35}},{"start":{"line":109,"column":4},"end":{"line":110,"column":35}}],"line":109}},"s":{"0":6,"1":24,"2":6,"3":6,"4":6,"5":6,"6":6,"7":6,"8":6,"9":6,"10":18,"11":31,"12":31,"13":31,"14":40,"15":40,"16":40,"17":20,"18":20,"19":20,"20":20,"21":20,"22":56,"23":23,"24":6,"25":72,"26":130,"27":88,"28":130,"29":25,"30":25,"31":18,"32":0,"33":18,"34":18,"35":71,"36":71,"37":16,"38":0,"39":16,"40":55,"41":20,"42":20,"43":35,"44":71,"45":16,"46":16,"47":0,"48":6,"49":56,"50":56,"51":168,"52":56,"53":33,"54":23,"55":23,"56":23,"57":243,"58":11,"59":232,"60":23,"61":11,"62":23,"63":23,"64":7,"65":23,"66":23,"67":5,"68":23,"69":11,"70":23,"71":23,"72":23,"73":18,"74":24,"75":23,"76":23,"77":6,"78":125,"79":125,"80":125,"81":3,"82":0,"83":6,"84":3,"85":3,"86":3},"f":{"0":24,"1":18,"2":31,"3":40,"4":20,"5":56,"6":23,"7":72,"8":130,"9":88,"10":56,"11":168,"12":125,"13":3},"b":{"0":[6,0,6],"1":[24,0],"2":[24,24],"3":[31,0],"4":[20,20],"5":[20],"6":[20,0],"7":[0,0],"8":[47,9],"9":[45,2],"10":[23,33],"11":[5,18],"12":[23,12],"13":[37],"14":[25,18,71,16,0],"15":[0,18],"16":[16,55],"17":[0,16],"18":[20,35],"19":[20,0],"20":[31],"21":[40],"22":[47],"23":[33,23],"24":[11,232],"25":[243,14],"26":[11,12],"27":[7,16],"28":[5,18],"29":[23,5],"30":[11,12],"31":[0,11],"32":[18,5],"33":[23,16],"34":[18,6],"35":[16,7],"36":[125,0],"37":[3,122],"38":[3,0]},"_coverageSchema":"43e27e138ebf9cfc5966b082cf9a028302ed4184","hash":"40c055f531ec23fc6dde725306a16ed4560c305f"}
,"/Volumes/work/github/react-redux-just/lib/connect/create-map-state-to-props/create-map-dispatch-props/create-callback.js": {"path":"/Volumes/work/github/react-redux-just/lib/connect/create-map-state-to-props/create-map-dispatch-props/create-callback.js","statementMap":{"0":{"start":{"line":1,"column":22},"end":{"line":3,"column":1}},"1":{"start":{"line":2,"column":4},"end":{"line":2,"column":62}},"2":{"start":{"line":4,"column":0},"end":{"line":4,"column":62}},"3":{"start":{"line":5,"column":18},"end":{"line":5,"column":51}},"4":{"start":{"line":6,"column":33},"end":{"line":6,"column":98}},"5":{"start":{"line":7,"column":24},"end":{"line":7,"column":80}},"6":{"start":{"line":8,"column":0},"end":{"line":22,"column":2}},"7":{"start":{"line":8,"column":53},"end":{"line":22,"column":1}},"8":{"start":{"line":9,"column":34},"end":{"line":9,"column":41}},"9":{"start":{"line":10,"column":14},"end":{"line":10,"column":44}},"10":{"start":{"line":11,"column":18},"end":{"line":11,"column":30}},"11":{"start":{"line":12,"column":18},"end":{"line":12,"column":89}},"12":{"start":{"line":13,"column":4},"end":{"line":14,"column":34}},"13":{"start":{"line":14,"column":8},"end":{"line":14,"column":34}},"14":{"start":{"line":15,"column":4},"end":{"line":16,"column":38}},"15":{"start":{"line":16,"column":8},"end":{"line":16,"column":38}},"16":{"start":{"line":17,"column":4},"end":{"line":18,"column":25}},"17":{"start":{"line":18,"column":8},"end":{"line":18,"column":25}},"18":{"start":{"line":19,"column":4},"end":{"line":19,"column":40}},"19":{"start":{"line":20,"column":4},"end":{"line":20,"column":41}},"20":{"start":{"line":21,"column":4},"end":{"line":21,"column":61}}},"fnMap":{"0":{"name":"(anonymous_0)","decl":{"start":{"line":1,"column":56},"end":{"line":1,"column":57}},"loc":{"start":{"line":1,"column":71},"end":{"line":3,"column":1}},"line":1},"1":{"name":"(anonymous_1)","decl":{"start":{"line":8,"column":18},"end":{"line":8,"column":19}},"loc":{"start":{"line":8,"column":53},"end":{"line":22,"column":1}},"line":8},"2":{"name":"(anonymous_2)","decl":{"start":{"line":8,"column":53},"end":{"line":8,"column":54}},"loc":{"start":{"line":8,"column":83},"end":{"line":22,"column":1}},"line":8},"3":{"name":"(anonymous_3)","decl":{"start":{"line":18,"column":15},"end":{"line":18,"column":16}},"loc":{"start":{"line":18,"column":21},"end":{"line":18,"column":24}},"line":18}},"branchMap":{"0":{"loc":{"start":{"line":1,"column":22},"end":{"line":3,"column":1}},"type":"binary-expr","locations":[{"start":{"line":1,"column":23},"end":{"line":1,"column":27}},{"start":{"line":1,"column":31},"end":{"line":1,"column":51}},{"start":{"line":1,"column":56},"end":{"line":3,"column":1}}],"line":1},"1":{"loc":{"start":{"line":2,"column":11},"end":{"line":2,"column":61}},"type":"cond-expr","locations":[{"start":{"line":2,"column":37},"end":{"line":2,"column":40}},{"start":{"line":2,"column":43},"end":{"line":2,"column":61}}],"line":2},"2":{"loc":{"start":{"line":2,"column":12},"end":{"line":2,"column":33}},"type":"binary-expr","locations":[{"start":{"line":2,"column":12},"end":{"line":2,"column":15}},{"start":{"line":2,"column":19},"end":{"line":2,"column":33}}],"line":2},"3":{"loc":{"start":{"line":8,"column":64},"end":{"line":8,"column":78}},"type":"default-arg","locations":[{"start":{"line":8,"column":75},"end":{"line":8,"column":78}}],"line":8},"4":{"loc":{"start":{"line":10,"column":14},"end":{"line":10,"column":44}},"type":"cond-expr","locations":[{"start":{"line":10,"column":25},"end":{"line":10,"column":39}},{"start":{"line":10,"column":42},"end":{"line":10,"column":44}}],"line":10},"5":{"loc":{"start":{"line":13,"column":4},"end":{"line":14,"column":34}},"type":"if","locations":[{"start":{"line":13,"column":4},"end":{"line":14,"column":34}},{"start":{"line":13,"column":4},"end":{"line":14,"column":34}}],"line":13},"6":{"loc":{"start":{"line":15,"column":4},"end":{"line":16,"column":38}},"type":"if","locations":[{"start":{"line":15,"column":4},"end":{"line":16,"column":38}},{"start":{"line":15,"column":4},"end":{"line":16,"column":38}}],"line":15},"7":{"loc":{"start":{"line":17,"column":4},"end":{"line":18,"column":25}},"type":"if","locations":[{"start":{"line":17,"column":4},"end":{"line":18,"column":25}},{"start":{"line":17,"column":4},"end":{"line":18,"column":25}}],"line":17}},"s":{"0":5,"1":10,"2":5,"3":5,"4":5,"5":5,"6":5,"7":31,"8":14,"9":14,"10":14,"11":14,"12":14,"13":2,"14":14,"15":2,"16":14,"17":12,"18":2,"19":2,"20":2},"f":{"0":10,"1":31,"2":14,"3":12},"b":{"0":[5,0,5],"1":[10,0],"2":[10,10],"3":[14],"4":[0,14],"5":[2,12],"6":[2,12],"7":[12,2]},"_coverageSchema":"43e27e138ebf9cfc5966b082cf9a028302ed4184","hash":"985eef637c988ca15873d6ea112267a87424b592"}
,"/Volumes/work/github/react-redux-just/lib/connect/create-map-state-to-props/create-map-dispatch-props/create-name.js": {"path":"/Volumes/work/github/react-redux-just/lib/connect/create-map-state-to-props/create-map-dispatch-props/create-name.js","statementMap":{"0":{"start":{"line":1,"column":22},"end":{"line":3,"column":1}},"1":{"start":{"line":2,"column":4},"end":{"line":2,"column":62}},"2":{"start":{"line":4,"column":0},"end":{"line":4,"column":62}},"3":{"start":{"line":5,"column":24},"end":{"line":5,"column":80}},"4":{"start":{"line":6,"column":0},"end":{"line":15,"column":2}},"5":{"start":{"line":7,"column":17},"end":{"line":7,"column":54}},"6":{"start":{"line":9,"column":20},"end":{"line":9,"column":74}},"7":{"start":{"line":10,"column":8},"end":{"line":10,"column":58}},"8":{"start":{"line":11,"column":20},"end":{"line":11,"column":61}},"9":{"start":{"line":12,"column":8},"end":{"line":12,"column":62}},"10":{"start":{"line":14,"column":22},"end":{"line":14,"column":39}}},"fnMap":{"0":{"name":"(anonymous_0)","decl":{"start":{"line":1,"column":56},"end":{"line":1,"column":57}},"loc":{"start":{"line":1,"column":71},"end":{"line":3,"column":1}},"line":1},"1":{"name":"(anonymous_1)","decl":{"start":{"line":7,"column":9},"end":{"line":7,"column":10}},"loc":{"start":{"line":7,"column":17},"end":{"line":7,"column":54}},"line":7},"2":{"name":"(anonymous_2)","decl":{"start":{"line":8,"column":12},"end":{"line":8,"column":13}},"loc":{"start":{"line":8,"column":84},"end":{"line":13,"column":5}},"line":8},"3":{"name":"(anonymous_3)","decl":{"start":{"line":14,"column":14},"end":{"line":14,"column":15}},"loc":{"start":{"line":14,"column":22},"end":{"line":14,"column":39}},"line":14}},"branchMap":{"0":{"loc":{"start":{"line":1,"column":22},"end":{"line":3,"column":1}},"type":"binary-expr","locations":[{"start":{"line":1,"column":23},"end":{"line":1,"column":27}},{"start":{"line":1,"column":31},"end":{"line":1,"column":51}},{"start":{"line":1,"column":56},"end":{"line":3,"column":1}}],"line":1},"1":{"loc":{"start":{"line":2,"column":11},"end":{"line":2,"column":61}},"type":"cond-expr","locations":[{"start":{"line":2,"column":37},"end":{"line":2,"column":40}},{"start":{"line":2,"column":43},"end":{"line":2,"column":61}}],"line":2},"2":{"loc":{"start":{"line":2,"column":12},"end":{"line":2,"column":33}},"type":"binary-expr","locations":[{"start":{"line":2,"column":12},"end":{"line":2,"column":15}},{"start":{"line":2,"column":19},"end":{"line":2,"column":33}}],"line":2},"3":{"loc":{"start":{"line":8,"column":25},"end":{"line":8,"column":79}},"type":"default-arg","locations":[{"start":{"line":8,"column":77},"end":{"line":8,"column":79}}],"line":8},"4":{"loc":{"start":{"line":8,"column":27},"end":{"line":8,"column":39}},"type":"default-arg","locations":[{"start":{"line":8,"column":35},"end":{"line":8,"column":39}}],"line":8},"5":{"loc":{"start":{"line":8,"column":46},"end":{"line":8,"column":57}},"type":"default-arg","locations":[{"start":{"line":8,"column":53},"end":{"line":8,"column":57}}],"line":8},"6":{"loc":{"start":{"line":8,"column":59},"end":{"line":8,"column":72}},"type":"default-arg","locations":[{"start":{"line":8,"column":68},"end":{"line":8,"column":72}}],"line":8},"7":{"loc":{"start":{"line":9,"column":20},"end":{"line":9,"column":74}},"type":"cond-expr","locations":[{"start":{"line":9,"column":38},"end":{"line":9,"column":67}},{"start":{"line":9,"column":70},"end":{"line":9,"column":74}}],"line":9},"8":{"loc":{"start":{"line":9,"column":21},"end":{"line":9,"column":34}},"type":"binary-expr","locations":[{"start":{"line":9,"column":21},"end":{"line":9,"column":25}},{"start":{"line":9,"column":29},"end":{"line":9,"column":34}}],"line":9},"9":{"loc":{"start":{"line":10,"column":16},"end":{"line":10,"column":57}},"type":"cond-expr","locations":[{"start":{"line":10,"column":23},"end":{"line":10,"column":49}},{"start":{"line":10,"column":52},"end":{"line":10,"column":57}}],"line":10},"10":{"loc":{"start":{"line":10,"column":29},"end":{"line":10,"column":47}},"type":"cond-expr","locations":[{"start":{"line":10,"column":37},"end":{"line":10,"column":42}},{"start":{"line":10,"column":45},"end":{"line":10,"column":47}}],"line":10},"11":{"loc":{"start":{"line":11,"column":20},"end":{"line":11,"column":61}},"type":"cond-expr","locations":[{"start":{"line":11,"column":27},"end":{"line":11,"column":56}},{"start":{"line":11,"column":59},"end":{"line":11,"column":61}}],"line":11},"12":{"loc":{"start":{"line":12,"column":18},"end":{"line":12,"column":36}},"type":"cond-expr","locations":[{"start":{"line":12,"column":26},"end":{"line":12,"column":31}},{"start":{"line":12,"column":34},"end":{"line":12,"column":36}}],"line":12},"13":{"loc":{"start":{"line":12,"column":39},"end":{"line":12,"column":59}},"type":"cond-expr","locations":[{"start":{"line":12,"column":47},"end":{"line":12,"column":52}},{"start":{"line":12,"column":55},"end":{"line":12,"column":59}}],"line":12}},"s":{"0":5,"1":5,"2":5,"3":5,"4":5,"5":31,"6":0,"7":0,"8":0,"9":0,"10":31},"f":{"0":5,"1":31,"2":0,"3":31},"b":{"0":[5,0,5],"1":[5,0],"2":[5,5],"3":[0],"4":[0],"5":[0],"6":[0],"7":[0,0],"8":[0,0],"9":[0,0],"10":[0,0],"11":[0,0],"12":[0,0],"13":[0,0]},"_coverageSchema":"43e27e138ebf9cfc5966b082cf9a028302ed4184","hash":"aca974380850b609b7de9837fb61051c7341dc22"}
,"/Volumes/work/github/react-redux-just/lib/connect/create-map-state-to-props/create-map-dispatch-props/create-state.js": {"path":"/Volumes/work/github/react-redux-just/lib/connect/create-map-state-to-props/create-map-dispatch-props/create-state.js","statementMap":{"0":{"start":{"line":1,"column":0},"end":{"line":1,"column":62}},"1":{"start":{"line":2,"column":18},"end":{"line":2,"column":51}},"2":{"start":{"line":3,"column":0},"end":{"line":40,"column":2}},"3":{"start":{"line":3,"column":76},"end":{"line":3,"column":77}},"4":{"start":{"line":4,"column":24},"end":{"line":29,"column":5}},"5":{"start":{"line":5,"column":22},"end":{"line":5,"column":46}},"6":{"start":{"line":6,"column":21},"end":{"line":6,"column":70}},"7":{"start":{"line":7,"column":20},"end":{"line":7,"column":37}},"8":{"start":{"line":7,"column":46},"end":{"line":7,"column":56}},"9":{"start":{"line":8,"column":8},"end":{"line":9,"column":71}},"10":{"start":{"line":9,"column":12},"end":{"line":9,"column":71}},"11":{"start":{"line":10,"column":8},"end":{"line":11,"column":70}},"12":{"start":{"line":11,"column":12},"end":{"line":11,"column":70}},"13":{"start":{"line":12,"column":8},"end":{"line":13,"column":136}},"14":{"start":{"line":13,"column":12},"end":{"line":13,"column":136}},"15":{"start":{"line":14,"column":18},"end":{"line":14,"column":20}},"16":{"start":{"line":15,"column":8},"end":{"line":21,"column":16}},"17":{"start":{"line":16,"column":12},"end":{"line":19,"column":49}},"18":{"start":{"line":17,"column":16},"end":{"line":17,"column":32}},"19":{"start":{"line":19,"column":16},"end":{"line":19,"column":49}},"20":{"start":{"line":20,"column":12},"end":{"line":20,"column":27}},"21":{"start":{"line":22,"column":8},"end":{"line":23,"column":46}},"22":{"start":{"line":23,"column":12},"end":{"line":23,"column":46}},"23":{"start":{"line":24,"column":8},"end":{"line":25,"column":45}},"24":{"start":{"line":25,"column":12},"end":{"line":25,"column":45}},"25":{"start":{"line":26,"column":8},"end":{"line":27,"column":51}},"26":{"start":{"line":27,"column":12},"end":{"line":27,"column":51}},"27":{"start":{"line":28,"column":8},"end":{"line":28,"column":108}},"28":{"start":{"line":30,"column":4},"end":{"line":32,"column":6}},"29":{"start":{"line":31,"column":8},"end":{"line":31,"column":84}},"30":{"start":{"line":33,"column":4},"end":{"line":35,"column":6}},"31":{"start":{"line":34,"column":8},"end":{"line":34,"column":85}},"32":{"start":{"line":36,"column":4},"end":{"line":38,"column":6}},"33":{"start":{"line":37,"column":8},"end":{"line":37,"column":82}},"34":{"start":{"line":39,"column":4},"end":{"line":39,"column":23}}},"fnMap":{"0":{"name":"(anonymous_0)","decl":{"start":{"line":3,"column":18},"end":{"line":3,"column":19}},"loc":{"start":{"line":3,"column":103},"end":{"line":40,"column":1}},"line":3},"1":{"name":"(anonymous_1)","decl":{"start":{"line":3,"column":71},"end":{"line":3,"column":72}},"loc":{"start":{"line":3,"column":76},"end":{"line":3,"column":77}},"line":3},"2":{"name":"(anonymous_2)","decl":{"start":{"line":4,"column":24},"end":{"line":4,"column":25}},"loc":{"start":{"line":4,"column":143},"end":{"line":29,"column":5}},"line":4},"3":{"name":"(anonymous_3)","decl":{"start":{"line":15,"column":19},"end":{"line":15,"column":20}},"loc":{"start":{"line":15,"column":39},"end":{"line":21,"column":9}},"line":15},"4":{"name":"(anonymous_4)","decl":{"start":{"line":30,"column":34},"end":{"line":30,"column":35}},"loc":{"start":{"line":30,"column":46},"end":{"line":32,"column":5}},"line":30},"5":{"name":"(anonymous_5)","decl":{"start":{"line":33,"column":35},"end":{"line":33,"column":36}},"loc":{"start":{"line":33,"column":47},"end":{"line":35,"column":5}},"line":33},"6":{"name":"(anonymous_6)","decl":{"start":{"line":36,"column":36},"end":{"line":36,"column":37}},"loc":{"start":{"line":36,"column":53},"end":{"line":38,"column":5}},"line":36}},"branchMap":{"0":{"loc":{"start":{"line":3,"column":60},"end":{"line":3,"column":77}},"type":"default-arg","locations":[{"start":{"line":3,"column":71},"end":{"line":3,"column":77}}],"line":3},"1":{"loc":{"start":{"line":4,"column":58},"end":{"line":4,"column":138}},"type":"default-arg","locations":[{"start":{"line":4,"column":136},"end":{"line":4,"column":138}}],"line":4},"2":{"loc":{"start":{"line":4,"column":60},"end":{"line":4,"column":76}},"type":"default-arg","locations":[{"start":{"line":4,"column":71},"end":{"line":4,"column":76}}],"line":4},"3":{"loc":{"start":{"line":4,"column":78},"end":{"line":4,"column":93}},"type":"default-arg","locations":[{"start":{"line":4,"column":88},"end":{"line":4,"column":93}}],"line":4},"4":{"loc":{"start":{"line":4,"column":95},"end":{"line":4,"column":112}},"type":"default-arg","locations":[{"start":{"line":4,"column":107},"end":{"line":4,"column":112}}],"line":4},"5":{"loc":{"start":{"line":4,"column":114},"end":{"line":4,"column":131}},"type":"default-arg","locations":[{"start":{"line":4,"column":127},"end":{"line":4,"column":131}}],"line":4},"6":{"loc":{"start":{"line":6,"column":21},"end":{"line":6,"column":70}},"type":"cond-expr","locations":[{"start":{"line":6,"column":34},"end":{"line":6,"column":60}},{"start":{"line":6,"column":63},"end":{"line":6,"column":70}}],"line":6},"7":{"loc":{"start":{"line":8,"column":8},"end":{"line":9,"column":71}},"type":"if","locations":[{"start":{"line":8,"column":8},"end":{"line":9,"column":71}},{"start":{"line":8,"column":8},"end":{"line":9,"column":71}}],"line":8},"8":{"loc":{"start":{"line":10,"column":8},"end":{"line":11,"column":70}},"type":"if","locations":[{"start":{"line":10,"column":8},"end":{"line":11,"column":70}},{"start":{"line":10,"column":8},"end":{"line":11,"column":70}}],"line":10},"9":{"loc":{"start":{"line":12,"column":8},"end":{"line":13,"column":136}},"type":"if","locations":[{"start":{"line":12,"column":8},"end":{"line":13,"column":136}},{"start":{"line":12,"column":8},"end":{"line":13,"column":136}}],"line":12},"10":{"loc":{"start":{"line":13,"column":90},"end":{"line":13,"column":122}},"type":"cond-expr","locations":[{"start":{"line":13,"column":103},"end":{"line":13,"column":110}},{"start":{"line":13,"column":113},"end":{"line":13,"column":122}}],"line":13},"11":{"loc":{"start":{"line":16,"column":12},"end":{"line":19,"column":49}},"type":"if","locations":[{"start":{"line":16,"column":12},"end":{"line":19,"column":49}},{"start":{"line":16,"column":12},"end":{"line":19,"column":49}}],"line":16},"12":{"loc":{"start":{"line":19,"column":26},"end":{"line":19,"column":48}},"type":"cond-expr","locations":[{"start":{"line":19,"column":36},"end":{"line":19,"column":43}},{"start":{"line":19,"column":46},"end":{"line":19,"column":48}}],"line":19},"13":{"loc":{"start":{"line":22,"column":8},"end":{"line":23,"column":46}},"type":"if","locations":[{"start":{"line":22,"column":8},"end":{"line":23,"column":46}},{"start":{"line":22,"column":8},"end":{"line":23,"column":46}}],"line":22},"14":{"loc":{"start":{"line":24,"column":8},"end":{"line":25,"column":45}},"type":"if","locations":[{"start":{"line":24,"column":8},"end":{"line":25,"column":45}},{"start":{"line":24,"column":8},"end":{"line":25,"column":45}}],"line":24},"15":{"loc":{"start":{"line":26,"column":8},"end":{"line":27,"column":51}},"type":"if","locations":[{"start":{"line":26,"column":8},"end":{"line":27,"column":51}},{"start":{"line":26,"column":8},"end":{"line":27,"column":51}}],"line":26},"16":{"loc":{"start":{"line":28,"column":62},"end":{"line":28,"column":94}},"type":"cond-expr","locations":[{"start":{"line":28,"column":75},"end":{"line":28,"column":82}},{"start":{"line":28,"column":85},"end":{"line":28,"column":94}}],"line":28}},"s":{"0":5,"1":5,"2":5,"3":10,"4":31,"5":13,"6":13,"7":13,"8":13,"9":13,"10":2,"11":11,"12":2,"13":9,"14":2,"15":7,"16":7,"17":10,"18":7,"19":3,"20":10,"21":7,"22":0,"23":7,"24":0,"25":7,"26":0,"27":7,"28":31,"29":2,"30":31,"31":2,"32":31,"33":2,"34":31},"f":{"0":31,"1":10,"2":13,"3":10,"4":2,"5":2,"6":2},"b":{"0":[31],"1":[6],"2":[11],"3":[11],"4":[11],"5":[12],"6":[2,11],"7":[2,11],"8":[2,9],"9":[2,7],"10":[2,0],"11":[7,3],"12":[0,3],"13":[0,7],"14":[0,7],"15":[0,7],"16":[6,1]},"_coverageSchema":"43e27e138ebf9cfc5966b082cf9a028302ed4184","hash":"a3eb334e9256c6aa4683ed57dcba39fa677464a1"}
,"/Volumes/work/github/react-redux-just/lib/connect/create-map-state-to-props/create-map-dispatch-props/index.js": {"path":"/Volumes/work/github/react-redux-just/lib/connect/create-map-state-to-props/create-map-dispatch-props/index.js","statementMap":{"0":{"start":{"line":1,"column":22},"end":{"line":3,"column":1}},"1":{"start":{"line":2,"column":4},"end":{"line":2,"column":62}},"2":{"start":{"line":4,"column":0},"end":{"line":4,"column":62}},"3":{"start":{"line":5,"column":18},"end":{"line":5,"column":51}},"4":{"start":{"line":6,"column":25},"end":{"line":6,"column":82}},"5":{"start":{"line":7,"column":33},"end":{"line":7,"column":98}},"6":{"start":{"line":8,"column":16},"end":{"line":8,"column":35}},"7":{"start":{"line":9,"column":19},"end":{"line":9,"column":41}},"8":{"start":{"line":10,"column":22},"end":{"line":10,"column":63}},"9":{"start":{"line":11,"column":23},"end":{"line":11,"column":65}},"10":{"start":{"line":12,"column":26},"end":{"line":12,"column":71}},"11":{"start":{"line":13,"column":33},"end":{"line":66,"column":1}},"12":{"start":{"line":14,"column":26},"end":{"line":14,"column":82}},"13":{"start":{"line":14,"column":35},"end":{"line":14,"column":81}},"14":{"start":{"line":15,"column":18},"end":{"line":15,"column":20}},"15":{"start":{"line":17,"column":4},"end":{"line":62,"column":7}},"16":{"start":{"line":18,"column":28},"end":{"line":18,"column":40}},"17":{"start":{"line":19,"column":22},"end":{"line":19,"column":39}},"18":{"start":{"line":20,"column":25},"end":{"line":20,"column":41}},"19":{"start":{"line":21,"column":8},"end":{"line":60,"column":9}},"20":{"start":{"line":24,"column":28},"end":{"line":24,"column":32}},"21":{"start":{"line":25,"column":16},"end":{"line":26,"column":52}},"22":{"start":{"line":26,"column":20},"end":{"line":26,"column":52}},"23":{"start":{"line":27,"column":16},"end":{"line":29,"column":17}},"24":{"start":{"line":28,"column":20},"end":{"line":28,"column":116}},"25":{"start":{"line":30,"column":16},"end":{"line":35,"column":17}},"26":{"start":{"line":31,"column":20},"end":{"line":31,"column":61}},"27":{"start":{"line":32,"column":20},"end":{"line":32,"column":71}},"28":{"start":{"line":33,"column":20},"end":{"line":33,"column":146}},"29":{"start":{"line":34,"column":20},"end":{"line":34,"column":142}},"30":{"start":{"line":36,"column":16},"end":{"line":36,"column":22}},"31":{"start":{"line":38,"column":55},"end":{"line":38,"column":92}},"32":{"start":{"line":39,"column":16},"end":{"line":46,"column":17}},"33":{"start":{"line":40,"column":20},"end":{"line":40,"column":92}},"34":{"start":{"line":42,"column":20},"end":{"line":42,"column":73}},"35":{"start":{"line":43,"column":20},"end":{"line":43,"column":83}},"36":{"start":{"line":44,"column":20},"end":{"line":44,"column":156}},"37":{"start":{"line":45,"column":20},"end":{"line":45,"column":163}},"38":{"start":{"line":47,"column":16},"end":{"line":47,"column":22}},"39":{"start":{"line":49,"column":53},"end":{"line":49,"column":114}},"40":{"start":{"line":50,"column":16},"end":{"line":57,"column":17}},"41":{"start":{"line":51,"column":20},"end":{"line":51,"column":92}},"42":{"start":{"line":53,"column":20},"end":{"line":53,"column":65}},"43":{"start":{"line":54,"column":20},"end":{"line":54,"column":75}},"44":{"start":{"line":55,"column":20},"end":{"line":55,"column":135}},"45":{"start":{"line":56,"column":20},"end":{"line":56,"column":142}},"46":{"start":{"line":58,"column":16},"end":{"line":58,"column":22}},"47":{"start":{"line":59,"column":21},"end":{"line":59,"column":90}},"48":{"start":{"line":61,"column":8},"end":{"line":61,"column":20}},"49":{"start":{"line":63,"column":4},"end":{"line":63,"column":88}},"50":{"start":{"line":63,"column":35},"end":{"line":63,"column":87}},"51":{"start":{"line":64,"column":4},"end":{"line":64,"column":113}},"52":{"start":{"line":64,"column":43},"end":{"line":64,"column":112}},"53":{"start":{"line":65,"column":4},"end":{"line":65,"column":19}},"54":{"start":{"line":67,"column":0},"end":{"line":67,"column":43}}},"fnMap":{"0":{"name":"(anonymous_0)","decl":{"start":{"line":1,"column":56},"end":{"line":1,"column":57}},"loc":{"start":{"line":1,"column":71},"end":{"line":3,"column":1}},"line":1},"1":{"name":"(anonymous_1)","decl":{"start":{"line":13,"column":33},"end":{"line":13,"column":34}},"loc":{"start":{"line":13,"column":77},"end":{"line":66,"column":1}},"line":13},"2":{"name":"(anonymous_2)","decl":{"start":{"line":14,"column":26},"end":{"line":14,"column":27}},"loc":{"start":{"line":14,"column":35},"end":{"line":14,"column":81}},"line":14},"3":{"name":"(anonymous_3)","decl":{"start":{"line":17,"column":35},"end":{"line":17,"column":36}},"loc":{"start":{"line":17,"column":119},"end":{"line":62,"column":5}},"line":17},"4":{"name":"(anonymous_4)","decl":{"start":{"line":63,"column":26},"end":{"line":63,"column":27}},"loc":{"start":{"line":63,"column":35},"end":{"line":63,"column":87}},"line":63},"5":{"name":"(anonymous_5)","decl":{"start":{"line":64,"column":35},"end":{"line":64,"column":36}},"loc":{"start":{"line":64,"column":43},"end":{"line":64,"column":112}},"line":64}},"branchMap":{"0":{"loc":{"start":{"line":1,"column":22},"end":{"line":3,"column":1}},"type":"binary-expr","locations":[{"start":{"line":1,"column":23},"end":{"line":1,"column":27}},{"start":{"line":1,"column":31},"end":{"line":1,"column":51}},{"start":{"line":1,"column":56},"end":{"line":3,"column":1}}],"line":1},"1":{"loc":{"start":{"line":2,"column":11},"end":{"line":2,"column":61}},"type":"cond-expr","locations":[{"start":{"line":2,"column":37},"end":{"line":2,"column":40}},{"start":{"line":2,"column":43},"end":{"line":2,"column":61}}],"line":2},"2":{"loc":{"start":{"line":2,"column":12},"end":{"line":2,"column":33}},"type":"binary-expr","locations":[{"start":{"line":2,"column":12},"end":{"line":2,"column":15}},{"start":{"line":2,"column":19},"end":{"line":2,"column":33}}],"line":2},"3":{"loc":{"start":{"line":13,"column":58},"end":{"line":13,"column":72}},"type":"default-arg","locations":[{"start":{"line":13,"column":70},"end":{"line":13,"column":72}}],"line":13},"4":{"loc":{"start":{"line":17,"column":58},"end":{"line":17,"column":75}},"type":"def
[...]
,"/Volumes/work/github/react-redux-just/lib/utils/compose.js": {"path":"/Volumes/work/github/react-redux-just/lib/utils/compose.js","statementMap":{"0":{"start":{"line":1,"column":0},"end":{"line":1,"column":62}},"1":{"start":{"line":2,"column":16},"end":{"line":4,"column":1}},"2":{"start":{"line":2,"column":30},"end":{"line":4,"column":1}},"3":{"start":{"line":3,"column":4},"end":{"line":3,"column":63}},"4":{"start":{"line":3,"column":45},"end":{"line":3,"column":55}},"5":{"start":{"line":5,"column":0},"end":{"line":5,"column":26}}},"fnMap":{"0":{"name":"(anonymous_0)","decl":{"start":{"line":2,"column":16},"end":{"line":2,"column":17}},"loc":{"start":{"line":2,"column":30},"end":{"line":4,"column":1}},"line":2},"1":{"name":"(anonymous_1)","decl":{"start":{"line":2,"column":30},"end":{"line":2,"column":31}},"loc":{"start":{"line":2,"column":38},"end":{"line":4,"column":1}},"line":2},"2":{"name":"(anonymous_2)","decl":{"start":{"line":3,"column":29},"end":{"line":3,"column":30}},"loc":{"start":{"line":3,"column":45},"end":{"line":3,"column":55}},"line":3}},"branchMap":{},"s":{"0":4,"1":4,"2":6,"3":6,"4":12,"5":4},"f":{"0":6,"1":6,"2":12},"b":{},"_coverageSchema":"43e27e138ebf9cfc5966b082cf9a028302ed4184","hash":"2c8261a12161ad79a2bb68aef9e653f22a063064"}
,"/Volumes/work/github/react-redux-just/lib/utils/create-link-address-to.js": {"path":"/Volumes/work/github/react-redux-just/lib/utils/create-link-address-to.js","statementMap":{"0":{"start":{"line":1,"column":22},"end":{"line":3,"column":1}},"1":{"start":{"line":2,"column":4},"end":{"line":2,"column":62}},"2":{"start":{"line":4,"column":0},"end":{"line":4,"column":62}},"3":{"start":{"line":5,"column":19},"end":{"line":5,"column":57}},"4":{"start":{"line":6,"column":0},"end":{"line":28,"column":2}},"5":{"start":{"line":7,"column":14},"end":{"line":7,"column":16}},"6":{"start":{"line":8,"column":17},"end":{"line":8,"column":50}},"7":{"start":{"line":9,"column":18},"end":{"line":9,"column":105}},"8":{"start":{"line":10,"column":17},"end":{"line":10,"column":29}},"9":{"start":{"line":11,"column":18},"end":{"line":11,"column":33}},"10":{"start":{"line":12,"column":4},"end":{"line":13,"column":30}},"11":{"start":{"line":13,"column":8},"end":{"line":13,"column":30}},"12":{"start":{"line":14,"column":18},"end":{"line":23,"column":11}},"13":{"start":{"line":15,"column":8},"end":{"line":22,"column":9}},"14":{"start":{"line":16,"column":12},"end":{"line":16,"column":57}},"15":{"start":{"line":17,"column":12},"end":{"line":17,"column":31}},"16":{"start":{"line":20,"column":12},"end":{"line":20,"column":45}},"17":{"start":{"line":21,"column":12},"end":{"line":21,"column":27}},"18":{"start":{"line":24,"column":4},"end":{"line":27,"column":40}},"19":{"start":{"line":25,"column":8},"end":{"line":25,"column":23}},"20":{"start":{"line":27,"column":8},"end":{"line":27,"column":40}}},"fnMap":{"0":{"name":"(anonymous_0)","decl":{"start":{"line":1,"column":56},"end":{"line":1,"column":57}},"loc":{"start":{"line":1,"column":71},"end":{"line":3,"column":1}},"line":1},"1":{"name":"(anonymous_1)","decl":{"start":{"line":6,"column":18},"end":{"line":6,"column":19}},"loc":{"start":{"line":6,"column":76},"end":{"line":28,"column":1}},"line":6},"2":{"name":"(anonymous_2)","decl":{"start":{"line":14,"column":31},"end":{"line":14,"column":32}},"loc":{"start":{"line":14,"column":51},"end":{"line":23,"column":5}},"line":14}},"branchMap":{"0":{"loc":{"start":{"line":1,"column":22},"end":{"line":3,"column":1}},"type":"binary-expr","locations":[{"start":{"line":1,"column":23},"end":{"line":1,"column":27}},{"start":{"line":1,"column":31},"end":{"line":1,"column":51}},{"start":{"line":1,"column":56},"end":{"line":3,"column":1}}],"line":1},"1":{"loc":{"start":{"line":2,"column":11},"end":{"line":2,"column":61}},"type":"cond-expr","locations":[{"start":{"line":2,"column":37},"end":{"line":2,"column":40}},{"start":{"line":2,"column":43},"end":{"line":2,"column":61}}],"line":2},"2":{"loc":{"start":{"line":2,"column":12},"end":{"line":2,"column":33}},"type":"binary-expr","locations":[{"start":{"line":2,"column":12},"end":{"line":2,"column":15}},{"start":{"line":2,"column":19},"end":{"line":2,"column":33}}],"line":2},"3":{"loc":{"start":{"line":6,"column":41},"end":{"line":6,"column":71}},"type":"default-arg","locations":[{"start":{"line":6,"column":69},"end":{"line":6,"column":71}}],"line":6},"4":{"loc":{"start":{"line":6,"column":43},"end":{"line":6,"column":64}},"type":"default-arg","locations":[{"start":{"line":6,"column":59},"end":{"line":6,"column":64}}],"line":6},"5":{"loc":{"start":{"line":9,"column":18},"end":{"line":9,"column":105}},"type":"cond-expr","locations":[{"start":{"line":9,"column":37},"end":{"line":9,"column":50}},{"start":{"line":9,"column":53},"end":{"line":9,"column":105}}],"line":9},"6":{"loc":{"start":{"line":9,"column":53},"end":{"line":9,"column":105}},"type":"cond-expr","locations":[{"start":{"line":9,"column":73},"end":{"line":9,"column":97}},{"start":{"line":9,"column":100},"end":{"line":9,"column":105}}],"line":9},"7":{"loc":{"start":{"line":12,"column":4},"end":{"line":13,"column":30}},"type":"if","locations":[{"start":{"line":12,"column":4},"end":{"line":13,"column":30}},{"start":{"line":12,"column":4},"end":{"line":13,"column":30}}],"line":12},"8":{"loc":{"start":{"line":12,"column":8},"end":{"line":12,"column":33}},"type":"binary-expr","locations":[{"start":{"line":12,"column":8},"end":{"line":12,"column":16}},{"start":{"line":12,"column":20},"end":{"line":12,"column":33}}],"line":12},"9":{"loc":{"start":{"line":15,"column":8},"end":{"line":22,"column":9}},"type":"if","locations":[{"start":{"line":15,"column":8},"end":{"line":22,"column":9}},{"start":{"line":15,"column":8},"end":{"line":22,"column":9}}],"line":15},"10":{"loc":{"start":{"line":16,"column":26},"end":{"line":16,"column":56}},"type":"cond-expr","locations":[{"start":{"line":16,"column":40},"end":{"line":16,"column":51}},{"start":{"line":16,"column":54},"end":{"line":16,"column":56}}],"line":16},"11":{"loc":{"start":{"line":20,"column":22},"end":{"line":20,"column":44}},"type":"cond-expr","locations":[{"start":{"line":20,"column":32},"end":{"line":20,"column":39}},{"start":{"line":20,"column":42},"end":{"line":20,"column":44}}],"line":20},"12":{"loc":{"start":{"line":24,"column":4},"end":{"line":27,"column":40}},"type":"if","locations":[{"start":{"line":24,"column":4},"end":{"line":27,"column":40}},{"start":{"line":24,"column":4},"end":{"line":27,"column":40}}],"line":24}},"s":{"0":7,"1":7,"2":7,"3":7,"4":7,"5":191,"6":191,"7":191,"8":191,"9":191,"10":191,"11":28,"12":191,"13":406,"14":191,"15":191,"16":215,"17":215,"18":191,"19":159,"20":32},"f":{"0":7,"1":191,"2":406},"b":{"0":[7,0,7],"1":[7,0],"2":[7,7],"3":[159],"4":[159],"5":[10,181],"6":[181,0],"7":[28,163],"8":[191,183],"9":[191,215],"10":[159,32],"11":[146,69],"12":[159,32]},"_coverageSchema":"43e27e138ebf9cfc5966b082cf9a028302ed4184","hash":"3d79b937e4cccd21d762fcc08ca6410a328826a7"}
,"/Volumes/work/github/react-redux-just/lib/utils/first-up-case.js": {"path":"/Volumes/work/github/react-redux-just/lib/utils/first-up-case.js","statementMap":{"0":{"start":{"line":1,"column":0},"end":{"line":1,"column":62}},"1":{"start":{"line":2,"column":0},"end":{"line":2,"column":66}},"2":{"start":{"line":2,"column":25},"end":{"line":2,"column":65}}},"fnMap":{"0":{"name":"(anonymous_0)","decl":{"start":{"line":2,"column":18},"end":{"line":2,"column":19}},"loc":{"start":{"line":2,"column":25},"end":{"line":2,"column":65}},"line":2}},"branchMap":{},"s":{"0":6,"1":6,"2":57},"f":{"0":57},"b":{},"_coverageSchema":"43e27e138ebf9cfc5966b082cf9a028302ed4184","hash":"460c01673b1d64ce80588e85ad42fb1d1a1bbb43"}
,"/Volumes/work/github/react-redux-just/lib/utils/handlers-error.js": {"path":"/Volumes/work/github/react-redux-just/lib/utils/handlers-error.js","statementMap":{"0":{"start":{"line":1,"column":0},"end":{"line":1,"column":62}},"1":{"start":{"line":2,"column":19},"end":{"line":12,"column":1}},"2":{"start":{"line":13,"column":20},"end":{"line":13,"column":87}},"3":{"start":{"line":13,"column":27},"end":{"line":13,"column":87}},"4":{"start":{"line":14,"column":0},"end":{"line":20,"column":2}},"5":{"start":{"line":15,"column":75},"end":{"line":15,"column":82}},"6":{"start":{"line":16,"column":31},"end":{"line":16,"column":34}},"7":{"start":{"line":17,"column":17},"end":{"line":17,"column":136}},"8":{"start":{"line":18,"column":16},"end":{"line":18,"column":35}},"9":{"start":{"line":19,"column":4},"end":{"line":19,"column":176}}},"fnMap":{"0":{"name":"(anonymous_0)","decl":{"start":{"line":13,"column":20},"end":{"line":13,"column":21}},"loc":{"start":{"line":13,"column":27},"end":{"line":13,"column":87}},"line":13},"1":{"name":"(anonymous_1)","decl":{"start":{"line":14,"column":18},"end":{"line":14,"column":19}},"loc":{"start":{"line":14,"column":46},"end":{"line":20,"column":1}},"line":14}},"branchMap":{"0":{"loc":{"start":{"line":13,"column":27},"end":{"line":13,"column":87}},"type":"cond-expr","locations":[{"start":{"line":13,"column":45},"end":{"line":13,"column":60}},{"start":{"line":13,"column":63},"end":{"line":13,"column":87}}],"line":13},"1":{"loc":{"start":{"line":14,"column":33},"end":{"line":14,"column":41}},"type":"default-arg","locations":[{"start":{"line":14,"column":39},"end":{"line":14,"column":41}}],"line":14},"2":{"loc":{"start":{"line":15,"column":12},"end":{"line":15,"column":41}},"type":"default-arg","locations":[{"start":{"line":15,"column":31},"end":{"line":15,"column":41}}],"line":15},"3":{"loc":{"start":{"line":15,"column":43},"end":{"line":15,"column":70}},"type":"default-arg","locations":[{"start":{"line":15,"column":68},"end":{"line":15,"column":70}}],"line":15},"4":{"loc":{"start":{"line":17,"column":17},"end":{"line":17,"column":136}},"type":"cond-expr","locations":[{"start":{"line":17,"column":51},"end":{"line":17,"column":124}},{"start":{"line":17,"column":127},"end":{"line":17,"column":136}}],"line":17},"5":{"loc":{"start":{"line":19,"column":18},"end":{"line":19,"column":73}},"type":"cond-expr","locations":[{"start":{"line":19,"column":52},"end":{"line":19,"column":68}},{"start":{"line":19,"column":71},"end":{"line":19,"column":73}}],"line":19},"6":{"loc":{"start":{"line":19,"column":141},"end":{"line":19,"column":156}},"type":"cond-expr","locations":[{"start":{"line":19,"column":148},"end":{"line":19,"column":151}},{"start":{"line":19,"column":154},"end":{"line":19,"column":156}}],"line":19},"7":{"loc":{"start":{"line":19,"column":164},"end":{"line":19,"column":174}},"type":"cond-expr","locations":[{"start":{"line":19,"column":168},"end":{"line":19,"column":169}},{"start":{"line":19,"column":172},"end":{"line":19,"column":174}}],"line":19}},"s":{"0":8,"1":8,"2":8,"3":9,"4":8,"5":9,"6":9,"7":9,"8":9,"9":9},"f":{"0":9,"1":9},"b":{"0":[9,0],"1":[0],"2":[9],"3":[9],"4":[0,9],"5":[0,9],"6":[0,9],"7":[0,9]},"_coverageSchema":"43e27e138ebf9cfc5966b082cf9a028302ed4184","hash":"782ec249b801a649041bb510323bfed69d536b49"}
,"/Volumes/work/github/react-redux-just/lib/utils/how-type.js": {"path":"/Volumes/work/github/react-redux-just/lib/utils/how-type.js","statementMap":{"0":{"start":{"line":1,"column":0},"end":{"line":1,"column":62}},"1":{"start":{"line":2,"column":0},"end":{"line":6,"column":2}},"2":{"start":{"line":3,"column":18},"end":{"line":3,"column":28}},"3":{"start":{"line":4,"column":18},"end":{"line":4,"column":58}},"4":{"start":{"line":4,"column":69},"end":{"line":4,"column":103}},"5":{"start":{"line":4,"column":114},"end":{"line":4,"column":180}},"6":{"start":{"line":4,"column":189},"end":{"line":4,"column":250}},"7":{"start":{"line":5,"column":4},"end":{"line":5,"column":16}}},"fnMap":{"0":{"name":"(anonymous_0)","decl":{"start":{"line":2,"column":18},"end":{"line":2,"column":19}},"loc":{"start":{"line":2,"column":25},"end":{"line":6,"column":1}},"line":2}},"branchMap":{"0":{"loc":{"start":{"line":4,"column":18},"end":{"line":4,"column":58}},"type":"binary-expr","locations":[{"start":{"line":4,"column":18},"end":{"line":4,"column":36}},{"start":{"line":4,"column":40},"end":{"line":4,"column":58}}],"line":4},"1":{"loc":{"start":{"line":4,"column":69},"end":{"line":4,"column":103}},"type":"binary-expr","locations":[{"start":{"line":4,"column":69},"end":{"line":4,"column":87}},{"start":{"line":4,"column":91},"end":{"line":4,"column":103}}],"line":4},"2":{"loc":{"start":{"line":4,"column":114},"end":{"line":4,"column":180}},"type":"binary-expr","locations":[{"start":{"line":4,"column":114},"end":{"line":4,"column":132}},{"start":{"line":4,"column":136},"end":{"line":4,"column":155}},{"start":{"line":4,"column":159},"end":{"line":4,"column":180}}],"line":4},"3":{"loc":{"start":{"line":4,"column":189},"end":{"line":4,"column":250}},"type":"cond-expr","locations":[{"start":{"line":4,"column":198},"end":{"line":4,"column":204}},{"start":{"line":4,"column":207},"end":{"line":4,"column":250}}],"line":4},"4":{"loc":{"start":{"line":4,"column":207},"end":{"line":4,"column":250}},"type":"cond-expr","locations":[{"start":{"line":4,"column":217},"end":{"line":4,"column":224}},{"start":{"line":4,"column":227},"end":{"line":4,"column":250}}],"line":4},"5":{"loc":{"start":{"line":4,"column":227},"end":{"line":4,"column":250}},"type":"cond-expr","locations":[{"start":{"line":4,"column":236},"end":{"line":4,"column":242}},{"start":{"line":4,"column":245},"end":{"line":4,"column":250}}],"line":4}},"s":{"0":8,"1":8,"2":673,"3":673,"4":673,"5":673,"6":673,"7":673},"f":{"0":673},"b":{"0":[673,264],"1":[673,264],"2":[673,264,0],"3":[2,671],"4":[54,617],"5":[0,617]},"_coverageSchema":"43e27e138ebf9cfc5966b082cf9a028302ed4184","hash":"523b26ae7e17993361ed9f5f49b836406a2730e1"}
,"/Volumes/work/github/react-redux-just/lib/utils/is-valid.js": {"path":"/Volumes/work/github/react-redux-just/lib/utils/is-valid.js","statementMap":{"0":{"start":{"line":1,"column":0},"end":{"line":1,"column":62}},"1":{"start":{"line":2,"column":0},"end":{"line":8,"column":2}},"2":{"start":{"line":3,"column":17},"end":{"line":3,"column":48}},"3":{"start":{"line":4,"column":4},"end":{"line":6,"column":25}},"4":{"start":{"line":4,"column":17},"end":{"line":4,"column":18}},"5":{"start":{"line":5,"column":8},"end":{"line":6,"column":25}},"6":{"start":{"line":6,"column":12},"end":{"line":6,"column":25}},"7":{"start":{"line":7,"column":4},"end":{"line":7,"column":16}}},"fnMap":{"0":{"name":"(anonymous_0)","decl":{"start":{"line":2,"column":18},"end":{"line":2,"column":19}},"loc":{"start":{"line":2,"column":25},"end":{"line":8,"column":1}},"line":2}},"branchMap":{"0":{"loc":{"start":{"line":5,"column":8},"end":{"line":6,"column":25}},"type":"if","locations":[{"start":{"line":5,"column":8},"end":{"line":6,"column":25}},{"start":{"line":5,"column":8},"end":{"line":6,"column":25}}],"line":5}},"s":{"0":6,"1":6,"2":47,"3":47,"4":47,"5":340,"6":2,"7":45},"f":{"0":47},"b":{"0":[2,338]},"_coverageSchema":"43e27e138ebf9cfc5966b082cf9a028302ed4184","hash":"391bff6ad04722064a9c100f53034fbab79859d8"}
,"/Volumes/work/github/react-redux-just/lib/utils/uuid.js": {"path":"/Volumes/work/github/react-redux-just/lib/utils/uuid.js","statementMap":{"0":{"start":{"line":1,"column":0},"end":{"line":1,"column":62}},"1":{"start":{"line":2,"column":0},"end":{"line":2,"column":166}},"2":{"start":{"line":2,"column":24},"end":{"line":2,"column":165}},"3":{"start":{"line":2,"column":90},"end":{"line":2,"column":164}}},"fnMap":{"0":{"name":"(anonymous_0)","decl":{"start":{"line":2,"column":18},"end":{"line":2,"column":19}},"loc":{"start":{"line":2,"column":24},"end":{"line":2,"column":165}},"line":2},"1":{"name":"(anonymous_1)","decl":{"start":{"line":2,"column":80},"end":{"line":2,"column":81}},"loc":{"start":{"line":2,"column":90},"end":{"line":2,"column":164}},"line":2}},"branchMap":{"0":{"loc":{"start":{"line":2,"column":91},"end":{"line":2,"column":150}},"type":"cond-expr","locations":[{"start":{"line":2,"column":104},"end":{"line":2,"column":130}},{"start":{"line":2,"column":135},"end":{"line":2,"column":149}}],"line":2},"1":{"loc":{"start":{"line":2,"column":135},"end":{"line":2,"column":149}},"type":"binary-expr","locations":[{"start":{"line":2,"column":135},"end":{"line":2,"column":142}},{"start":{"line":2,"column":146},"end":{"line":2,"column":149}}],"line":2}},"s":{"0":4,"1":4,"2":6,"3":186},"f":{"0":6,"1":186},"b":{"0":[180,6],"1":[6,0]},"_coverageSchema":"43e27e138ebf9cfc5966b082cf9a028302ed4184","hash":"c44caa039b0836e9daae42483ce1b7872f670d52"}
,"/Volumes/work/github/react-redux-just/lib/utils/walk-object.js": {"path":"/Volumes/work/github/react-redux-just/lib/utils/walk-object.js","statementMap":{"0":{"start":{"line":1,"column":22},"end":{"line":3,"column":1}},"1":{"start":{"line":2,"column":4},"end":{"line":2,"column":62}},"2":{"start":{"line":4,"column":0},"end":{"line":4,"column":62}},"3":{"start":{"line":5,"column":19},"end":{"line":5,"column":57}},"4":{"start":{"line":6,"column":0},"end":{"line":14,"column":2}},"5":{"start":{"line":7,"column":17},"end":{"line":7,"column":43}},"6":{"start":{"line":8,"column":4},"end":{"line":13,"column":7}},"7":{"start":{"line":9,"column":23},"end":{"line":9,"column":75}},"8":{"start":{"line":10,"column":21},"end":{"line":10,"column":48}},"9":{"start":{"line":11,"column":8},"end":{"line":11,"column":55}},"10":{"start":{"line":12,"column":8},"end":{"line":12,"column":20}}},"fnMap":{"0":{"name":"(anonymous_0)","decl":{"start":{"line":1,"column":56},"end":{"line":1,"column":57}},"loc":{"start":{"line":1,"column":71},"end":{"line":3,"column":1}},"line":1},"1":{"name":"(anonymous_1)","decl":{"start":{"line":6,"column":18},"end":{"line":6,"column":19}},"loc":{"start":{"line":6,"column":57},"end":{"line":14,"column":1}},"line":6},"2":{"name":"(anonymous_2)","decl":{"start":{"line":8,"column":31},"end":{"line":8,"column":32}},"loc":{"start":{"line":8,"column":51},"end":{"line":13,"column":5}},"line":8}},"branchMap":{"0":{"loc":{"start":{"line":1,"column":22},"end":{"line":3,"column":1}},"type":"binary-expr","locations":[{"start":{"line":1,"column":23},"end":{"line":1,"column":27}},{"start":{"line":1,"column":31},"end":{"line":1,"column":51}},{"start":{"line":1,"column":56},"end":{"line":3,"column":1}}],"line":1},"1":{"loc":{"start":{"line":2,"column":11},"end":{"line":2,"column":61}},"type":"cond-expr","locations":[{"start":{"line":2,"column":37},"end":{"line":2,"column":40}},{"start":{"line":2,"column":43},"end":{"line":2,"column":61}}],"line":2},"2":{"loc":{"start":{"line":2,"column":12},"end":{"line":2,"column":33}},"type":"binary-expr","locations":[{"start":{"line":2,"column":12},"end":{"line":2,"column":15}},{"start":{"line":2,"column":19},"end":{"line":2,"column":33}}],"line":2},"3":{"loc":{"start":{"line":6,"column":27},"end":{"line":6,"column":42}},"type":"default-arg","locations":[{"start":{"line":6,"column":40},"end":{"line":6,"column":42}}],"line":6},"4":{"loc":{"start":{"line":9,"column":26},"end":{"line":9,"column":67}},"type":"cond-expr","locations":[{"start":{"line":9,"column":46},"end":{"line":9,"column":62}},{"start":{"line":9,"column":65},"end":{"line":9,"column":67}}],"line":9}},"s":{"0":8,"1":8,"2":8,"3":8,"4":8,"5":232,"6":232,"7":294,"8":294,"9":294,"10":294},"f":{"0":8,"1":232,"2":294},"b":{"0":[8,0,8],"1":[8,0],"2":[8,8],"3":[96],"4":[133,161]},"_coverageSchema":"43e27e138ebf9cfc5966b082cf9a028302ed4184","hash":"5ce24cc38cdbf67c73685c39d04ebbd5951f3b81"}
}
