TN:
SF:/Volumes/work/github/react-redux-just/index.js
FN:1,(anonymous_0)
FNF:1
FNH:1
FNDA:8,(anonymous_0)
DA:1,4
DA:2,8
DA:4,4
DA:5,4
DA:6,4
DA:7,4
DA:8,4
DA:9,4
LF:8
LH:8
BRDA:1,0,0,4
BRDA:1,0,1,0
BRDA:1,0,2,4
BRDA:2,1,0,8
BRDA:2,1,1,0
BRDA:2,2,0,8
BRDA:2,2,1,8
BRF:7
BRH:5
end_of_record
TN:
SF:/Volumes/work/github/react-redux-just/lib/components/interim.js
FN:1,(anonymous_0)
FN:7,(anonymous_1)
FN:7,(anonymous_2)
FN:9,(anonymous_3)
FN:11,(anonymous_4)
FN:12,(anonymous_5)
FN:14,(anonymous_6)
FN:15,(anonymous_7)
FN:18,(anonymous_8)
FN:21,(anonymous_9)
FN:30,(anonymous_10)
FN:30,(anonymous_11)
FNF:12
FNH:12
FNDA:8,(anonymous_0)
FNDA:6,(anonymous_1)
FNDA:29,(anonymous_2)
FNDA:11,(anonymous_3)
FNDA:4,(anonymous_4)
FNDA:2,(anonymous_5)
FNDA:2,(anonymous_6)
FNDA:2,(anonymous_7)
FNDA:1,(anonymous_8)
FNDA:1,(anonymous_9)
FNDA:11,(anonymous_10)
FNDA:7,(anonymous_11)
DA:1,4
DA:2,8
DA:4,4
DA:5,4
DA:6,4
DA:7,6
DA:8,29
DA:9,29
DA:10,11
DA:11,11
DA:12,11
DA:13,2
DA:14,2
DA:15,2
DA:16,2
DA:17,2
DA:19,1
DA:20,1
DA:22,1
DA:25,2
DA:26,2
DA:27,2
DA:30,29
DA:31,7
DA:33,29
LF:25
LH:25
BRDA:1,0,0,4
BRDA:1,0,1,0
BRDA:1,0,2,4
BRDA:2,1,0,4
BRDA:2,1,1,4
BRDA:2,2,0,8
BRDA:2,2,1,8
BRDA:7,3,0,22
BRF:8
BRH:7
end_of_record
TN:
SF:/Volumes/work/github/react-redux-just/lib/components/with-service-store.js
FN:1,(anonymous_0)
FN:7,(anonymous_1)
FN:7,(anonymous_2)
FN:8,(anonymous_3)
FN:9,(anonymous_4)
FNF:5
FNH:5
FNDA:4,(anonymous_0)
FNDA:6,(anonymous_1)
FNDA:6,(anonymous_2)
FNDA:11,(anonymous_3)
FNDA:11,(anonymous_4)
DA:1,4
DA:2,4
DA:4,4
DA:5,4
DA:6,4
DA:7,6
DA:8,6
DA:9,11
DA:10,11
DA:14,4
LF:10
LH:10
BRDA:1,0,0,4
BRDA:1,0,1,0
BRDA:1,0,2,4
BRDA:2,1,0,0
BRDA:2,1,1,4
BRDA:2,2,0,4
BRDA:2,2,1,4
BRF:7
BRH:5
end_of_record
TN:
SF:/Volumes/work/github/react-redux-just/lib/connect/index.js
FN:1,(anonymous_0)
FN:14,default_1
FNF:2
FNH:2
FNDA:20,(anonymous_0)
FNDA:6,default_1
DA:1,4
DA:2,20
DA:4,4
DA:5,4
DA:6,4
DA:7,4
DA:8,4
DA:9,4
DA:10,4
DA:11,4
DA:12,4
DA:13,4
DA:15,6
DA:16,6
DA:17,6
DA:23,6
DA:24,6
DA:26,4
LF:18
LH:18
BRDA:1,0,0,4
BRDA:1,0,1,0
BRDA:1,0,2,4
BRDA:2,1,0,20
BRDA:2,1,1,0
BRDA:2,2,0,20
BRDA:2,2,1,20
BRDA:14,3,0,0
BRDA:14,4,0,6
BRDA:15,5,0,6
BRDA:24,6,0,6
BRDA:24,6,1,0
BRF:12
BRH:8
end_of_record
TN:
SF:/Volumes/work/github/react-redux-just/lib/connect/create-map-state-to-props/constant.js
FNF:0
FNH:0
DA:1,6
DA:2,6
DA:3,6
DA:4,6
DA:5,6
DA:6,6
LF:6
LH:6
BRF:0
BRH:0
end_of_record
TN:
SF:/Volumes/work/github/react-redux-just/lib/connect/create-map-state-to-props/converter.js
FN:1,(anonymous_0)
FN:7,(anonymous_1)
FN:15,(anonymous_2)
FN:26,(anonymous_3)
FN:33,(anonymous_4)
FNF:5
FNH:5
FNDA:5,(anonymous_0)
FNDA:9,(anonymous_1)
FNDA:6,(anonymous_2)
FNDA:11,(anonymous_3)
FNDA:3,(anonymous_4)
DA:1,5
DA:2,5
DA:4,5
DA:5,5
DA:6,5
DA:7,5
DA:8,9
DA:9,9
DA:10,9
DA:11,6
DA:12,6
DA:14,3
DA:15,3
DA:16,6
DA:17,3
DA:18,3
DA:21,3
DA:22,6
DA:24,3
DA:26,5
DA:27,11
DA:28,11
DA:30,7
DA:32,1
DA:33,1
DA:34,3
DA:35,2
DA:36,3
DA:37,1
DA:38,3
DA:40,1
DA:42,3
LF:32
LH:32
BRDA:1,0,0,5
BRDA:1,0,1,0
BRDA:1,0,2,5
BRDA:2,1,0,5
BRDA:2,1,1,0
BRDA:2,2,0,5
BRDA:2,2,1,5
BRDA:10,3,0,6
BRDA:10,3,1,3
BRDA:16,4,0,3
BRDA:16,4,1,3
BRDA:21,5,0,0
BRDA:21,5,1,3
BRDA:28,6,0,7
BRDA:28,6,1,1
BRDA:28,6,2,3
BRDA:34,7,0,2
BRDA:34,7,1,1
BRDA:36,8,0,1
BRDA:36,8,1,2
BRF:20
BRH:17
end_of_record
TN:
SF:/Volumes/work/github/react-redux-just/lib/connect/create-map-state-to-props/create-map-state-to-props.js
FN:1,(anonymous_0)
FN:10,(anonymous_1)
FN:12,(anonymous_2)
FNF:3
FNH:3
FNDA:10,(anonymous_0)
FNDA:26,(anonymous_1)
FNDA:76,(anonymous_2)
DA:1,5
DA:2,10
DA:4,5
DA:5,5
DA:6,5
DA:7,5
DA:8,5
DA:9,5
DA:10,5
DA:11,26
DA:12,26
DA:13,76
DA:14,76
DA:15,76
DA:16,76
DA:19,46
DA:20,32
DA:21,32
DA:22,32
DA:24,0
DA:27,14
DA:28,14
DA:29,14
DA:30,14
DA:31,14
DA:34,0
DA:36,46
DA:38,20
DA:39,20
DA:40,1
DA:41,19
DA:42,12
DA:43,0
DA:44,12
DA:47,7
DA:48,7
DA:50,20
DA:52,10
DA:53,10
DA:54,10
DA:55,0
DA:57,10
DA:58,3
DA:59,3
DA:62,7
DA:64,10
DA:65,0
DA:67,76
DA:69,26
DA:71,5
LF:50
LH:45
BRDA:1,0,0,5
BRDA:1,0,1,0
BRDA:1,0,2,5
BRDA:2,1,0,10
BRDA:2,1,1,0
BRDA:2,2,0,10
BRDA:2,2,1,10
BRDA:10,3,0,2
BRDA:12,4,0,61
BRDA:16,5,0,34
BRDA:16,5,1,46
BRDA:16,5,2,20
BRDA:16,5,3,10
BRDA:16,5,4,0
BRDA:19,6,0,32
BRDA:19,6,1,14
BRDA:19,7,0,46
BRDA:19,7,1,32
BRDA:21,8,0,32
BRDA:21,8,1,0
BRDA:21,9,0,32
BRDA:21,9,1,18
BRDA:21,9,2,18
BRDA:22,10,0,0
BRDA:22,10,1,32
BRDA:27,11,0,14
BRDA:27,11,1,0
BRDA:31,12,0,0
BRDA:31,12,1,14
BRDA:39,13,0,1
BRDA:39,13,1,19
BRDA:41,14,0,12
BRDA:41,14,1,7
BRDA:42,15,0,0
BRDA:42,15,1,12
BRDA:54,16,0,0
BRDA:54,16,1,10
BRDA:57,17,0,3
BRDA:57,17,1,7
BRF:39
BRH:30
end_of_record
TN:
SF:/Volumes/work/github/react-redux-just/lib/connect/create-map-state-to-props/index.js
FN:1,(anonymous_0)
FN:10,(anonymous_1)
FN:18,(anonymous_2)
FN:23,(anonymous_3)
FN:28,(anonymous_4)
FN:29,(anonymous_5)
FNF:6
FNH:6
FNDA:12,(anonymous_0)
FNDA:11,(anonymous_1)
FNDA:6,(anonymous_2)
FNDA:2,(anonymous_3)
FNDA:24,(anonymous_4)
FNDA:9,(anonymous_5)
DA:1,4
DA:2,12
DA:4,4
DA:5,4
DA:6,4
DA:7,4
DA:8,4
DA:9,4
DA:10,4
DA:11,11
DA:12,11
DA:13,11
DA:18,4
DA:19,6
DA:20,6
DA:21,6
DA:22,1
DA:23,2
DA:25,5
DA:26,5
DA:27,5
DA:28,24
DA:30,9
DA:31,9
DA:35,0
LF:25
LH:24
BRDA:1,0,0,4
BRDA:1,0,1,0
BRDA:1,0,2,4
BRDA:2,1,0,12
BRDA:2,1,1,0
BRDA:2,2,0,12
BRDA:2,2,1,12
BRDA:11,3,0,2
BRDA:11,3,1,9
BRDA:12,4,0,9
BRDA:12,4,1,2
BRDA:21,5,0,1
BRDA:21,5,1,5
BRDA:23,6,0,0
BRDA:23,6,1,1
BRDA:26,7,0,5
BRDA:26,7,1,0
BRDA:26,8,0,5
BRDA:26,8,1,5
BRF:19
BRH:15
end_of_record
TN:
SF:/Volumes/work/github/react-redux-just/lib/connect/create-map-state-to-props/utils.js
FN:1,(anonymous_0)
FN:12,(anonymous_1)
FN:13,(anonymous_2)
FN:19,(anonymous_3)
FN:26,(anonymous_4)
FN:31,(anonymous_5)
FN:32,(anonymous_6)
FN:34,(anonymous_7)
FN:35,(anonymous_8)
FN:36,(anonymous_9)
FN:71,(anonymous_10)
FN:73,(anonymous_11)
FN:99,(anonymous_12)
FN:108,(anonymous_13)
FNF:14
FNH:14
FNDA:24,(anonymous_0)
FNDA:18,(anonymous_1)
FNDA:31,(anonymous_2)
FNDA:40,(anonymous_3)
FNDA:20,(anonymous_4)
FNDA:56,(anonymous_5)
FNDA:23,(anonymous_6)
FNDA:72,(anonymous_7)
FNDA:130,(anonymous_8)
FNDA:88,(anonymous_9)
FNDA:56,(anonymous_10)
FNDA:168,(anonymous_11)
FNDA:125,(anonymous_12)
FNDA:3,(anonymous_13)
DA:1,6
DA:2,24
DA:4,6
DA:5,6
DA:6,6
DA:7,6
DA:8,6
DA:9,6
DA:10,6
DA:11,6
DA:13,18
DA:14,31
DA:15,31
DA:16,31
DA:20,40
DA:21,40
DA:22,40
DA:23,20
DA:24,20
DA:27,20
DA:28,20
DA:29,20
DA:31,56
DA:32,23
DA:34,6
DA:35,72
DA:36,130
DA:37,130
DA:39,25
DA:40,25
DA:42,18
DA:43,0
DA:45,18
DA:46,18
DA:48,71
DA:49,71
DA:50,16
DA:51,0
DA:53,16
DA:56,55
DA:57,20
DA:58,20
DA:61,35
DA:63,71
DA:65,16
DA:66,16
DA:67,0
DA:71,6
DA:72,56
DA:73,168
DA:74,56
DA:75,33
DA:76,23
DA:77,23
DA:78,243
DA:79,11
DA:81,232
DA:82,23
DA:83,11
DA:84,23
DA:85,23
DA:86,7
DA:87,23
DA:88,23
DA:89,5
DA:90,23
DA:91,11
DA:92,23
DA:93,23
DA:94,18
DA:95,24
DA:96,23
DA:97,23
DA:99,6
DA:100,125
DA:101,125
DA:102,125
DA:103,3
DA:106,0
DA:108,6
DA:109,3
DA:110,3
DA:111,3
LF:83
LH:79
BRDA:1,0,0,6
BRDA:1,0,1,0
BRDA:1,0,2,6
BRDA:2,1,0,24
BRDA:2,1,1,0
BRDA:2,2,0,24
BRDA:2,2,1,24
BRDA:14,3,0,31
BRDA:14,3,1,0
BRDA:22,4,0,20
BRDA:22,4,1,20
BRDA:27,5,0,20
BRDA:28,6,0,20
BRDA:28,6,1,0
BRDA:28,7,0,0
BRDA:28,7,1,0
BRDA:31,8,0,47
BRDA:31,8,1,9
BRDA:31,9,0,45
BRDA:31,9,1,2
BRDA:31,10,0,23
BRDA:31,10,1,33
BRDA:32,11,0,5
BRDA:32,11,1,18
BRDA:32,12,0,23
BRDA:32,12,1,12
BRDA:34,13,0,37
BRDA:37,14,0,25
BRDA:37,14,1,18
BRDA:37,14,2,71
BRDA:37,14,3,16
BRDA:37,14,4,0
BRDA:42,15,0,0
BRDA:42,15,1,18
BRDA:49,16,0,16
BRDA:49,16,1,55
BRDA:50,17,0,0
BRDA:50,17,1,16
BRDA:56,18,0,20
BRDA:56,18,1,35
BRDA:57,19,0,20
BRDA:57,19,1,0
BRDA:71,20,0,31
BRDA:71,21,0,40
BRDA:71,22,0,47
BRDA:74,23,0,33
BRDA:74,23,1,23
BRDA:78,24,0,11
BRDA:78,24,1,232
BRDA:78,25,0,243
BRDA:78,25,1,14
BRDA:82,26,0,11
BRDA:82,26,1,12
BRDA:85,27,0,7
BRDA:85,27,1,16
BRDA:88,28,0,5
BRDA:88,28,1,18
BRDA:88,29,0,23
BRDA:88,29,1,5
BRDA:90,30,0,11
BRDA:90,30,1,12
BRDA:91,31,0,0
BRDA:91,31,1,11
BRDA:93,32,0,18
BRDA:93,32,1,5
BRDA:93,33,0,23
BRDA:93,33,1,16
BRDA:95,34,0,18
BRDA:95,34,1,6
BRDA:96,35,0,16
BRDA:96,35,1,7
BRDA:100,36,0,125
BRDA:100,36,1,0
BRDA:102,37,0,3
BRDA:102,37,1,122
BRDA:109,38,0,3
BRDA:109,38,1,0
BRF:77
BRH:64
end_of_record
TN:
SF:/Volumes/work/github/react-redux-just/lib/connect/create-map-state-to-props/create-map-dispatch-props/create-callback.js
FN:1,(anonymous_0)
FN:8,(anonymous_1)
FN:8,(anonymous_2)
FN:18,(anonymous_3)
FNF:4
FNH:4
FNDA:10,(anonymous_0)
FNDA:31,(anonymous_1)
FNDA:14,(anonymous_2)
FNDA:12,(anonymous_3)
DA:1,5
DA:2,10
DA:4,5
DA:5,5
DA:6,5
DA:7,5
DA:8,31
DA:9,14
DA:10,14
DA:11,14
DA:12,14
DA:13,14
DA:14,2
DA:15,14
DA:16,2
DA:17,14
DA:18,12
DA:19,2
DA:20,2
DA:21,2
LF:20
LH:20
BRDA:1,0,0,5
BRDA:1,0,1,0
BRDA:1,0,2,5
BRDA:2,1,0,10
BRDA:2,1,1,0
BRDA:2,2,0,10
BRDA:2,2,1,10
BRDA:8,3,0,14
BRDA:10,4,0,0
BRDA:10,4,1,14
BRDA:13,5,0,2
BRDA:13,5,1,12
BRDA:15,6,0,2
BRDA:15,6,1,12
BRDA:17,7,0,12
BRDA:17,7,1,2
BRF:16
BRH:13
end_of_record
TN:
SF:/Volumes/work/github/react-redux-just/lib/connect/create-map-state-to-props/create-map-dispatch-props/create-name.js
FN:1,(anonymous_0)
FN:7,(anonymous_1)
FN:8,(anonymous_2)
FN:14,(anonymous_3)
FNF:4
FNH:3
FNDA:5,(anonymous_0)
FNDA:31,(anonymous_1)
FNDA:0,(anonymous_2)
FNDA:31,(anonymous_3)
DA:1,5
DA:2,5
DA:4,5
DA:5,5
DA:6,5
DA:7,31
DA:9,0
DA:10,0
DA:11,0
DA:12,0
DA:14,31
LF:11
LH:7
BRDA:1,0,0,5
BRDA:1,0,1,0
BRDA:1,0,2,5
BRDA:2,1,0,5
BRDA:2,1,1,0
BRDA:2,2,0,5
BRDA:2,2,1,5
BRDA:8,3,0,0
BRDA:8,4,0,0
BRDA:8,5,0,0
BRDA:8,6,0,0
BRDA:9,7,0,0
BRDA:9,7,1,0
BRDA:9,8,0,0
BRDA:9,8,1,0
BRDA:10,9,0,0
BRDA:10,9,1,0
BRDA:10,10,0,0
BRDA:10,10,1,0
BRDA:11,11,0,0
BRDA:11,11,1,0
BRDA:12,12,0,0
BRDA:12,12,1,0
BRDA:12,13,0,0
BRDA:12,13,1,0
BRF:25
BRH:5
end_of_record
TN:
SF:/Volumes/work/github/react-redux-just/lib/connect/create-map-state-to-props/create-map-dispatch-props/create-state.js
FN:3,(anonymous_0)
FN:3,(anonymous_1)
FN:4,(anonymous_2)
FN:15,(anonymous_3)
FN:30,(anonymous_4)
FN:33,(anonymous_5)
FN:36,(anonymous_6)
FNF:7
FNH:7
FNDA:31,(anonymous_0)
FNDA:10,(anonymous_1)
FNDA:13,(anonymous_2)
FNDA:10,(anonymous_3)
FNDA:2,(anonymous_4)
FNDA:2,(anonymous_5)
FNDA:2,(anonymous_6)
DA:1,5
DA:2,5
DA:3,10
DA:4,31
DA:5,13
DA:6,13
DA:7,13
DA:8,13
DA:9,2
DA:10,11
DA:11,2
DA:12,9
DA:13,2
DA:14,7
DA:15,7
DA:16,10
DA:17,7
DA:19,3
DA:20,10
DA:22,7
DA:23,0
DA:24,7
DA:25,0
DA:26,7
DA:27,0
DA:28,7
DA:30,31
DA:31,2
DA:33,31
DA:34,2
DA:36,31
DA:37,2
DA:39,31
LF:33
LH:30
BRDA:3,0,0,31
BRDA:4,1,0,6
BRDA:4,2,0,11
BRDA:4,3,0,11
BRDA:4,4,0,11
BRDA:4,5,0,12
BRDA:6,6,0,2
BRDA:6,6,1,11
BRDA:8,7,0,2
BRDA:8,7,1,11
BRDA:10,8,0,2
BRDA:10,8,1,9
BRDA:12,9,0,2
BRDA:12,9,1,7
BRDA:13,10,0,2
BRDA:13,10,1,0
BRDA:16,11,0,7
BRDA:16,11,1,3
BRDA:19,12,0,0
BRDA:19,12,1,3
BRDA:22,13,0,0
BRDA:22,13,1,7
BRDA:24,14,0,0
BRDA:24,14,1,7
BRDA:26,15,0,0
BRDA:26,15,1,7
BRDA:28,16,0,6
BRDA:28,16,1,1
BRF:28
BRH:23
end_of_record
TN:
SF:/Volumes/work/github/react-redux-just/lib/connect/create-map-state-to-props/create-map-dispatch-props/index.js
FN:1,(anonymous_0)
FN:13,(anonymous_1)
FN:14,(anonymous_2)
FN:17,(anonymous_3)
FN:63,(anonymous_4)
FN:64,(anonymous_5)
FNF:6
FNH:5
FNDA:25,(anonymous_0)
FNDA:11,(anonymous_1)
FNDA:68,(anonymous_2)
FNDA:32,(anonymous_3)
FNDA:0,(anonymous_4)
FNDA:6,(anonymous_5)
DA:1,5
DA:2,25
DA:4,5
DA:5,5
DA:6,5
DA:7,5
DA:8,5
DA:9,5
DA:10,5
DA:11,5
DA:12,5
DA:13,5
DA:14,68
DA:15,11
DA:17,11
DA:18,32
DA:19,32
DA:20,32
DA:21,32
DA:24,15
DA:25,15
DA:26,5
DA:27,15
DA:28,1
DA:30,15
DA:31,15
DA:32,15
DA:33,15
DA:34,15
DA:36,15
DA:38,11
DA:39,11
DA:40,1
DA:42,10
DA:43,10
DA:44,10
DA:45,10
DA:47,11
DA:49,6
DA:50,6
DA:51,0
DA:53,6
DA:54,6
DA:55,6
DA:56,6
DA:58,6
DA:59,0
DA:61,32
DA:63,11
DA:64,11
DA:65,11
DA:67,5
LF:52
LH:50
BRDA:1,0,0,5
BRDA:1,0,1,0
BRDA:1,0,2,5
BRDA:2,1,0,25
BRDA:2,1,1,0
BRDA:2,2,0,25
BRDA:2,2,1,25
BRDA:13,3,0,2
BRDA:17,4,0,27
BRDA:21,5,0,11
BRDA:21,5,1,15
BRDA:21,5,2,11
BRDA:21,5,3,6
BRDA:21,5,4,0
BRDA:25,6,0,5
BRDA:25,6,1,10
BRDA:25,7,0,15
BRDA:25,7,1,5
BRDA:25,7,2,11
BRDA:26,8,0,1
BRDA:26,8,1,4
BRDA:27,9,0,1
BRDA:27,9,1,14
BRDA:28,10,0,1
BRDA:28,10,1,0
BRDA:30,11,0,15
BRDA:30,11,1,0
BRDA:39,12,0,1
BRDA:39,12,1,10
BRDA:50,13,0,0
BRDA:50,13,1,6
BRF:31
BRH:25
end_of_record
TN:
SF:/Volumes/work/github/react-redux-just/lib/store/index.js
FN:1,(anonymous_0)
FNF:1
FNH:1
FNDA:4,(anonymous_0)
DA:1,4
DA:2,4
DA:4,4
DA:5,4
DA:6,4
LF:5
LH:5
BRDA:1,0,0,4
BRDA:1,0,1,0
BRDA:1,0,2,4
BRDA:2,1,0,4
BRDA:2,1,1,0
BRDA:2,2,0,4
BRDA:2,2,1,4
BRF:7
BRH:5
end_of_record
TN:
SF:/Volumes/work/github/react-redux-just/lib/store/provider.js
FN:1,(anonymous_0)
FN:3,(anonymous_1)
FN:4,(anonymous_2)
FN:8,(anonymous_3)
FN:10,(anonymous_4)
FN:13,(anonymous_5)
FN:20,(anonymous_6)
FN:33,(anonymous_7)
FNF:8
FNH:6
FNDA:112,(anonymous_0)
FNDA:4,(anonymous_1)
FNDA:0,(anonymous_2)
FNDA:4,(anonymous_3)
FNDA:0,(anonymous_4)
FNDA:4,(anonymous_5)
FNDA:4,(anonymous_6)
FNDA:11,(anonymous_7)
DA:1,4
DA:2,112
DA:3,112
DA:5,0
DA:6,0
DA:8,4
DA:9,4
DA:11,0
DA:13,4
DA:14,4
DA:15,4
DA:16,112
DA:17,4
DA:18,4
DA:20,4
DA:21,4
DA:23,4
DA:24,4
DA:25,4
DA:26,4
DA:27,4
DA:28,4
DA:29,4
DA:30,4
DA:31,4
DA:32,4
DA:33,4
DA:34,11
DA:35,11
DA:40,4
LF:30
LH:27
BRDA:1,0,0,4
BRDA:1,0,1,0
BRDA:1,0,2,4
BRDA:1,1,0,4
BRDA:1,1,1,0
BRDA:2,2,0,112
BRDA:2,2,1,0
BRDA:5,3,0,0
BRDA:5,3,1,0
BRDA:8,4,0,4
BRDA:8,4,1,0
BRDA:8,4,2,4
BRDA:8,5,0,4
BRDA:8,5,1,0
BRDA:13,6,0,4
BRDA:13,6,1,0
BRDA:13,6,2,4
BRDA:14,7,0,0
BRDA:14,7,1,4
BRDA:14,8,0,4
BRDA:14,8,1,4
BRDA:16,9,0,4
BRDA:16,9,1,0
BRDA:16,10,0,112
BRDA:16,10,1,0
BRDA:16,11,0,112
BRDA:16,11,1,112
BRDA:20,12,0,4
BRDA:20,12,1,0
BRDA:20,12,2,4
BRDA:21,13,0,4
BRDA:21,13,1,0
BRDA:21,14,0,4
BRDA:21,14,1,4
BRDA:33,15,0,1
BRF:35
BRH:22
end_of_record
TN:
SF:/Volumes/work/github/react-redux-just/lib/store/service.js
FNF:0
FNH:0
DA:1,6
DA:2,6
DA:3,6
DA:8,6
DA:9,6
LF:5
LH:5
BRF:0
BRH:0
end_of_record
TN:
SF:/Volumes/work/github/react-redux-just/lib/store/store.js
FN:1,(anonymous_0)
FN:9,(anonymous_1)
FN:9,(anonymous_2)
FN:9,(anonymous_3)
FN:15,(anonymous_4)
FN:20,(anonymous_5)
FNF:6
FNH:6
FNDA:8,(anonymous_0)
FNDA:11,(anonymous_1)
FNDA:11,(anonymous_2)
FNDA:22,(anonymous_3)
FNDA:11,(anonymous_4)
FNDA:11,(anonymous_5)
DA:1,4
DA:2,8
DA:4,4
DA:5,4
DA:6,4
DA:7,4
DA:8,4
DA:9,11
DA:10,22
DA:11,0
DA:12,22
DA:14,4
DA:15,4
DA:16,11
DA:17,0
DA:18,11
DA:20,4
DA:21,11
DA:22,11
DA:24,4
LF:20
LH:18
BRDA:1,0,0,4
BRDA:1,0,1,0
BRDA:1,0,2,4
BRDA:2,1,0,8
BRDA:2,1,1,0
BRDA:2,2,0,8
BRDA:2,2,1,8
BRDA:10,3,0,0
BRDA:10,3,1,22
BRDA:16,4,0,0
BRDA:16,4,1,11
BRDA:18,5,0,0
BRDA:18,5,1,11
BRDA:18,6,0,0
BRDA:18,6,1,0
BRDA:20,7,0,1
BRDA:20,8,0,11
BRDA:21,9,0,11
BRF:18
BRH:11
end_of_record
TN:
SF:/Volumes/work/github/react-redux-just/lib/store/actions/index.js
FN:4,(anonymous_0)
FN:5,(anonymous_1)
FN:6,(anonymous_2)
FN:7,(anonymous_3)
FN:8,(anonymous_4)
FN:9,(anonymous_5)
FN:10,(anonymous_6)
FN:17,(anonymous_7)
FN:25,(anonymous_8)
FN:32,(anonymous_9)
FN:39,(anonymous_10)
FN:47,(anonymous_11)
FNF:12
FNH:12
FNDA:47,(anonymous_0)
FNDA:25,(anonymous_1)
FNDA:21,(anonymous_2)
FNDA:27,(anonymous_3)
FNDA:19,(anonymous_4)
FNDA:17,(anonymous_5)
FNDA:23,(anonymous_6)
FNDA:2,(anonymous_7)
FNDA:2,(anonymous_8)
FNDA:2,(anonymous_9)
FNDA:2,(anonymous_10)
FNDA:6,(anonymous_11)
DA:1,7
DA:2,7
DA:3,7
DA:4,47
DA:5,25
DA:6,21
DA:7,27
DA:8,19
DA:9,17
DA:10,7
DA:11,23
DA:17,7
DA:18,2
DA:25,7
DA:26,2
DA:32,7
DA:33,2
DA:39,7
DA:40,2
DA:47,7
DA:48,6
LF:21
LH:21
BRF:0
BRH:0
end_of_record
TN:
SF:/Volumes/work/github/react-redux-just/lib/store/actions/type.js
FNF:0
FNH:0
DA:1,7
DA:2,7
DA:3,7
DA:4,7
DA:5,7
DA:6,7
DA:7,7
DA:8,7
DA:9,7
DA:10,7
LF:10
LH:10
BRF:0
BRH:0
end_of_record
TN:
SF:/Volumes/work/github/react-redux-just/lib/store/reducer/callbacks.js
FN:1,(anonymous_0)
FN:10,(anonymous_1)
FN:14,(anonymous_2)
FN:15,(anonymous_3)
FN:16,(anonymous_4)
FNF:5
FNH:5
FNDA:12,(anonymous_0)
FNDA:2,(anonymous_1)
FNDA:6,(anonymous_2)
FNDA:3,(anonymous_3)
FNDA:6,(anonymous_4)
DA:1,6
DA:2,12
DA:4,6
DA:5,6
DA:6,6
DA:7,6
DA:8,6
DA:9,6
DA:10,6
DA:11,2
DA:12,2
DA:14,6
DA:15,6
DA:16,3
DA:17,6
DA:18,3
DA:19,3
DA:20,3
DA:21,3
DA:22,3
LF:20
LH:20
BRDA:1,0,0,6
BRDA:1,0,1,0
BRDA:1,0,2,6
BRDA:2,1,0,12
BRDA:2,1,1,0
BRDA:2,2,0,12
BRDA:2,2,1,12
BRDA:17,3,0,3
BRDA:17,3,1,3
BRF:9
BRH:7
end_of_record
TN:
SF:/Volumes/work/github/react-redux-just/lib/store/reducer/index.js
FN:1,(anonymous_0)
FN:14,(anonymous_1)
FN:15,(anonymous_2)
FN:17,(anonymous_3)
FN:28,(anonymous_4)
FN:38,(anonymous_5)
FNF:6
FNH:6
FNDA:30,(anonymous_0)
FNDA:25,(anonymous_1)
FNDA:47,(anonymous_2)
FNDA:10,(anonymous_3)
FNDA:26,(anonymous_4)
FNDA:13,(anonymous_5)
DA:1,6
DA:2,30
DA:4,6
DA:5,6
DA:6,6
DA:7,6
DA:8,6
DA:9,6
DA:10,6
DA:11,6
DA:12,6
DA:13,6
DA:14,6
DA:15,25
DA:16,47
DA:17,47
DA:18,47
DA:19,47
DA:20,47
DA:24,47
DA:25,47
DA:27,22
DA:28,22
DA:29,26
DA:30,26
DA:31,14
DA:32,14
DA:33,10
DA:36,12
DA:37,2
DA:38,13
DA:40,26
DA:42,22
DA:43,15
DA:44,22
DA:49,2
DA:50,1
DA:51,1
DA:54,1
DA:55,2
DA:58,4
DA:59,2
DA:60,2
DA:63,2
DA:64,4
DA:66,2
DA:67,2
DA:69,6
DA:70,6
DA:72,11
DA:76,6
LF:51
LH:51
BRDA:1,0,0,6
BRDA:1,0,1,0
BRDA:1,0,2,6
BRDA:2,1,0,30
BRDA:2,1,1,0
BRDA:2,2,0,30
BRDA:2,2,1,30
BRDA:14,3,0,0
BRDA:15,4,0,11
BRDA:16,5,0,13
BRDA:17,6,0,38
BRDA:25,7,0,22
BRDA:25,7,1,2
BRDA:25,7,2,2
BRDA:25,7,3,4
BRDA:25,7,4,2
BRDA:25,7,5,6
BRDA:25,7,6,11
BRDA:30,8,0,14
BRDA:30,8,1,12
BRDA:32,9,0,10
BRDA:32,9,1,4
BRDA:36,10,0,2
BRDA:36,10,1,10
BRDA:42,11,0,15
BRDA:42,11,1,7
BRDA:49,12,0,1
BRDA:49,12,1,1
BRDA:58,13,0,2
BRDA:58,13,1,2
BRDA:60,14,0,1
BRDA:60,14,1,1
BRDA:63,15,0,1
BRDA:63,15,1,1
BRF:34
BRH:31
end_of_record
TN:
SF:/Volumes/work/github/react-redux-just/lib/store/reducer/storage-options.js
FN:1,(anonymous_0)
FN:12,(anonymous_1)
FN:15,(anonymous_2)
FN:26,(anonymous_3)
FN:28,(anonymous_4)
FN:40,(anonymous_5)
FN:41,(anonymous_6)
FN:42,(anonymous_7)
FN:84,(anonymous_8)
FN:86,(anonymous_9)
FNF:10
FNH:10
FNDA:35,(anonymous_0)
FNDA:1,(anonymous_1)
FNDA:2,(anonymous_2)
FNDA:95,(anonymous_3)
FNDA:94,(anonymous_4)
FNDA:47,(anonymous_5)
FNDA:7,(anonymous_6)
FNDA:7,(anonymous_7)
FNDA:24,(anonymous_8)
FNDA:35,(anonymous_9)
DA:1,7
DA:2,35
DA:4,7
DA:5,7
DA:6,7
DA:7,7
DA:8,7
DA:9,7
DA:10,7
DA:11,7
DA:12,7
DA:13,1
DA:14,1
DA:15,2
DA:16,1
DA:19,0
DA:20,0
DA:21,0
DA:22,0
DA:23,0
DA:26,7
DA:27,95
DA:28,95
DA:29,94
DA:30,7
DA:36,87
DA:37,48
DA:40,7
DA:41,47
DA:42,7
DA:43,7
DA:44,7
DA:45,7
DA:47,7
DA:48,7
DA:49,7
DA:54,7
DA:55,6
DA:56,6
DA:57,6
DA:58,6
DA:59,6
DA:60,0
DA:61,0
DA:64,6
DA:65,6
DA:66,0
DA:67,0
DA:68,0
DA:70,6
DA:71,6
DA:72,6
DA:73,2
DA:75,4
DA:78,1
DA:79,1
DA:83,7
DA:84,24
DA:86,7
DA:87,35
DA:88,35
DA:89,35
DA:90,35
DA:91,35
DA:92,35
DA:97,0
LF:66
LH:55
BRDA:1,0,0,7
BRDA:1,0,1,0
BRDA:1,0,2,7
BRDA:2,1,0,35
BRDA:2,1,1,0
BRDA:2,2,0,35
BRDA:2,2,1,35
BRDA:14,3,0,1
BRDA:14,3,1,0
BRDA:15,4,0,1
BRDA:15,4,1,1
BRDA:20,5,0,0
BRDA:20,5,1,0
BRDA:22,6,0,0
BRDA:22,6,1,0
BRDA:29,7,0,7
BRDA:29,7,1,87
BRDA:36,8,0,48
BRDA:36,8,1,39
BRDA:41,9,0,0
BRDA:41,10,0,0
BRDA:44,11,0,7
BRDA:44,11,1,0
BRDA:47,12,0,3
BRDA:48,13,0,1
BRDA:48,13,1,6
BRDA:51,14,0,4
BRDA:51,14,1,3
BRDA:52,15,0,2
BRDA:52,15,1,5
BRDA:54,16,0,6
BRDA:54,16,1,1
BRDA:54,17,0,7
BRDA:54,17,1,6
BRDA:59,18,0,0
BRDA:59,18,1,6
BRDA:59,19,0,6
BRDA:59,19,1,0
BRDA:60,20,0,0
BRDA:60,20,1,0
BRDA:64,21,0,0
BRDA:64,21,1,6
BRDA:65,22,0,0
BRDA:65,22,1,6
BRDA:65,23,0,6
BRDA:65,23,1,0
BRDA:71,24,0,6
BRDA:71,24,1,0
BRDA:72,25,0,2
BRDA:72,25,1,4
BRDA:88,26,0,35
BRDA:88,26,1,0
BRDA:88,27,0,35
BRDA:88,27,1,0
BRDA:90,28,0,35
BRDA:90,28,1,0
BRDA:91,29,0,35
BRDA:91,29,1,0
BRF:58
BRH:36
end_of_record
TN:
SF:/Volumes/work/github/react-redux-just/lib/store/reducer/utils.js
FN:1,(anonymous_0)
FN:12,(anonymous_1)
FN:13,(anonymous_2)
FN:20,(anonymous_3)
FN:22,(anonymous_4)
FN:32,(anonymous_5)
FN:41,(anonymous_6)
FN:41,(anonymous_7)
FN:42,(anonymous_8)
FN:48,(anonymous_9)
FN:49,(anonymous_10)
FN:56,(anonymous_11)
FN:65,(anonymous_12)
FNF:13
FNH:13
FNDA:24,(anonymous_0)
FNDA:30,(anonymous_1)
FNDA:34,(anonymous_2)
FNDA:16,(anonymous_3)
FNDA:7,(anonymous_4)
FNDA:27,(anonymous_5)
FNDA:29,(anonymous_6)
FNDA:2,(anonymous_7)
FNDA:2,(anonymous_8)
FNDA:13,(anonymous_9)
FNDA:20,(anonymous_10)
FNDA:13,(anonymous_11)
FNDA:13,(anonymous_12)
DA:1,6
DA:2,24
DA:4,6
DA:5,6
DA:6,6
DA:7,6
DA:8,6
DA:9,6
DA:10,6
DA:11,6
DA:12,6
DA:13,30
DA:14,34
DA:15,19
DA:17,15
DA:20,6
DA:21,16
DA:22,7
DA:23,7
DA:24,6
DA:25,6
DA:26,1
DA:28,1
DA:29,1
DA:32,6
DA:33,27
DA:34,7
DA:35,7
DA:36,7
DA:39,20
DA:41,6
DA:42,29
DA:43,29
DA:44,1
DA:45,29
DA:46,29
DA:48,6
DA:49,20
DA:50,13
DA:51,13
DA:52,13
DA:53,10
DA:54,3
DA:56,6
DA:57,13
DA:58,13
DA:59,6
DA:60,6
DA:63,7
DA:65,6
DA:66,13
DA:67,13
DA:68,13
DA:71,0
DA:72,0
LF:55
LH:53
BRDA:1,0,0,6
BRDA:1,0,1,0
BRDA:1,0,2,6
BRDA:2,1,0,24
BRDA:2,1,1,0
BRDA:2,2,0,24
BRDA:2,2,1,24
BRDA:14,3,0,19
BRDA:14,3,1,15
BRDA:21,4,0,7
BRDA:21,4,1,9
BRDA:21,5,0,16
BRDA:21,5,1,8
BRDA:23,6,0,6
BRDA:23,6,1,1
BRDA:24,7,0,4
BRDA:25,8,0,1
BRDA:25,8,1,5
BRDA:25,9,0,6
BRDA:25,9,1,1
BRDA:28,10,0,1
BRDA:28,10,1,0
BRDA:33,11,0,7
BRDA:33,11,1,20
BRDA:41,12,0,2
BRDA:42,13,0,2
BRDA:43,14,0,1
BRDA:43,14,1,28
BRDA:43,15,0,29
BRDA:43,15,1,1
BRDA:49,16,0,10
BRDA:52,17,0,10
BRDA:52,17,1,3
BRDA:58,18,0,6
BRDA:58,18,1,7
BRF:35
BRH:32
end_of_record
TN:
SF:/Volumes/work/github/react-redux-just/lib/utils/check-type.js
FN:2,(anonymous_0)
FNF:1
FNH:1
FNDA:6,(anonymous_0)
DA:1,7
DA:2,7
DA:3,6
DA:5,6
LF:4
LH:4
BRF:0
BRH:0
end_of_record
TN:
SF:/Volumes/work/github/react-redux-just/lib/utils/clear-value.js
FN:1,(anonymous_0)
FN:6,(anonymous_1)
FN:14,(anonymous_2)
FNF:3
FNH:2
FNDA:7,(anonymous_0)
FNDA:10,(anonymous_1)
FNDA:0,(anonymous_2)
DA:1,7
DA:2,7
DA:4,7
DA:5,7
DA:6,7
DA:7,10
DA:8,10
DA:9,1
DA:10,1
DA:11,1
DA:12,1
DA:13,3
DA:14,1
DA:15,1
DA:17,1
LF:15
LH:15
BRDA:1,0,0,7
BRDA:1,0,1,0
BRDA:1,0,2,7
BRDA:2,1,0,7
BRDA:2,1,1,0
BRDA:2,2,0,7
BRDA:2,2,1,7
BRDA:8,3,0,1
BRDA:8,3,1,1
BRDA:8,3,2,1
BRDA:8,3,3,1
BRDA:8,3,4,3
BRDA:8,3,5,1
BRDA:8,3,6,1
BRDA:8,3,7,1
BRF:15
BRH:13
end_of_record
TN:
SF:/Volumes/work/github/react-redux-just/lib/utils/compare-array.js
FN:2,(anonymous_0)
FN:2,(anonymous_1)
FNF:2
FNH:2
FNDA:16,(anonymous_0)
FNDA:20,(anonymous_1)
DA:1,6
DA:2,20
LF:2
LH:2
BRDA:2,0,0,0
BRDA:2,1,0,0
BRDA:2,2,0,16
BRDA:2,2,1,13
BRF:4
BRH:2
end_of_record
TN:
SF:/Volumes/work/github/react-redux-just/lib/utils/comparison-variables.js
FN:1,(anonymous_0)
FN:8,(anonymous_1)
FNF:2
FNH:2
FNDA:6,(anonymous_0)
FNDA:53,(anonymous_1)
DA:1,6
DA:2,6
DA:4,6
DA:5,6
DA:6,6
DA:7,6
DA:8,6
DA:9,53
DA:10,53
DA:11,53
DA:12,53
DA:13,7
DA:14,46
DA:15,24
DA:16,22
DA:17,1
DA:18,21
LF:17
LH:17
BRDA:1,0,0,6
BRDA:1,0,1,0
BRDA:1,0,2,6
BRDA:2,1,0,6
BRDA:2,1,1,0
BRDA:2,2,0,6
BRDA:2,2,1,6
BRDA:11,3,0,53
BRDA:11,3,1,47
BRDA:12,4,0,7
BRDA:12,4,1,46
BRDA:12,5,0,53
BRDA:12,5,1,7
BRDA:12,5,2,3
BRDA:14,6,0,24
BRDA:14,6,1,22
BRDA:16,7,0,1
BRDA:16,7,1,21
BRDA:16,8,0,22
BRDA:16,8,1,11
BRF:20
BRH:18
end_of_record
TN:
SF:/Volumes/work/github/react-redux-just/lib/utils/compose.js
FN:2,(anonymous_0)
FN:2,(anonymous_1)
FN:3,(anonymous_2)
FNF:3
FNH:3
FNDA:6,(anonymous_0)
FNDA:6,(anonymous_1)
FNDA:12,(anonymous_2)
DA:1,4
DA:2,6
DA:3,12
DA:5,4
LF:4
LH:4
BRF:0
BRH:0
end_of_record
TN:
SF:/Volumes/work/github/react-redux-just/lib/utils/create-link-address-to.js
FN:1,(anonymous_0)
FN:6,(anonymous_1)
FN:14,(anonymous_2)
FNF:3
FNH:3
FNDA:7,(anonymous_0)
FNDA:191,(anonymous_1)
FNDA:406,(anonymous_2)
DA:1,7
DA:2,7
DA:4,7
DA:5,7
DA:6,7
DA:7,191
DA:8,191
DA:9,191
DA:10,191
DA:11,191
DA:12,191
DA:13,28
DA:14,191
DA:15,406
DA:16,191
DA:17,191
DA:20,215
DA:21,215
DA:24,191
DA:25,159
DA:27,32
LF:21
LH:21
BRDA:1,0,0,7
BRDA:1,0,1,0
BRDA:1,0,2,7
BRDA:2,1,0,7
BRDA:2,1,1,0
BRDA:2,2,0,7
BRDA:2,2,1,7
BRDA:6,3,0,159
BRDA:6,4,0,159
BRDA:9,5,0,10
BRDA:9,5,1,181
BRDA:9,6,0,181
BRDA:9,6,1,0
BRDA:12,7,0,28
BRDA:12,7,1,163
BRDA:12,8,0,191
BRDA:12,8,1,183
BRDA:15,9,0,191
BRDA:15,9,1,215
BRDA:16,10,0,159
BRDA:16,10,1,32
BRDA:20,11,0,146
BRDA:20,11,1,69
BRDA:24,12,0,159
BRDA:24,12,1,32
BRF:25
BRH:22
end_of_record
TN:
SF:/Volumes/work/github/react-redux-just/lib/utils/first-up-case.js
FN:2,(anonymous_0)
FNF:1
FNH:1
FNDA:57,(anonymous_0)
DA:1,6
DA:2,57
LF:2
LH:2
BRF:0
BRH:0
end_of_record
TN:
SF:/Volumes/work/github/react-redux-just/lib/utils/handlers-error.js
FN:13,(anonymous_0)
FN:14,(anonymous_1)
FNF:2
FNH:2
FNDA:9,(anonymous_0)
FNDA:9,(anonymous_1)
DA:1,8
DA:2,8
DA:13,9
DA:14,8
DA:15,9
DA:16,9
DA:17,9
DA:18,9
DA:19,9
LF:9
LH:9
BRDA:13,0,0,9
BRDA:13,0,1,0
BRDA:14,1,0,0
BRDA:15,2,0,9
BRDA:15,3,0,9
BRDA:17,4,0,0
BRDA:17,4,1,9
BRDA:19,5,0,0
BRDA:19,5,1,9
BRDA:19,6,0,0
BRDA:19,6,1,9
BRDA:19,7,0,0
BRDA:19,7,1,9
BRF:13
BRH:7
end_of_record
TN:
SF:/Volumes/work/github/react-redux-just/lib/utils/how-type.js
FN:2,(anonymous_0)
FNF:1
FNH:1
FNDA:673,(anonymous_0)
DA:1,8
DA:2,8
DA:3,673
DA:4,673
DA:5,673
LF:5
LH:5
BRDA:4,0,0,673
BRDA:4,0,1,264
BRDA:4,1,0,673
BRDA:4,1,1,264
BRDA:4,2,0,673
BRDA:4,2,1,264
BRDA:4,2,2,0
BRDA:4,3,0,2
BRDA:4,3,1,671
BRDA:4,4,0,54
BRDA:4,4,1,617
BRDA:4,5,0,0
BRDA:4,5,1,617
BRF:13
BRH:11
end_of_record
TN:
SF:/Volumes/work/github/react-redux-just/lib/utils/is-valid.js
FN:2,(anonymous_0)
FNF:1
FNH:1
FNDA:47,(anonymous_0)
DA:1,6
DA:2,6
DA:3,47
DA:4,47
DA:5,340
DA:6,2
DA:7,45
LF:7
LH:7
BRDA:5,0,0,2
BRDA:5,0,1,338
BRF:2
BRH:2
end_of_record
TN:
SF:/Volumes/work/github/react-redux-just/lib/utils/uuid.js
FN:2,(anonymous_0)
FN:2,(anonymous_1)
FNF:2
FNH:2
FNDA:6,(anonymous_0)
FNDA:186,(anonymous_1)
DA:1,4
DA:2,186
LF:2
LH:2
BRDA:2,0,0,180
BRDA:2,0,1,6
BRDA:2,1,0,6
BRDA:2,1,1,0
BRF:4
BRH:3
end_of_record
TN:
SF:/Volumes/work/github/react-redux-just/lib/utils/walk-object.js
FN:1,(anonymous_0)
FN:6,(anonymous_1)
FN:8,(anonymous_2)
FNF:3
FNH:3
FNDA:8,(anonymous_0)
FNDA:232,(anonymous_1)
FNDA:294,(anonymous_2)
DA:1,8
DA:2,8
DA:4,8
DA:5,8
DA:6,8
DA:7,232
DA:8,232
DA:9,294
DA:10,294
DA:11,294
DA:12,294
LF:11
LH:11
BRDA:1,0,0,8
BRDA:1,0,1,0
BRDA:1,0,2,8
BRDA:2,1,0,8
BRDA:2,1,1,0
BRDA:2,2,0,8
BRDA:2,2,1,8
BRDA:6,3,0,96
BRDA:9,4,0,133
BRDA:9,4,1,161
BRF:10
BRH:8
end_of_record
